[ 2015-06-22T13:27:56+08:00 ] ::1 /1977hs/
INFO: [ app_init ] --START--
INFO: Run Behavior\BuildLiteBehavior [ RunTime:0.000013s ]
INFO: [ app_init ] --END-- [ RunTime:0.000056s ]
INFO: [ app_begin ] --START--
INFO: Run Behavior\ReadHtmlCacheBehavior [ RunTime:0.000366s ]
INFO: [ app_begin ] --END-- [ RunTime:0.000442s ]
SQL: SHOW COLUMNS FROM `hs_visitor` [ RunTime:0.0201s ]
SQL: INSERT INTO `hs_visitor` (`ip`,`country`,`area`,`created_time`) VALUES ('0.0.0.0','IANA保留地址','','2015-06-22 13:27:56') [ RunTime:0.0261s ]
SQL: SHOW COLUMNS FROM `hs_scroll` [ RunTime:0.0197s ]
SQL: SELECT `id`,`pic_adr` FROM `hs_scroll` WHERE `leftOrRight` = 1 ORDER BY sort  [ RunTime:0.0004s ]
SQL: SELECT `id`,`pic_adr` FROM `hs_scroll` WHERE `leftOrRight` = 2 ORDER BY sort  [ RunTime:0.0003s ]
SQL: SHOW COLUMNS FROM `hs_friend` [ RunTime:0.0149s ]
SQL: SELECT `name`,`url` FROM `hs_friend`  [ RunTime:0.0003s ]
SQL: SHOW COLUMNS FROM `hs_webinfo` [ RunTime:0.0011s ]
SQL: SELECT `content` FROM `hs_webinfo` WHERE `type` = 'PHONE' LIMIT 1   [ RunTime:0.0002s ]
SQL: SELECT `content` FROM `hs_webinfo` WHERE `type` = 'BEIAN' LIMIT 1   [ RunTime:0.0002s ]
SQL: SELECT `content` FROM `hs_webinfo` WHERE `type` = 'BANQUAN' LIMIT 1   [ RunTime:0.0002s ]
SQL: SELECT `content` FROM `hs_webinfo` WHERE `type` = 'ADDRESS' LIMIT 1   [ RunTime:0.0002s ]
INFO: [ view_parse ] --START--
INFO: [ template_filter ] --START--
INFO: Run Behavior\ContentReplaceBehavior [ RunTime:0.000040s ]
INFO: [ template_filter ] --END-- [ RunTime:0.000094s ]
INFO: Run Behavior\ParseTemplateBehavior [ RunTime:0.038305s ]
INFO: [ view_parse ] --END-- [ RunTime:0.038355s ]
INFO: [ view_filter ] --START--
INFO: Run Behavior\WriteHtmlCacheBehavior [ RunTime:0.000146s ]
INFO: [ view_filter ] --END-- [ RunTime:0.000181s ]
INFO: [ app_end ] --START--
INFO: Run Behavior\ShowPageTraceBehavior [ RunTime:0.000517s ]
INFO: [ app_end ] --END-- [ RunTime:0.000600s ]

[ 2015-06-22T13:27:58+08:00 ] ::1 /1977hs/index.php/Strength/index.html
INFO: [ app_init ] --START--
INFO: Run Behavior\BuildLiteBehavior [ RunTime:0.000011s ]
INFO: [ app_init ] --END-- [ RunTime:0.000060s ]
INFO: [ app_begin ] --START--
INFO: Run Behavior\ReadHtmlCacheBehavior [ RunTime:0.000310s ]
INFO: [ app_begin ] --END-- [ RunTime:0.000352s ]
SQL: SHOW COLUMNS FROM `hs_teacher` [ RunTime:0.0254s ]
NOTIC: [8] Use of undefined constant ture - assumed 'ture' /Applications/XAMPP/xamppfiles/htdocs/1977hs/Index/Home/Controller/StrengthController.class.php 第 8 行.
SQL: SELECT `id`,`name`,`position`,`pic_adr`,`content` FROM `hs_teacher` ORDER BY sort  [ RunTime:0.0005s ]
SQL: SHOW COLUMNS FROM `hs_picture` [ RunTime:0.0015s ]
NOTIC: [8] Use of undefined constant ture - assumed 'ture' /Applications/XAMPP/xamppfiles/htdocs/1977hs/Index/Home/Controller/StrengthController.class.php 第 11 行.
SQL: SELECT `id`,`pic_adr` FROM `hs_picture` WHERE `type` = 'ACHIEVEMENT' LIMIT 1   [ RunTime:0.0004s ]
SQL: SHOW COLUMNS FROM `hs_achievement` [ RunTime:0.0094s ]
NOTIC: [8] Use of undefined constant ture - assumed 'ture' /Applications/XAMPP/xamppfiles/htdocs/1977hs/Index/Home/Controller/StrengthController.class.php 第 14 行.
SQL: SELECT `id`,`year` FROM `hs_achievement` ORDER BY sort  [ RunTime:0.0003s ]
SQL: SHOW COLUMNS FROM `hs_achievement_status` [ RunTime:0.0201s ]
NOTIC: [8] Use of undefined constant ture - assumed 'ture' /Applications/XAMPP/xamppfiles/htdocs/1977hs/Index/Home/Controller/StrengthController.class.php 第 17 行.
SQL: SELECT `id`,`school`,`number` FROM `hs_achievement_status` WHERE `achievement_id` = 1  [ RunTime:0.0004s ]
NOTIC: [8] Use of undefined constant ture - assumed 'ture' /Applications/XAMPP/xamppfiles/htdocs/1977hs/Index/Home/Controller/StrengthController.class.php 第 17 行.
SQL: SELECT `id`,`school`,`number` FROM `hs_achievement_status` WHERE `achievement_id` = 2  [ RunTime:0.0003s ]
NOTIC: [8] Use of undefined constant ture - assumed 'ture' /Applications/XAMPP/xamppfiles/htdocs/1977hs/Index/Home/Controller/StrengthController.class.php 第 23 行.
SQL: SELECT `id`,`pic_adr` FROM `hs_picture` WHERE `type` = 'WORKS' LIMIT 1   [ RunTime:0.0003s ]
NOTIC: [8] Use of undefined constant ture - assumed 'ture' /Applications/XAMPP/xamppfiles/htdocs/1977hs/Index/Home/Controller/StrengthController.class.php 第 26 行.
SQL: SELECT `id`,`pic_adr` FROM `hs_picture` WHERE `type` = 'ENVIRONMENT' LIMIT 1   [ RunTime:0.0004s ]
SQL: SHOW COLUMNS FROM `hs_webinfo` [ RunTime:0.0014s ]
SQL: SELECT `content` FROM `hs_webinfo` WHERE `type` = 'PHONE' LIMIT 1   [ RunTime:0.0003s ]
INFO: [ view_parse ] --START--
INFO: [ template_filter ] --START--
INFO: Run Behavior\ContentReplaceBehavior [ RunTime:0.000039s ]
INFO: [ template_filter ] --END-- [ RunTime:0.000088s ]
INFO: Run Behavior\ParseTemplateBehavior [ RunTime:0.013224s ]
INFO: [ view_parse ] --END-- [ RunTime:0.013271s ]
INFO: [ view_filter ] --START--
INFO: Run Behavior\WriteHtmlCacheBehavior [ RunTime:0.000138s ]
INFO: [ view_filter ] --END-- [ RunTime:0.000169s ]
INFO: [ app_end ] --START--
INFO: Run Behavior\ShowPageTraceBehavior [ RunTime:0.000425s ]
INFO: [ app_end ] --END-- [ RunTime:0.000487s ]

[ 2015-06-22T14:36:25+08:00 ] ::1 /1977hs/
INFO: [ app_init ] --START--
INFO: Run Behavior\BuildLiteBehavior [ RunTime:0.000013s ]
INFO: [ app_init ] --END-- [ RunTime:0.000060s ]
INFO: [ app_begin ] --START--
INFO: Run Behavior\ReadHtmlCacheBehavior [ RunTime:0.000492s ]
INFO: [ app_begin ] --END-- [ RunTime:0.000568s ]
SQL: SHOW COLUMNS FROM `hs_scroll` [ RunTime:0.0013s ]
SQL: SELECT `id`,`pic_adr` FROM `hs_scroll` WHERE `leftOrRight` = 1 ORDER BY sort  [ RunTime:0.0003s ]
SQL: SELECT `id`,`pic_adr` FROM `hs_scroll` WHERE `leftOrRight` = 2 ORDER BY sort  [ RunTime:0.0004s ]
SQL: SHOW COLUMNS FROM `hs_friend` [ RunTime:0.0013s ]
SQL: SELECT `name`,`url` FROM `hs_friend`  [ RunTime:0.0003s ]
SQL: SHOW COLUMNS FROM `hs_webinfo` [ RunTime:0.0014s ]
SQL: SELECT `content` FROM `hs_webinfo` WHERE `type` = 'PHONE' LIMIT 1   [ RunTime:0.0006s ]
SQL: SELECT `content` FROM `hs_webinfo` WHERE `type` = 'BEIAN' LIMIT 1   [ RunTime:0.0004s ]
SQL: SELECT `content` FROM `hs_webinfo` WHERE `type` = 'BANQUAN' LIMIT 1   [ RunTime:0.0004s ]
SQL: SELECT `content` FROM `hs_webinfo` WHERE `type` = 'ADDRESS' LIMIT 1   [ RunTime:0.0004s ]
INFO: [ view_parse ] --START--
INFO: [ template_filter ] --START--
INFO: Run Behavior\ContentReplaceBehavior [ RunTime:0.000052s ]
INFO: [ template_filter ] --END-- [ RunTime:0.000109s ]
INFO: Run Behavior\ParseTemplateBehavior [ RunTime:0.018212s ]
INFO: [ view_parse ] --END-- [ RunTime:0.018324s ]
INFO: [ view_filter ] --START--
INFO: Run Behavior\WriteHtmlCacheBehavior [ RunTime:0.000139s ]
INFO: [ view_filter ] --END-- [ RunTime:0.000173s ]
INFO: [ app_end ] --START--
INFO: Run Behavior\ShowPageTraceBehavior [ RunTime:0.000390s ]
INFO: [ app_end ] --END-- [ RunTime:0.000442s ]

[ 2015-06-22T14:36:30+08:00 ] 192.168.1.103 /1977hs/
INFO: [ app_init ] --START--
INFO: Run Behavior\BuildLiteBehavior [ RunTime:0.000009s ]
INFO: [ app_init ] --END-- [ RunTime:0.000047s ]
INFO: [ app_begin ] --START--
INFO: Run Behavior\ReadHtmlCacheBehavior [ RunTime:0.000278s ]
INFO: [ app_begin ] --END-- [ RunTime:0.000321s ]
SQL: SHOW COLUMNS FROM `hs_visitor` [ RunTime:0.0014s ]
SQL: INSERT INTO `hs_visitor` (`ip`,`country`,`area`,`created_time`) VALUES ('192.168.1.103','局域网','对方和您在同一内部网','2015-06-22 14:36:30') [ RunTime:0.0346s ]
SQL: SHOW COLUMNS FROM `hs_scroll` [ RunTime:0.0015s ]
SQL: SELECT `id`,`pic_adr` FROM `hs_scroll` WHERE `leftOrRight` = 1 ORDER BY sort  [ RunTime:0.0004s ]
SQL: SELECT `id`,`pic_adr` FROM `hs_scroll` WHERE `leftOrRight` = 2 ORDER BY sort  [ RunTime:0.0003s ]
SQL: SHOW COLUMNS FROM `hs_friend` [ RunTime:0.0014s ]
SQL: SELECT `name`,`url` FROM `hs_friend`  [ RunTime:0.0003s ]
SQL: SHOW COLUMNS FROM `hs_webinfo` [ RunTime:0.0026s ]
SQL: SELECT `content` FROM `hs_webinfo` WHERE `type` = 'PHONE' LIMIT 1   [ RunTime:0.0003s ]
SQL: SELECT `content` FROM `hs_webinfo` WHERE `type` = 'BEIAN' LIMIT 1   [ RunTime:0.0002s ]
SQL: SELECT `content` FROM `hs_webinfo` WHERE `type` = 'BANQUAN' LIMIT 1   [ RunTime:0.0002s ]
SQL: SELECT `content` FROM `hs_webinfo` WHERE `type` = 'ADDRESS' LIMIT 1   [ RunTime:0.0002s ]
INFO: [ view_parse ] --START--
INFO: [ template_filter ] --START--
INFO: Run Behavior\ContentReplaceBehavior [ RunTime:0.000038s ]
INFO: [ template_filter ] --END-- [ RunTime:0.000082s ]
INFO: Run Behavior\ParseTemplateBehavior [ RunTime:0.007858s ]
INFO: [ view_parse ] --END-- [ RunTime:0.007907s ]
INFO: [ view_filter ] --START--
INFO: Run Behavior\WriteHtmlCacheBehavior [ RunTime:0.000124s ]
INFO: [ view_filter ] --END-- [ RunTime:0.000154s ]
INFO: [ app_end ] --START--
INFO: Run Behavior\ShowPageTraceBehavior [ RunTime:0.000360s ]
INFO: [ app_end ] --END-- [ RunTime:0.000400s ]

[ 2015-06-22T14:36:32+08:00 ] 192.168.1.103 /1977hs/
INFO: [ app_init ] --START--
INFO: Run Behavior\BuildLiteBehavior [ RunTime:0.000010s ]
INFO: [ app_init ] --END-- [ RunTime:0.000050s ]
INFO: [ app_begin ] --START--
INFO: Run Behavior\ReadHtmlCacheBehavior [ RunTime:0.000288s ]
INFO: [ app_begin ] --END-- [ RunTime:0.000322s ]
SQL: SHOW COLUMNS FROM `hs_scroll` [ RunTime:0.0014s ]
SQL: SELECT `id`,`pic_adr` FROM `hs_scroll` WHERE `leftOrRight` = 1 ORDER BY sort  [ RunTime:0.0003s ]
SQL: SELECT `id`,`pic_adr` FROM `hs_scroll` WHERE `leftOrRight` = 2 ORDER BY sort  [ RunTime:0.0002s ]
SQL: SHOW COLUMNS FROM `hs_friend` [ RunTime:0.0011s ]
SQL: SELECT `name`,`url` FROM `hs_friend`  [ RunTime:0.0002s ]
SQL: SHOW COLUMNS FROM `hs_webinfo` [ RunTime:0.0015s ]
SQL: SELECT `content` FROM `hs_webinfo` WHERE `type` = 'PHONE' LIMIT 1   [ RunTime:0.0004s ]
SQL: SELECT `content` FROM `hs_webinfo` WHERE `type` = 'BEIAN' LIMIT 1   [ RunTime:0.0002s ]
SQL: SELECT `content` FROM `hs_webinfo` WHERE `type` = 'BANQUAN' LIMIT 1   [ RunTime:0.0002s ]
SQL: SELECT `content` FROM `hs_webinfo` WHERE `type` = 'ADDRESS' LIMIT 1   [ RunTime:0.0002s ]
INFO: [ view_parse ] --START--
INFO: [ template_filter ] --START--
INFO: Run Behavior\ContentReplaceBehavior [ RunTime:0.000043s ]
INFO: [ template_filter ] --END-- [ RunTime:0.000100s ]
INFO: Run Behavior\ParseTemplateBehavior [ RunTime:0.007168s ]
INFO: [ view_parse ] --END-- [ RunTime:0.007219s ]
INFO: [ view_filter ] --START--
INFO: Run Behavior\WriteHtmlCacheBehavior [ RunTime:0.000149s ]
INFO: [ view_filter ] --END-- [ RunTime:0.000187s ]
INFO: [ app_end ] --START--
INFO: Run Behavior\ShowPageTraceBehavior [ RunTime:0.000420s ]
INFO: [ app_end ] --END-- [ RunTime:0.000462s ]

[ 2015-06-22T14:36:46+08:00 ] 192.168.1.103 /1977hs/
INFO: [ app_init ] --START--
INFO: Run Behavior\BuildLiteBehavior [ RunTime:0.000011s ]
INFO: [ app_init ] --END-- [ RunTime:0.000056s ]
INFO: [ app_begin ] --START--
INFO: Run Behavior\ReadHtmlCacheBehavior [ RunTime:0.000372s ]
INFO: [ app_begin ] --END-- [ RunTime:0.000419s ]
SQL: SHOW COLUMNS FROM `hs_scroll` [ RunTime:0.0013s ]
SQL: SELECT `id`,`pic_adr` FROM `hs_scroll` WHERE `leftOrRight` = 1 ORDER BY sort  [ RunTime:0.0005s ]
SQL: SELECT `id`,`pic_adr` FROM `hs_scroll` WHERE `leftOrRight` = 2 ORDER BY sort  [ RunTime:0.0003s ]
SQL: SHOW COLUMNS FROM `hs_friend` [ RunTime:0.0012s ]
SQL: SELECT `name`,`url` FROM `hs_friend`  [ RunTime:0.0002s ]
SQL: SHOW COLUMNS FROM `hs_webinfo` [ RunTime:0.0012s ]
SQL: SELECT `content` FROM `hs_webinfo` WHERE `type` = 'PHONE' LIMIT 1   [ RunTime:0.0005s ]
SQL: SELECT `content` FROM `hs_webinfo` WHERE `type` = 'BEIAN' LIMIT 1   [ RunTime:0.0003s ]
SQL: SELECT `content` FROM `hs_webinfo` WHERE `type` = 'BANQUAN' LIMIT 1   [ RunTime:0.0002s ]
SQL: SELECT `content` FROM `hs_webinfo` WHERE `type` = 'ADDRESS' LIMIT 1   [ RunTime:0.0002s ]
INFO: [ view_parse ] --START--
INFO: [ template_filter ] --START--
INFO: Run Behavior\ContentReplaceBehavior [ RunTime:0.000035s ]
INFO: [ template_filter ] --END-- [ RunTime:0.000085s ]
INFO: Run Behavior\ParseTemplateBehavior [ RunTime:0.007098s ]
INFO: [ view_parse ] --END-- [ RunTime:0.007141s ]
INFO: [ view_filter ] --START--
INFO: Run Behavior\WriteHtmlCacheBehavior [ RunTime:0.000130s ]
INFO: [ view_filter ] --END-- [ RunTime:0.000162s ]
INFO: [ app_end ] --START--
INFO: Run Behavior\ShowPageTraceBehavior [ RunTime:0.000354s ]
INFO: [ app_end ] --END-- [ RunTime:0.000391s ]

[ 2015-06-22T14:36:47+08:00 ] 192.168.1.103 /1977hs/
INFO: [ app_init ] --START--
INFO: Run Behavior\BuildLiteBehavior [ RunTime:0.000014s ]
INFO: [ app_init ] --END-- [ RunTime:0.000062s ]
INFO: [ app_begin ] --START--
INFO: Run Behavior\ReadHtmlCacheBehavior [ RunTime:0.000361s ]
INFO: [ app_begin ] --END-- [ RunTime:0.000403s ]
SQL: SHOW COLUMNS FROM `hs_scroll` [ RunTime:0.0014s ]
SQL: SELECT `id`,`pic_adr` FROM `hs_scroll` WHERE `leftOrRight` = 1 ORDER BY sort  [ RunTime:0.0003s ]
SQL: SELECT `id`,`pic_adr` FROM `hs_scroll` WHERE `leftOrRight` = 2 ORDER BY sort  [ RunTime:0.0002s ]
SQL: SHOW COLUMNS FROM `hs_friend` [ RunTime:0.0012s ]
SQL: SELECT `name`,`url` FROM `hs_friend`  [ RunTime:0.0002s ]
SQL: SHOW COLUMNS FROM `hs_webinfo` [ RunTime:0.0011s ]
SQL: SELECT `content` FROM `hs_webinfo` WHERE `type` = 'PHONE' LIMIT 1   [ RunTime:0.0003s ]
SQL: SELECT `content` FROM `hs_webinfo` WHERE `type` = 'BEIAN' LIMIT 1   [ RunTime:0.0002s ]
SQL: SELECT `content` FROM `hs_webinfo` WHERE `type` = 'BANQUAN' LIMIT 1   [ RunTime:0.0002s ]
SQL: SELECT `content` FROM `hs_webinfo` WHERE `type` = 'ADDRESS' LIMIT 1   [ RunTime:0.0002s ]
INFO: [ view_parse ] --START--
INFO: [ template_filter ] --START--
INFO: Run Behavior\ContentReplaceBehavior [ RunTime:0.000033s ]
INFO: [ template_filter ] --END-- [ RunTime:0.000076s ]
INFO: Run Behavior\ParseTemplateBehavior [ RunTime:0.006422s ]
INFO: [ view_parse ] --END-- [ RunTime:0.006465s ]
INFO: [ view_filter ] --START--
INFO: Run Behavior\WriteHtmlCacheBehavior [ RunTime:0.000111s ]
INFO: [ view_filter ] --END-- [ RunTime:0.000138s ]
INFO: [ app_end ] --START--
INFO: Run Behavior\ShowPageTraceBehavior [ RunTime:0.000324s ]
INFO: [ app_end ] --END-- [ RunTime:0.000357s ]

[ 2015-06-22T14:37:16+08:00 ] ::1 /1977hs/
INFO: [ app_init ] --START--
INFO: Run Behavior\BuildLiteBehavior [ RunTime:0.000017s ]
INFO: [ app_init ] --END-- [ RunTime:0.000133s ]
INFO: [ app_begin ] --START--
INFO: Run Behavior\ReadHtmlCacheBehavior [ RunTime:0.000560s ]
INFO: [ app_begin ] --END-- [ RunTime:0.000642s ]
SQL: SHOW COLUMNS FROM `hs_scroll` [ RunTime:0.0134s ]
SQL: SELECT `id`,`pic_adr` FROM `hs_scroll` WHERE `leftOrRight` = 1 ORDER BY sort  [ RunTime:0.0005s ]
SQL: SELECT `id`,`pic_adr` FROM `hs_scroll` WHERE `leftOrRight` = 2 ORDER BY sort  [ RunTime:0.0003s ]
SQL: SHOW COLUMNS FROM `hs_friend` [ RunTime:0.0488s ]
SQL: SELECT `name`,`url` FROM `hs_friend`  [ RunTime:0.0004s ]
SQL: SHOW COLUMNS FROM `hs_webinfo` [ RunTime:0.0126s ]
SQL: SELECT `content` FROM `hs_webinfo` WHERE `type` = 'PHONE' LIMIT 1   [ RunTime:0.0004s ]
SQL: SELECT `content` FROM `hs_webinfo` WHERE `type` = 'BEIAN' LIMIT 1   [ RunTime:0.0005s ]
SQL: SELECT `content` FROM `hs_webinfo` WHERE `type` = 'BANQUAN' LIMIT 1   [ RunTime:0.0004s ]
SQL: SELECT `content` FROM `hs_webinfo` WHERE `type` = 'ADDRESS' LIMIT 1   [ RunTime:0.0003s ]
INFO: [ view_parse ] --START--
INFO: [ template_filter ] --START--
INFO: Run Behavior\ContentReplaceBehavior [ RunTime:0.000045s ]
INFO: [ template_filter ] --END-- [ RunTime:0.000110s ]
INFO: Run Behavior\ParseTemplateBehavior [ RunTime:0.036125s ]
INFO: [ view_parse ] --END-- [ RunTime:0.036194s ]
INFO: [ view_filter ] --START--
INFO: Run Behavior\WriteHtmlCacheBehavior [ RunTime:0.000139s ]
INFO: [ view_filter ] --END-- [ RunTime:0.000174s ]
INFO: [ app_end ] --START--
INFO: Run Behavior\ShowPageTraceBehavior [ RunTime:0.000456s ]
INFO: [ app_end ] --END-- [ RunTime:0.000511s ]

[ 2015-06-22T14:37:22+08:00 ] ::1 /1977hs/
INFO: [ app_init ] --START--
INFO: Run Behavior\BuildLiteBehavior [ RunTime:0.000018s ]
INFO: [ app_init ] --END-- [ RunTime:0.000139s ]
INFO: [ app_begin ] --START--
INFO: Run Behavior\ReadHtmlCacheBehavior [ RunTime:0.000473s ]
INFO: [ app_begin ] --END-- [ RunTime:0.000527s ]
SQL: SHOW COLUMNS FROM `hs_scroll` [ RunTime:0.0014s ]
SQL: SELECT `id`,`pic_adr` FROM `hs_scroll` WHERE `leftOrRight` = 1 ORDER BY sort  [ RunTime:0.0003s ]
SQL: SELECT `id`,`pic_adr` FROM `hs_scroll` WHERE `leftOrRight` = 2 ORDER BY sort  [ RunTime:0.0002s ]
SQL: SHOW COLUMNS FROM `hs_friend` [ RunTime:0.0014s ]
SQL: SELECT `name`,`url` FROM `hs_friend`  [ RunTime:0.0004s ]
SQL: SHOW COLUMNS FROM `hs_webinfo` [ RunTime:0.0016s ]
SQL: SELECT `content` FROM `hs_webinfo` WHERE `type` = 'PHONE' LIMIT 1   [ RunTime:0.0005s ]
SQL: SELECT `content` FROM `hs_webinfo` WHERE `type` = 'BEIAN' LIMIT 1   [ RunTime:0.0003s ]
SQL: SELECT `content` FROM `hs_webinfo` WHERE `type` = 'BANQUAN' LIMIT 1   [ RunTime:0.0002s ]
SQL: SELECT `content` FROM `hs_webinfo` WHERE `type` = 'ADDRESS' LIMIT 1   [ RunTime:0.0002s ]
INFO: [ view_parse ] --START--
INFO: [ template_filter ] --START--
INFO: Run Behavior\ContentReplaceBehavior [ RunTime:0.000061s ]
INFO: [ template_filter ] --END-- [ RunTime:0.000115s ]
INFO: Run Behavior\ParseTemplateBehavior [ RunTime:0.009760s ]
INFO: [ view_parse ] --END-- [ RunTime:0.009846s ]
INFO: [ view_filter ] --START--
INFO: Run Behavior\WriteHtmlCacheBehavior [ RunTime:0.000232s ]
INFO: [ view_filter ] --END-- [ RunTime:0.000273s ]
INFO: [ app_end ] --START--
INFO: Run Behavior\ShowPageTraceBehavior [ RunTime:0.000477s ]
INFO: [ app_end ] --END-- [ RunTime:0.000542s ]

[ 2015-06-22T17:50:14+08:00 ] ::1 /1977hs/index.php/Index/index.html
INFO: [ app_init ] --START--
INFO: Run Behavior\BuildLiteBehavior [ RunTime:0.000017s ]
INFO: [ app_init ] --END-- [ RunTime:0.000104s ]
INFO: [ app_begin ] --START--
INFO: Run Behavior\ReadHtmlCacheBehavior [ RunTime:0.000754s ]
INFO: [ app_begin ] --END-- [ RunTime:0.000882s ]
SQL: SHOW COLUMNS FROM `hs_visitor` [ RunTime:0.0016s ]
SQL: INSERT INTO `hs_visitor` (`ip`,`country`,`area`,`created_time`) VALUES ('0.0.0.0','IANA保留地址','','2015-06-22 17:50:14') [ RunTime:0.0191s ]
SQL: SHOW COLUMNS FROM `hs_scroll` [ RunTime:0.0351s ]
SQL: SELECT `id`,`pic_adr` FROM `hs_scroll` WHERE `leftOrRight` = 1 ORDER BY sort  [ RunTime:0.0006s ]
SQL: SELECT `id`,`pic_adr` FROM `hs_scroll` WHERE `leftOrRight` = 2 ORDER BY sort  [ RunTime:0.0013s ]
SQL: SHOW COLUMNS FROM `hs_friend` [ RunTime:0.0139s ]
SQL: SELECT `name`,`url` FROM `hs_friend`  [ RunTime:0.0006s ]
SQL: SHOW COLUMNS FROM `hs_webinfo` [ RunTime:0.0204s ]
SQL: SELECT `content` FROM `hs_webinfo` WHERE `type` = 'PHONE' LIMIT 1   [ RunTime:0.0003s ]
SQL: SELECT `content` FROM `hs_webinfo` WHERE `type` = 'BEIAN' LIMIT 1   [ RunTime:0.0002s ]
SQL: SELECT `content` FROM `hs_webinfo` WHERE `type` = 'BANQUAN' LIMIT 1   [ RunTime:0.0002s ]
SQL: SELECT `content` FROM `hs_webinfo` WHERE `type` = 'ADDRESS' LIMIT 1   [ RunTime:0.0002s ]
INFO: [ view_parse ] --START--
INFO: [ template_filter ] --START--
INFO: Run Behavior\ContentReplaceBehavior [ RunTime:0.000041s ]
INFO: [ template_filter ] --END-- [ RunTime:0.000087s ]
INFO: Run Behavior\ParseTemplateBehavior [ RunTime:0.043566s ]
INFO: [ view_parse ] --END-- [ RunTime:0.043687s ]
INFO: [ view_filter ] --START--
INFO: Run Behavior\WriteHtmlCacheBehavior [ RunTime:0.000197s ]
INFO: [ view_filter ] --END-- [ RunTime:0.000237s ]
INFO: [ app_end ] --START--
INFO: Run Behavior\ShowPageTraceBehavior [ RunTime:0.000548s ]
INFO: [ app_end ] --END-- [ RunTime:0.000624s ]

[ 2015-06-22T17:50:17+08:00 ] ::1 /1977hs/index.php/Admission/index.html
INFO: [ app_init ] --START--
INFO: Run Behavior\BuildLiteBehavior [ RunTime:0.000012s ]
INFO: [ app_init ] --END-- [ RunTime:0.000074s ]
INFO: [ app_begin ] --START--
INFO: Run Behavior\ReadHtmlCacheBehavior [ RunTime:0.000377s ]
INFO: [ app_begin ] --END-- [ RunTime:0.000443s ]
SQL: SHOW COLUMNS FROM `hs_webinfo` [ RunTime:0.1324s ]
SQL: SELECT `content` FROM `hs_webinfo` WHERE `type` = 'PHONE' LIMIT 1   [ RunTime:0.0004s ]
SQL: SHOW COLUMNS FROM `hs_contact` [ RunTime:0.2922s ]
SQL: SELECT `id`,`title`,`content` FROM `hs_contact`  [ RunTime:0.0006s ]
SQL: SHOW COLUMNS FROM `hs_admission` [ RunTime:0.1696s ]
SQL: SELECT `id`,`title`,`content` FROM `hs_admission`  [ RunTime:0.0010s ]
SQL: SHOW COLUMNS FROM `hs_picture` [ RunTime:0.0013s ]
SQL: SELECT `id`,`pic_adr`,`type` FROM `hs_picture` WHERE `type` = 'ERWEIMA' LIMIT 1   [ RunTime:0.0002s ]
SQL: SHOW COLUMNS FROM `hs_text` [ RunTime:0.0014s ]
NOTIC: [8] Use of undefined constant ture - assumed 'ture' /Applications/XAMPP/xamppfiles/htdocs/1977hs/Index/Home/Controller/AdmissionController.class.php 第 50 行.
SQL: SELECT `id`,`content` FROM `hs_text` WHERE `type` = 'EDUCATION' LIMIT 1   [ RunTime:0.0006s ]
NOTIC: [8] Use of undefined constant ture - assumed 'ture' /Applications/XAMPP/xamppfiles/htdocs/1977hs/Index/Home/Controller/AdmissionController.class.php 第 53 行.
SQL: SELECT `id`,`content` FROM `hs_text` WHERE `type` = 'LIFE' LIMIT 1   [ RunTime:0.0004s ]
SQL: SHOW COLUMNS FROM `hs_question` [ RunTime:0.0168s ]
NOTIC: [8] Use of undefined constant ture - assumed 'ture' /Applications/XAMPP/xamppfiles/htdocs/1977hs/Index/Home/Controller/AdmissionController.class.php 第 56 行.
SQL: SELECT `id`,`title`,`answer` FROM `hs_question` ORDER BY sort  [ RunTime:0.0004s ]
INFO: [ view_parse ] --START--
INFO: [ template_filter ] --START--
INFO: Run Behavior\ContentReplaceBehavior [ RunTime:0.000079s ]
INFO: [ template_filter ] --END-- [ RunTime:0.000142s ]
INFO: Run Behavior\ParseTemplateBehavior [ RunTime:0.029519s ]
INFO: [ view_parse ] --END-- [ RunTime:0.029590s ]
INFO: [ view_filter ] --START--
INFO: Run Behavior\WriteHtmlCacheBehavior [ RunTime:0.000182s ]
INFO: [ view_filter ] --END-- [ RunTime:0.000215s ]
INFO: [ app_end ] --START--
INFO: Run Behavior\ShowPageTraceBehavior [ RunTime:0.000412s ]
INFO: [ app_end ] --END-- [ RunTime:0.000462s ]

[ 2015-06-22T17:56:22+08:00 ] ::1 /1977hs/index.php/Index/index.html
INFO: [ app_init ] --START--
INFO: Run Behavior\BuildLiteBehavior [ RunTime:0.000019s ]
INFO: [ app_init ] --END-- [ RunTime:0.000099s ]
INFO: [ app_begin ] --START--
INFO: Run Behavior\ReadHtmlCacheBehavior [ RunTime:0.000482s ]
INFO: [ app_begin ] --END-- [ RunTime:0.000547s ]
SQL: SHOW COLUMNS FROM `hs_scroll` [ RunTime:0.0016s ]
SQL: SELECT `id`,`pic_adr` FROM `hs_scroll` WHERE `leftOrRight` = 1 ORDER BY sort  [ RunTime:0.0003s ]
SQL: SELECT `id`,`pic_adr` FROM `hs_scroll` WHERE `leftOrRight` = 2 ORDER BY sort  [ RunTime:0.0002s ]
SQL: SHOW COLUMNS FROM `hs_friend` [ RunTime:0.0012s ]
SQL: SELECT `name`,`url` FROM `hs_friend`  [ RunTime:0.0003s ]
SQL: SHOW COLUMNS FROM `hs_webinfo` [ RunTime:0.0015s ]
SQL: SELECT `content` FROM `hs_webinfo` WHERE `type` = 'PHONE' LIMIT 1   [ RunTime:0.0005s ]
SQL: SELECT `content` FROM `hs_webinfo` WHERE `type` = 'BEIAN' LIMIT 1   [ RunTime:0.0005s ]
SQL: SELECT `content` FROM `hs_webinfo` WHERE `type` = 'BANQUAN' LIMIT 1   [ RunTime:0.0004s ]
SQL: SELECT `content` FROM `hs_webinfo` WHERE `type` = 'ADDRESS' LIMIT 1   [ RunTime:0.0005s ]
INFO: [ view_parse ] --START--
INFO: [ template_filter ] --START--
INFO: Run Behavior\ContentReplaceBehavior [ RunTime:0.000036s ]
INFO: [ template_filter ] --END-- [ RunTime:0.000090s ]
INFO: Run Behavior\ParseTemplateBehavior [ RunTime:0.032030s ]
INFO: [ view_parse ] --END-- [ RunTime:0.032132s ]
INFO: [ view_filter ] --START--
INFO: Run Behavior\WriteHtmlCacheBehavior [ RunTime:0.000296s ]
INFO: [ view_filter ] --END-- [ RunTime:0.000356s ]
INFO: [ app_end ] --START--
INFO: Run Behavior\ShowPageTraceBehavior [ RunTime:0.000635s ]
INFO: [ app_end ] --END-- [ RunTime:0.000750s ]

[ 2015-06-22T17:56:23+08:00 ] ::1 /1977hs/index.php/Admission/index.html
INFO: [ app_init ] --START--
INFO: Run Behavior\BuildLiteBehavior [ RunTime:0.000010s ]
INFO: [ app_init ] --END-- [ RunTime:0.000054s ]
INFO: [ app_begin ] --START--
INFO: Run Behavior\ReadHtmlCacheBehavior [ RunTime:0.000307s ]
INFO: [ app_begin ] --END-- [ RunTime:0.000344s ]
SQL: SHOW COLUMNS FROM `hs_webinfo` [ RunTime:0.0014s ]
SQL: SELECT `content` FROM `hs_webinfo` WHERE `type` = 'PHONE' LIMIT 1   [ RunTime:0.0003s ]
SQL: SHOW COLUMNS FROM `hs_contact` [ RunTime:0.0011s ]
SQL: SELECT `id`,`title`,`content` FROM `hs_contact`  [ RunTime:0.0002s ]
SQL: SHOW COLUMNS FROM `hs_admission` [ RunTime:0.0013s ]
SQL: SELECT `id`,`title`,`content` FROM `hs_admission`  [ RunTime:0.0004s ]
SQL: SHOW COLUMNS FROM `hs_picture` [ RunTime:0.0030s ]
SQL: SELECT `id`,`pic_adr`,`type` FROM `hs_picture` WHERE `type` = 'ERWEIMA' LIMIT 1   [ RunTime:0.0004s ]
SQL: SHOW COLUMNS FROM `hs_text` [ RunTime:0.0028s ]
NOTIC: [8] Use of undefined constant ture - assumed 'ture' /Applications/XAMPP/xamppfiles/htdocs/1977hs/Index/Home/Controller/AdmissionController.class.php 第 50 行.
SQL: SELECT `id`,`content` FROM `hs_text` WHERE `type` = 'EDUCATION' LIMIT 1   [ RunTime:0.0005s ]
NOTIC: [8] Use of undefined constant ture - assumed 'ture' /Applications/XAMPP/xamppfiles/htdocs/1977hs/Index/Home/Controller/AdmissionController.class.php 第 53 行.
SQL: SELECT `id`,`content` FROM `hs_text` WHERE `type` = 'LIFE' LIMIT 1   [ RunTime:0.0007s ]
SQL: SHOW COLUMNS FROM `hs_question` [ RunTime:0.0019s ]
NOTIC: [8] Use of undefined constant ture - assumed 'ture' /Applications/XAMPP/xamppfiles/htdocs/1977hs/Index/Home/Controller/AdmissionController.class.php 第 56 行.
SQL: SELECT `id`,`title`,`answer` FROM `hs_question` ORDER BY sort  [ RunTime:0.0005s ]
INFO: [ view_parse ] --START--
INFO: [ template_filter ] --START--
INFO: Run Behavior\ContentReplaceBehavior [ RunTime:0.000078s ]
INFO: [ template_filter ] --END-- [ RunTime:0.000159s ]
INFO: Run Behavior\ParseTemplateBehavior [ RunTime:0.027151s ]
INFO: [ view_parse ] --END-- [ RunTime:0.027227s ]
INFO: [ view_filter ] --START--
INFO: Run Behavior\WriteHtmlCacheBehavior [ RunTime:0.000202s ]
INFO: [ view_filter ] --END-- [ RunTime:0.000249s ]
INFO: [ app_end ] --START--
INFO: Run Behavior\ShowPageTraceBehavior [ RunTime:0.000643s ]
INFO: [ app_end ] --END-- [ RunTime:0.000818s ]

[ 2015-06-22T18:05:27+08:00 ] ::1 /1977hs/index.php/Index/index.html
INFO: [ app_init ] --START--
INFO: Run Behavior\BuildLiteBehavior [ RunTime:0.000012s ]
INFO: [ app_init ] --END-- [ RunTime:0.000055s ]
INFO: [ app_begin ] --START--
INFO: Run Behavior\ReadHtmlCacheBehavior [ RunTime:0.000370s ]
INFO: [ app_begin ] --END-- [ RunTime:0.000414s ]
SQL: SHOW COLUMNS FROM `hs_scroll` [ RunTime:0.0021s ]
SQL: SELECT `id`,`pic_adr` FROM `hs_scroll` WHERE `leftOrRight` = 1 ORDER BY sort  [ RunTime:0.0004s ]
SQL: SELECT `id`,`pic_adr` FROM `hs_scroll` WHERE `leftOrRight` = 2 ORDER BY sort  [ RunTime:0.0003s ]
SQL: SHOW COLUMNS FROM `hs_friend` [ RunTime:0.0013s ]
SQL: SELECT `name`,`url` FROM `hs_friend`  [ RunTime:0.0003s ]
SQL: SHOW COLUMNS FROM `hs_webinfo` [ RunTime:0.0015s ]
SQL: SELECT `content` FROM `hs_webinfo` WHERE `type` = 'PHONE' LIMIT 1   [ RunTime:0.0004s ]
SQL: SELECT `content` FROM `hs_webinfo` WHERE `type` = 'BEIAN' LIMIT 1   [ RunTime:0.0003s ]
SQL: SELECT `content` FROM `hs_webinfo` WHERE `type` = 'BANQUAN' LIMIT 1   [ RunTime:0.0003s ]
SQL: SELECT `content` FROM `hs_webinfo` WHERE `type` = 'ADDRESS' LIMIT 1   [ RunTime:0.0002s ]
INFO: [ view_parse ] --START--
INFO: [ template_filter ] --START--
INFO: Run Behavior\ContentReplaceBehavior [ RunTime:0.000039s ]
INFO: [ template_filter ] --END-- [ RunTime:0.000094s ]
INFO: Run Behavior\ParseTemplateBehavior [ RunTime:0.007864s ]
INFO: [ view_parse ] --END-- [ RunTime:0.007947s ]
INFO: [ view_filter ] --START--
INFO: Run Behavior\WriteHtmlCacheBehavior [ RunTime:0.000261s ]
INFO: [ view_filter ] --END-- [ RunTime:0.000339s ]
INFO: [ app_end ] --START--
INFO: Run Behavior\ShowPageTraceBehavior [ RunTime:0.000678s ]
INFO: [ app_end ] --END-- [ RunTime:0.000756s ]

[ 2015-06-22T18:07:32+08:00 ] ::1 /1977hs/index.php/Admission/index.html
INFO: [ app_init ] --START--
INFO: Run Behavior\BuildLiteBehavior [ RunTime:0.000020s ]
INFO: [ app_init ] --END-- [ RunTime:0.000107s ]
INFO: [ app_begin ] --START--
INFO: Run Behavior\ReadHtmlCacheBehavior [ RunTime:0.000932s ]
INFO: [ app_begin ] --END-- [ RunTime:0.001041s ]
SQL: SHOW COLUMNS FROM `hs_webinfo` [ RunTime:0.0199s ]
SQL: SELECT `content` FROM `hs_webinfo` WHERE `type` = 'PHONE' LIMIT 1   [ RunTime:0.0003s ]
SQL: SHOW COLUMNS FROM `hs_contact` [ RunTime:0.0012s ]
SQL: SELECT `id`,`title`,`content` FROM `hs_contact`  [ RunTime:0.0002s ]
SQL: SHOW COLUMNS FROM `hs_admission` [ RunTime:0.0014s ]
SQL: SELECT `id`,`title`,`content` FROM `hs_admission`  [ RunTime:0.0003s ]
SQL: SHOW COLUMNS FROM `hs_picture` [ RunTime:0.0012s ]
SQL: SELECT `id`,`pic_adr`,`type` FROM `hs_picture` WHERE `type` = 'ERWEIMA' LIMIT 1   [ RunTime:0.0002s ]
SQL: SHOW COLUMNS FROM `hs_text` [ RunTime:0.0012s ]
NOTIC: [8] Use of undefined constant ture - assumed 'ture' /Applications/XAMPP/xamppfiles/htdocs/1977hs/Index/Home/Controller/AdmissionController.class.php 第 50 行.
SQL: SELECT `id`,`content` FROM `hs_text` WHERE `type` = 'EDUCATION' LIMIT 1   [ RunTime:0.0003s ]
NOTIC: [8] Use of undefined constant ture - assumed 'ture' /Applications/XAMPP/xamppfiles/htdocs/1977hs/Index/Home/Controller/AdmissionController.class.php 第 53 行.
SQL: SELECT `id`,`content` FROM `hs_text` WHERE `type` = 'LIFE' LIMIT 1   [ RunTime:0.0005s ]
SQL: SHOW COLUMNS FROM `hs_question` [ RunTime:0.0018s ]
NOTIC: [8] Use of undefined constant ture - assumed 'ture' /Applications/XAMPP/xamppfiles/htdocs/1977hs/Index/Home/Controller/AdmissionController.class.php 第 56 行.
SQL: SELECT `id`,`title`,`answer` FROM `hs_question` ORDER BY sort  [ RunTime:0.0005s ]
INFO: [ view_parse ] --START--
INFO: [ template_filter ] --START--
INFO: Run Behavior\ContentReplaceBehavior [ RunTime:0.000056s ]
INFO: [ template_filter ] --END-- [ RunTime:0.000114s ]
INFO: Run Behavior\ParseTemplateBehavior [ RunTime:0.073094s ]
INFO: [ view_parse ] --END-- [ RunTime:0.073157s ]
INFO: [ view_filter ] --START--
INFO: Run Behavior\WriteHtmlCacheBehavior [ RunTime:0.000428s ]
INFO: [ view_filter ] --END-- [ RunTime:0.000491s ]
INFO: [ app_end ] --START--
INFO: Run Behavior\ShowPageTraceBehavior [ RunTime:0.001203s ]
INFO: [ app_end ] --END-- [ RunTime:0.001308s ]

[ 2015-06-22T18:08:36+08:00 ] ::1 /1977hs/
INFO: [ app_init ] --START--
INFO: Run Behavior\BuildLiteBehavior [ RunTime:0.000011s ]
INFO: [ app_init ] --END-- [ RunTime:0.000051s ]
INFO: [ app_begin ] --START--
INFO: Run Behavior\ReadHtmlCacheBehavior [ RunTime:0.000279s ]
INFO: [ app_begin ] --END-- [ RunTime:0.000312s ]
SQL: SHOW COLUMNS FROM `hs_scroll` [ RunTime:0.0134s ]
SQL: SELECT `id`,`pic_adr` FROM `hs_scroll` WHERE `leftOrRight` = 1 ORDER BY sort  [ RunTime:0.0003s ]
SQL: SELECT `id`,`pic_adr` FROM `hs_scroll` WHERE `leftOrRight` = 2 ORDER BY sort  [ RunTime:0.0002s ]
SQL: SHOW COLUMNS FROM `hs_friend` [ RunTime:0.0016s ]
SQL: SELECT `name`,`url` FROM `hs_friend`  [ RunTime:0.0004s ]
SQL: SHOW COLUMNS FROM `hs_webinfo` [ RunTime:0.0017s ]
SQL: SELECT `content` FROM `hs_webinfo` WHERE `type` = 'PHONE' LIMIT 1   [ RunTime:0.0005s ]
SQL: SELECT `content` FROM `hs_webinfo` WHERE `type` = 'BEIAN' LIMIT 1   [ RunTime:0.0004s ]
SQL: SELECT `content` FROM `hs_webinfo` WHERE `type` = 'BANQUAN' LIMIT 1   [ RunTime:0.0004s ]
SQL: SELECT `content` FROM `hs_webinfo` WHERE `type` = 'ADDRESS' LIMIT 1   [ RunTime:0.0003s ]
INFO: [ view_parse ] --START--
INFO: [ template_filter ] --START--
INFO: Run Behavior\ContentReplaceBehavior [ RunTime:0.000049s ]
INFO: [ template_filter ] --END-- [ RunTime:0.000105s ]
INFO: Run Behavior\ParseTemplateBehavior [ RunTime:0.026080s ]
INFO: [ view_parse ] --END-- [ RunTime:0.026181s ]
INFO: [ view_filter ] --START--
INFO: Run Behavior\WriteHtmlCacheBehavior [ RunTime:0.000270s ]
INFO: [ view_filter ] --END-- [ RunTime:0.000340s ]
INFO: [ app_end ] --START--
INFO: Run Behavior\ShowPageTraceBehavior [ RunTime:0.000646s ]
INFO: [ app_end ] --END-- [ RunTime:0.000720s ]

[ 2015-06-22T18:45:09+08:00 ] ::1 /1977hs/
INFO: [ app_init ] --START--
INFO: Run Behavior\BuildLiteBehavior [ RunTime:0.000017s ]
INFO: [ app_init ] --END-- [ RunTime:0.000106s ]
INFO: [ app_begin ] --START--
INFO: Run Behavior\ReadHtmlCacheBehavior [ RunTime:0.000789s ]
INFO: [ app_begin ] --END-- [ RunTime:0.000915s ]
SQL: SHOW COLUMNS FROM `hs_scroll` [ RunTime:0.0016s ]
SQL: SELECT `id`,`pic_adr` FROM `hs_scroll` WHERE `leftOrRight` = 1 ORDER BY sort  [ RunTime:0.0005s ]
SQL: SELECT `id`,`pic_adr` FROM `hs_scroll` WHERE `leftOrRight` = 2 ORDER BY sort  [ RunTime:0.0003s ]
SQL: SHOW COLUMNS FROM `hs_friend` [ RunTime:0.0014s ]
SQL: SELECT `name`,`url` FROM `hs_friend`  [ RunTime:0.0003s ]
SQL: SHOW COLUMNS FROM `hs_webinfo` [ RunTime:0.0186s ]
SQL: SELECT `content` FROM `hs_webinfo` WHERE `type` = 'PHONE' LIMIT 1   [ RunTime:0.0004s ]
SQL: SELECT `content` FROM `hs_webinfo` WHERE `type` = 'BEIAN' LIMIT 1   [ RunTime:0.0003s ]
SQL: SELECT `content` FROM `hs_webinfo` WHERE `type` = 'BANQUAN' LIMIT 1   [ RunTime:0.0002s ]
SQL: SELECT `content` FROM `hs_webinfo` WHERE `type` = 'ADDRESS' LIMIT 1   [ RunTime:0.0002s ]
INFO: [ view_parse ] --START--
INFO: [ template_filter ] --START--
INFO: Run Behavior\ContentReplaceBehavior [ RunTime:0.000075s ]
INFO: [ template_filter ] --END-- [ RunTime:0.000162s ]
INFO: Run Behavior\ParseTemplateBehavior [ RunTime:0.069807s ]
INFO: [ view_parse ] --END-- [ RunTime:0.069930s ]
INFO: [ view_filter ] --START--
INFO: Run Behavior\WriteHtmlCacheBehavior [ RunTime:0.000225s ]
INFO: [ view_filter ] --END-- [ RunTime:0.000271s ]
INFO: [ app_end ] --START--
INFO: Run Behavior\ShowPageTraceBehavior [ RunTime:0.000705s ]
INFO: [ app_end ] --END-- [ RunTime:0.000807s ]

[ 2015-06-22T18:45:14+08:00 ] ::1 /1977hs/index.php/Aboutus/index.html
INFO: [ app_init ] --START--
INFO: Run Behavior\BuildLiteBehavior [ RunTime:0.000014s ]
INFO: [ app_init ] --END-- [ RunTime:0.000063s ]
INFO: [ app_begin ] --START--
INFO: Run Behavior\ReadHtmlCacheBehavior [ RunTime:0.000334s ]
INFO: [ app_begin ] --END-- [ RunTime:0.000384s ]
SQL: SHOW COLUMNS FROM `hs_webinfo` [ RunTime:0.0015s ]
SQL: SELECT `content` FROM `hs_webinfo` WHERE `type` = 'PHONE' LIMIT 1   [ RunTime:0.0003s ]
SQL: SHOW COLUMNS FROM `hs_picture` [ RunTime:0.0014s ]
NOTIC: [8] Use of undefined constant ture - assumed 'ture' /Applications/XAMPP/xamppfiles/htdocs/1977hs/Index/Home/Controller/AboutusController.class.php 第 11 行.
SQL: SELECT `id`,`pic_adr` FROM `hs_picture` WHERE `type` = 'ABOUT' LIMIT 1   [ RunTime:0.0004s ]
SQL: SHOW COLUMNS FROM `hs_text` [ RunTime:0.0022s ]
NOTIC: [8] Use of undefined constant ture - assumed 'ture' /Applications/XAMPP/xamppfiles/htdocs/1977hs/Index/Home/Controller/AboutusController.class.php 第 13 行.
SQL: SELECT `id`,`content` FROM `hs_text` WHERE `type` = 'INTRODUCTION' LIMIT 1   [ RunTime:0.0005s ]
NOTIC: [8] Use of undefined constant ture - assumed 'ture' /Applications/XAMPP/xamppfiles/htdocs/1977hs/Index/Home/Controller/AboutusController.class.php 第 15 行.
SQL: SELECT `id`,`content` FROM `hs_text` WHERE `type` = 'SPECIAL' LIMIT 1   [ RunTime:0.0005s ]
SQL: SHOW COLUMNS FROM `hs_video` [ RunTime:0.0018s ]
NOTIC: [8] Use of undefined constant ture - assumed 'ture' /Applications/XAMPP/xamppfiles/htdocs/1977hs/Index/Home/Controller/AboutusController.class.php 第 17 行.
SQL: SELECT `id`,`vid_adr`,`height`,`width` FROM `hs_video` WHERE `type` = 'ABOUT' LIMIT 1   [ RunTime:0.0003s ]
INFO: [ view_parse ] --START--
INFO: [ template_filter ] --START--
INFO: Run Behavior\ContentReplaceBehavior [ RunTime:0.000039s ]
INFO: [ template_filter ] --END-- [ RunTime:0.000091s ]
INFO: Run Behavior\ParseTemplateBehavior [ RunTime:0.033748s ]
INFO: [ view_parse ] --END-- [ RunTime:0.033847s ]
INFO: [ view_filter ] --START--
INFO: Run Behavior\WriteHtmlCacheBehavior [ RunTime:0.000235s ]
INFO: [ view_filter ] --END-- [ RunTime:0.000288s ]
INFO: [ app_end ] --START--
INFO: Run Behavior\ShowPageTraceBehavior [ RunTime:0.000865s ]
INFO: [ app_end ] --END-- [ RunTime:0.000975s ]

[ 2015-06-22T18:54:25+08:00 ] ::1 /1977hs/index.php/Admission/index.html
INFO: [ app_init ] --START--
INFO: Run Behavior\BuildLiteBehavior [ RunTime:0.000015s ]
INFO: [ app_init ] --END-- [ RunTime:0.000071s ]
INFO: [ app_begin ] --START--
INFO: Run Behavior\ReadHtmlCacheBehavior [ RunTime:0.000830s ]
INFO: [ app_begin ] --END-- [ RunTime:0.000907s ]
SQL: SHOW COLUMNS FROM `hs_webinfo` [ RunTime:0.0205s ]
SQL: SELECT `content` FROM `hs_webinfo` WHERE `type` = 'PHONE' LIMIT 1   [ RunTime:0.0004s ]
SQL: SHOW COLUMNS FROM `hs_contact` [ RunTime:0.0017s ]
SQL: SELECT `id`,`title`,`content` FROM `hs_contact`  [ RunTime:0.0012s ]
SQL: SHOW COLUMNS FROM `hs_admission` [ RunTime:0.0015s ]
SQL: SELECT `id`,`title`,`content` FROM `hs_admission`  [ RunTime:0.0004s ]
SQL: SHOW COLUMNS FROM `hs_picture` [ RunTime:0.0016s ]
SQL: SELECT `id`,`pic_adr`,`type` FROM `hs_picture` WHERE `type` = 'ERWEIMA' LIMIT 1   [ RunTime:0.0004s ]
SQL: SHOW COLUMNS FROM `hs_text` [ RunTime:0.0016s ]
NOTIC: [8] Use of undefined constant ture - assumed 'ture' /Applications/XAMPP/xamppfiles/htdocs/1977hs/Index/Home/Controller/AdmissionController.class.php 第 50 行.
SQL: SELECT `id`,`content` FROM `hs_text` WHERE `type` = 'EDUCATION' LIMIT 1   [ RunTime:0.0003s ]
NOTIC: [8] Use of undefined constant ture - assumed 'ture' /Applications/XAMPP/xamppfiles/htdocs/1977hs/Index/Home/Controller/AdmissionController.class.php 第 53 行.
SQL: SELECT `id`,`content` FROM `hs_text` WHERE `type` = 'LIFE' LIMIT 1   [ RunTime:0.0002s ]
SQL: SHOW COLUMNS FROM `hs_question` [ RunTime:0.0011s ]
NOTIC: [8] Use of undefined constant ture - assumed 'ture' /Applications/XAMPP/xamppfiles/htdocs/1977hs/Index/Home/Controller/AdmissionController.class.php 第 56 行.
SQL: SELECT `id`,`title`,`answer` FROM `hs_question` ORDER BY sort  [ RunTime:0.0003s ]
INFO: [ view_parse ] --START--
INFO: [ template_filter ] --START--
INFO: Run Behavior\ContentReplaceBehavior [ RunTime:0.000052s ]
INFO: [ template_filter ] --END-- [ RunTime:0.000107s ]
INFO: Run Behavior\ParseTemplateBehavior [ RunTime:0.090871s ]
INFO: [ view_parse ] --END-- [ RunTime:0.090921s ]
INFO: [ view_filter ] --START--
INFO: Run Behavior\WriteHtmlCacheBehavior [ RunTime:0.011282s ]
INFO: [ view_filter ] --END-- [ RunTime:0.011351s ]
INFO: [ app_end ] --START--
INFO: Run Behavior\ShowPageTraceBehavior [ RunTime:0.010109s ]
INFO: [ app_end ] --END-- [ RunTime:0.010188s ]

[ 2015-06-22T18:54:29+08:00 ] ::1 /1977hs/index.php/Admission/index.html
INFO: [ app_init ] --START--
INFO: Run Behavior\BuildLiteBehavior [ RunTime:0.000016s ]
INFO: [ app_init ] --END-- [ RunTime:0.000153s ]
INFO: [ app_begin ] --START--
INFO: Run Behavior\ReadHtmlCacheBehavior [ RunTime:0.000483s ]
INFO: [ app_begin ] --END-- [ RunTime:0.000551s ]
SQL: SHOW COLUMNS FROM `hs_webinfo` [ RunTime:0.0015s ]
SQL: SELECT `content` FROM `hs_webinfo` WHERE `type` = 'PHONE' LIMIT 1   [ RunTime:0.0003s ]
SQL: SHOW COLUMNS FROM `hs_contact` [ RunTime:0.0024s ]
SQL: SELECT `id`,`title`,`content` FROM `hs_contact`  [ RunTime:0.0004s ]
SQL: SHOW COLUMNS FROM `hs_admission` [ RunTime:0.0017s ]
SQL: SELECT `id`,`title`,`content` FROM `hs_admission`  [ RunTime:0.0004s ]
SQL: SHOW COLUMNS FROM `hs_picture` [ RunTime:0.0015s ]
SQL: SELECT `id`,`pic_adr`,`type` FROM `hs_picture` WHERE `type` = 'ERWEIMA' LIMIT 1   [ RunTime:0.0002s ]
SQL: SHOW COLUMNS FROM `hs_text` [ RunTime:0.0013s ]
NOTIC: [8] Use of undefined constant ture - assumed 'ture' /Applications/XAMPP/xamppfiles/htdocs/1977hs/Index/Home/Controller/AdmissionController.class.php 第 50 行.
SQL: SELECT `id`,`content` FROM `hs_text` WHERE `type` = 'EDUCATION' LIMIT 1   [ RunTime:0.0003s ]
NOTIC: [8] Use of undefined constant ture - assumed 'ture' /Applications/XAMPP/xamppfiles/htdocs/1977hs/Index/Home/Controller/AdmissionController.class.php 第 53 行.
SQL: SELECT `id`,`content` FROM `hs_text` WHERE `type` = 'LIFE' LIMIT 1   [ RunTime:0.0002s ]
SQL: SHOW COLUMNS FROM `hs_question` [ RunTime:0.0011s ]
NOTIC: [8] Use of undefined constant ture - assumed 'ture' /Applications/XAMPP/xamppfiles/htdocs/1977hs/Index/Home/Controller/AdmissionController.class.php 第 56 行.
SQL: SELECT `id`,`title`,`answer` FROM `hs_question` ORDER BY sort  [ RunTime:0.0003s ]
INFO: [ view_parse ] --START--
INFO: [ template_filter ] --START--
INFO: Run Behavior\ContentReplaceBehavior [ RunTime:0.000044s ]
INFO: [ template_filter ] --END-- [ RunTime:0.000086s ]
INFO: Run Behavior\ParseTemplateBehavior [ RunTime:0.007674s ]
INFO: [ view_parse ] --END-- [ RunTime:0.007758s ]
INFO: [ view_filter ] --START--
INFO: Run Behavior\WriteHtmlCacheBehavior [ RunTime:0.000336s ]
INFO: [ view_filter ] --END-- [ RunTime:0.000393s ]
INFO: [ app_end ] --START--
INFO: Run Behavior\ShowPageTraceBehavior [ RunTime:0.000539s ]
INFO: [ app_end ] --END-- [ RunTime:0.000626s ]

[ 2015-06-22T18:54:30+08:00 ] ::1 /1977hs/index.php/Admission/index.html
INFO: [ app_init ] --START--
INFO: Run Behavior\BuildLiteBehavior [ RunTime:0.000014s ]
INFO: [ app_init ] --END-- [ RunTime:0.000060s ]
INFO: [ app_begin ] --START--
INFO: Run Behavior\ReadHtmlCacheBehavior [ RunTime:0.000369s ]
INFO: [ app_begin ] --END-- [ RunTime:0.000421s ]
SQL: SHOW COLUMNS FROM `hs_webinfo` [ RunTime:0.0021s ]
SQL: SELECT `content` FROM `hs_webinfo` WHERE `type` = 'PHONE' LIMIT 1   [ RunTime:0.0003s ]
SQL: SHOW COLUMNS FROM `hs_contact` [ RunTime:0.0014s ]
SQL: SELECT `id`,`title`,`content` FROM `hs_contact`  [ RunTime:0.0003s ]
SQL: SHOW COLUMNS FROM `hs_admission` [ RunTime:0.0017s ]
SQL: SELECT `id`,`title`,`content` FROM `hs_admission`  [ RunTime:0.0004s ]
SQL: SHOW COLUMNS FROM `hs_picture` [ RunTime:0.0019s ]
SQL: SELECT `id`,`pic_adr`,`type` FROM `hs_picture` WHERE `type` = 'ERWEIMA' LIMIT 1   [ RunTime:0.0003s ]
SQL: SHOW COLUMNS FROM `hs_text` [ RunTime:0.0017s ]
NOTIC: [8] Use of undefined constant ture - assumed 'ture' /Applications/XAMPP/xamppfiles/htdocs/1977hs/Index/Home/Controller/AdmissionController.class.php 第 50 行.
SQL: SELECT `id`,`content` FROM `hs_text` WHERE `type` = 'EDUCATION' LIMIT 1   [ RunTime:0.0005s ]
NOTIC: [8] Use of undefined constant ture - assumed 'ture' /Applications/XAMPP/xamppfiles/htdocs/1977hs/Index/Home/Controller/AdmissionController.class.php 第 53 行.
SQL: SELECT `id`,`content` FROM `hs_text` WHERE `type` = 'LIFE' LIMIT 1   [ RunTime:0.0004s ]
SQL: SHOW COLUMNS FROM `hs_question` [ RunTime:0.0019s ]
NOTIC: [8] Use of undefined constant ture - assumed 'ture' /Applications/XAMPP/xamppfiles/htdocs/1977hs/Index/Home/Controller/AdmissionController.class.php 第 56 行.
SQL: SELECT `id`,`title`,`answer` FROM `hs_question` ORDER BY sort  [ RunTime:0.0006s ]
INFO: [ view_parse ] --START--
INFO: [ template_filter ] --START--
INFO: Run Behavior\ContentReplaceBehavior [ RunTime:0.000053s ]
INFO: [ template_filter ] --END-- [ RunTime:0.000109s ]
INFO: Run Behavior\ParseTemplateBehavior [ RunTime:0.009523s ]
INFO: [ view_parse ] --END-- [ RunTime:0.009577s ]
INFO: [ view_filter ] --START--
INFO: Run Behavior\WriteHtmlCacheBehavior [ RunTime:0.000135s ]
INFO: [ view_filter ] --END-- [ RunTime:0.000164s ]
INFO: [ app_end ] --START--
INFO: Run Behavior\ShowPageTraceBehavior [ RunTime:0.000518s ]
INFO: [ app_end ] --END-- [ RunTime:0.000585s ]

[ 2015-06-22T18:54:31+08:00 ] ::1 /1977hs/index.php/Admission/index.html
INFO: [ app_init ] --START--
INFO: Run Behavior\BuildLiteBehavior [ RunTime:0.000013s ]
INFO: [ app_init ] --END-- [ RunTime:0.000057s ]
INFO: [ app_begin ] --START--
INFO: Run Behavior\ReadHtmlCacheBehavior [ RunTime:0.000320s ]
INFO: [ app_begin ] --END-- [ RunTime:0.000370s ]
SQL: SHOW COLUMNS FROM `hs_webinfo` [ RunTime:0.0017s ]
SQL: SELECT `content` FROM `hs_webinfo` WHERE `type` = 'PHONE' LIMIT 1   [ RunTime:0.0004s ]
SQL: SHOW COLUMNS FROM `hs_contact` [ RunTime:0.0016s ]
SQL: SELECT `id`,`title`,`content` FROM `hs_contact`  [ RunTime:0.0003s ]
SQL: SHOW COLUMNS FROM `hs_admission` [ RunTime:0.0016s ]
SQL: SELECT `id`,`title`,`content` FROM `hs_admission`  [ RunTime:0.0004s ]
SQL: SHOW COLUMNS FROM `hs_picture` [ RunTime:0.0018s ]
SQL: SELECT `id`,`pic_adr`,`type` FROM `hs_picture` WHERE `type` = 'ERWEIMA' LIMIT 1   [ RunTime:0.0005s ]
SQL: SHOW COLUMNS FROM `hs_text` [ RunTime:0.0018s ]
NOTIC: [8] Use of undefined constant ture - assumed 'ture' /Applications/XAMPP/xamppfiles/htdocs/1977hs/Index/Home/Controller/AdmissionController.class.php 第 50 行.
SQL: SELECT `id`,`content` FROM `hs_text` WHERE `type` = 'EDUCATION' LIMIT 1   [ RunTime:0.0003s ]
NOTIC: [8] Use of undefined constant ture - assumed 'ture' /Applications/XAMPP/xamppfiles/htdocs/1977hs/Index/Home/Controller/AdmissionController.class.php 第 53 行.
SQL: SELECT `id`,`content` FROM `hs_text` WHERE `type` = 'LIFE' LIMIT 1   [ RunTime:0.0003s ]
SQL: SHOW COLUMNS FROM `hs_question` [ RunTime:0.0015s ]
NOTIC: [8] Use of undefined constant ture - assumed 'ture' /Applications/XAMPP/xamppfiles/htdocs/1977hs/Index/Home/Controller/AdmissionController.class.php 第 56 行.
SQL: SELECT `id`,`title`,`answer` FROM `hs_question` ORDER BY sort  [ RunTime:0.0003s ]
INFO: [ view_parse ] --START--
INFO: [ template_filter ] --START--
INFO: Run Behavior\ContentReplaceBehavior [ RunTime:0.000052s ]
INFO: [ template_filter ] --END-- [ RunTime:0.000107s ]
INFO: Run Behavior\ParseTemplateBehavior [ RunTime:0.010320s ]
INFO: [ view_parse ] --END-- [ RunTime:0.010369s ]
INFO: [ view_filter ] --START--
INFO: Run Behavior\WriteHtmlCacheBehavior [ RunTime:0.000150s ]
INFO: [ view_filter ] --END-- [ RunTime:0.000178s ]
INFO: [ app_end ] --START--
INFO: Run Behavior\ShowPageTraceBehavior [ RunTime:0.000501s ]
INFO: [ app_end ] --END-- [ RunTime:0.000558s ]

[ 2015-06-22T18:54:32+08:00 ] ::1 /1977hs/index.php/Admission/index.html
INFO: [ app_init ] --START--
INFO: Run Behavior\BuildLiteBehavior [ RunTime:0.000013s ]
INFO: [ app_init ] --END-- [ RunTime:0.000059s ]
INFO: [ app_begin ] --START--
INFO: Run Behavior\ReadHtmlCacheBehavior [ RunTime:0.000355s ]
INFO: [ app_begin ] --END-- [ RunTime:0.000407s ]
SQL: SHOW COLUMNS FROM `hs_webinfo` [ RunTime:0.0016s ]
SQL: SELECT `content` FROM `hs_webinfo` WHERE `type` = 'PHONE' LIMIT 1   [ RunTime:0.0003s ]
SQL: SHOW COLUMNS FROM `hs_contact` [ RunTime:0.0014s ]
SQL: SELECT `id`,`title`,`content` FROM `hs_contact`  [ RunTime:0.0002s ]
SQL: SHOW COLUMNS FROM `hs_admission` [ RunTime:0.0014s ]
SQL: SELECT `id`,`title`,`content` FROM `hs_admission`  [ RunTime:0.0004s ]
SQL: SHOW COLUMNS FROM `hs_picture` [ RunTime:0.0015s ]
SQL: SELECT `id`,`pic_adr`,`type` FROM `hs_picture` WHERE `type` = 'ERWEIMA' LIMIT 1   [ RunTime:0.0003s ]
SQL: SHOW COLUMNS FROM `hs_text` [ RunTime:0.0014s ]
NOTIC: [8] Use of undefined constant ture - assumed 'ture' /Applications/XAMPP/xamppfiles/htdocs/1977hs/Index/Home/Controller/AdmissionController.class.php 第 50 行.
SQL: SELECT `id`,`content` FROM `hs_text` WHERE `type` = 'EDUCATION' LIMIT 1   [ RunTime:0.0005s ]
NOTIC: [8] Use of undefined constant ture - assumed 'ture' /Applications/XAMPP/xamppfiles/htdocs/1977hs/Index/Home/Controller/AdmissionController.class.php 第 53 行.
SQL: SELECT `id`,`content` FROM `hs_text` WHERE `type` = 'LIFE' LIMIT 1   [ RunTime:0.0005s ]
SQL: SHOW COLUMNS FROM `hs_question` [ RunTime:0.0019s ]
NOTIC: [8] Use of undefined constant ture - assumed 'ture' /Applications/XAMPP/xamppfiles/htdocs/1977hs/Index/Home/Controller/AdmissionController.class.php 第 56 行.
SQL: SELECT `id`,`title`,`answer` FROM `hs_question` ORDER BY sort  [ RunTime:0.0003s ]
INFO: [ view_parse ] --START--
INFO: [ template_filter ] --START--
INFO: Run Behavior\ContentReplaceBehavior [ RunTime:0.000049s ]
INFO: [ template_filter ] --END-- [ RunTime:0.000100s ]
INFO: Run Behavior\ParseTemplateBehavior [ RunTime:0.008336s ]
INFO: [ view_parse ] --END-- [ RunTime:0.008404s ]
INFO: [ view_filter ] --START--
INFO: Run Behavior\WriteHtmlCacheBehavior [ RunTime:0.000265s ]
INFO: [ view_filter ] --END-- [ RunTime:0.000336s ]
INFO: [ app_end ] --START--
INFO: Run Behavior\ShowPageTraceBehavior [ RunTime:0.000558s ]
INFO: [ app_end ] --END-- [ RunTime:0.000632s ]

[ 2015-06-22T18:54:55+08:00 ] ::1 /1977hs/index.php/Admission/index.html
INFO: [ app_init ] --START--
INFO: Run Behavior\BuildLiteBehavior [ RunTime:0.000012s ]
INFO: [ app_init ] --END-- [ RunTime:0.000053s ]
INFO: [ app_begin ] --START--
INFO: Run Behavior\ReadHtmlCacheBehavior [ RunTime:0.000337s ]
INFO: [ app_begin ] --END-- [ RunTime:0.000380s ]
SQL: SHOW COLUMNS FROM `hs_webinfo` [ RunTime:0.0015s ]
SQL: SELECT `content` FROM `hs_webinfo` WHERE `type` = 'PHONE' LIMIT 1   [ RunTime:0.0003s ]
SQL: SHOW COLUMNS FROM `hs_contact` [ RunTime:0.0019s ]
SQL: SELECT `id`,`title`,`content` FROM `hs_contact`  [ RunTime:0.0004s ]
SQL: SHOW COLUMNS FROM `hs_admission` [ RunTime:0.0021s ]
SQL: SELECT `id`,`title`,`content` FROM `hs_admission`  [ RunTime:0.0005s ]
SQL: SHOW COLUMNS FROM `hs_picture` [ RunTime:0.0016s ]
SQL: SELECT `id`,`pic_adr`,`type` FROM `hs_picture` WHERE `type` = 'ERWEIMA' LIMIT 1   [ RunTime:0.0004s ]
SQL: SHOW COLUMNS FROM `hs_text` [ RunTime:0.0016s ]
NOTIC: [8] Use of undefined constant ture - assumed 'ture' /Applications/XAMPP/xamppfiles/htdocs/1977hs/Index/Home/Controller/AdmissionController.class.php 第 50 行.
SQL: SELECT `id`,`content` FROM `hs_text` WHERE `type` = 'EDUCATION' LIMIT 1   [ RunTime:0.0004s ]
NOTIC: [8] Use of undefined constant ture - assumed 'ture' /Applications/XAMPP/xamppfiles/htdocs/1977hs/Index/Home/Controller/AdmissionController.class.php 第 53 行.
SQL: SELECT `id`,`content` FROM `hs_text` WHERE `type` = 'LIFE' LIMIT 1   [ RunTime:0.0003s ]
SQL: SHOW COLUMNS FROM `hs_question` [ RunTime:0.0014s ]
NOTIC: [8] Use of undefined constant ture - assumed 'ture' /Applications/XAMPP/xamppfiles/htdocs/1977hs/Index/Home/Controller/AdmissionController.class.php 第 56 行.
SQL: SELECT `id`,`title`,`answer` FROM `hs_question` ORDER BY sort  [ RunTime:0.0003s ]
INFO: [ view_parse ] --START--
INFO: [ template_filter ] --START--
INFO: Run Behavior\ContentReplaceBehavior [ RunTime:0.000049s ]
INFO: [ template_filter ] --END-- [ RunTime:0.000104s ]
INFO: Run Behavior\ParseTemplateBehavior [ RunTime:0.008717s ]
INFO: [ view_parse ] --END-- [ RunTime:0.008766s ]
INFO: [ view_filter ] --START--
INFO: Run Behavior\WriteHtmlCacheBehavior [ RunTime:0.000132s ]
INFO: [ view_filter ] --END-- [ RunTime:0.000162s ]
INFO: [ app_end ] --START--
INFO: Run Behavior\ShowPageTraceBehavior [ RunTime:0.000430s ]
INFO: [ app_end ] --END-- [ RunTime:0.000501s ]

[ 2015-06-22T18:54:56+08:00 ] ::1 /1977hs/index.php/Admission/index.html
INFO: [ app_init ] --START--
INFO: Run Behavior\BuildLiteBehavior [ RunTime:0.000010s ]
INFO: [ app_init ] --END-- [ RunTime:0.000048s ]
INFO: [ app_begin ] --START--
INFO: Run Behavior\ReadHtmlCacheBehavior [ RunTime:0.000315s ]
INFO: [ app_begin ] --END-- [ RunTime:0.000356s ]
SQL: SHOW COLUMNS FROM `hs_webinfo` [ RunTime:0.0021s ]
SQL: SELECT `content` FROM `hs_webinfo` WHERE `type` = 'PHONE' LIMIT 1   [ RunTime:0.0005s ]
SQL: SHOW COLUMNS FROM `hs_contact` [ RunTime:0.0020s ]
SQL: SELECT `id`,`title`,`content` FROM `hs_contact`  [ RunTime:0.0004s ]
SQL: SHOW COLUMNS FROM `hs_admission` [ RunTime:0.0019s ]
SQL: SELECT `id`,`title`,`content` FROM `hs_admission`  [ RunTime:0.0004s ]
SQL: SHOW COLUMNS FROM `hs_picture` [ RunTime:0.0499s ]
SQL: SELECT `id`,`pic_adr`,`type` FROM `hs_picture` WHERE `type` = 'ERWEIMA' LIMIT 1   [ RunTime:0.0003s ]
SQL: SHOW COLUMNS FROM `hs_text` [ RunTime:0.0014s ]
NOTIC: [8] Use of undefined constant ture - assumed 'ture' /Applications/XAMPP/xamppfiles/htdocs/1977hs/Index/Home/Controller/AdmissionController.class.php 第 50 行.
SQL: SELECT `id`,`content` FROM `hs_text` WHERE `type` = 'EDUCATION' LIMIT 1   [ RunTime:0.0003s ]
NOTIC: [8] Use of undefined constant ture - assumed 'ture' /Applications/XAMPP/xamppfiles/htdocs/1977hs/Index/Home/Controller/AdmissionController.class.php 第 53 行.
SQL: SELECT `id`,`content` FROM `hs_text` WHERE `type` = 'LIFE' LIMIT 1   [ RunTime:0.0002s ]
SQL: SHOW COLUMNS FROM `hs_question` [ RunTime:0.0012s ]
NOTIC: [8] Use of undefined constant ture - assumed 'ture' /Applications/XAMPP/xamppfiles/htdocs/1977hs/Index/Home/Controller/AdmissionController.class.php 第 56 行.
SQL: SELECT `id`,`title`,`answer` FROM `hs_question` ORDER BY sort  [ RunTime:0.0003s ]
INFO: [ view_parse ] --START--
INFO: [ template_filter ] --START--
INFO: Run Behavior\ContentReplaceBehavior [ RunTime:0.000047s ]
INFO: [ template_filter ] --END-- [ RunTime:0.000095s ]
INFO: Run Behavior\ParseTemplateBehavior [ RunTime:0.008950s ]
INFO: [ view_parse ] --END-- [ RunTime:0.008996s ]
INFO: [ view_filter ] --START--
INFO: Run Behavior\WriteHtmlCacheBehavior [ RunTime:0.000128s ]
INFO: [ view_filter ] --END-- [ RunTime:0.000158s ]
INFO: [ app_end ] --START--
INFO: Run Behavior\ShowPageTraceBehavior [ RunTime:0.000397s ]
INFO: [ app_end ] --END-- [ RunTime:0.000447s ]

[ 2015-06-22T18:55:58+08:00 ] ::1 /1977hs/index.php/Admission/index.html
INFO: [ app_init ] --START--
INFO: Run Behavior\BuildLiteBehavior [ RunTime:0.000011s ]
INFO: [ app_init ] --END-- [ RunTime:0.000052s ]
INFO: [ app_begin ] --START--
INFO: Run Behavior\ReadHtmlCacheBehavior [ RunTime:0.000332s ]
INFO: [ app_begin ] --END-- [ RunTime:0.000374s ]
SQL: SHOW COLUMNS FROM `hs_webinfo` [ RunTime:0.0015s ]
SQL: SELECT `content` FROM `hs_webinfo` WHERE `type` = 'PHONE' LIMIT 1   [ RunTime:0.0003s ]
SQL: SHOW COLUMNS FROM `hs_contact` [ RunTime:0.0012s ]
SQL: SELECT `id`,`title`,`content` FROM `hs_contact`  [ RunTime:0.0003s ]
SQL: SHOW COLUMNS FROM `hs_admission` [ RunTime:0.0016s ]
SQL: SELECT `id`,`title`,`content` FROM `hs_admission`  [ RunTime:0.0005s ]
SQL: SHOW COLUMNS FROM `hs_picture` [ RunTime:0.0019s ]
SQL: SELECT `id`,`pic_adr`,`type` FROM `hs_picture` WHERE `type` = 'ERWEIMA' LIMIT 1   [ RunTime:0.0003s ]
SQL: SHOW COLUMNS FROM `hs_text` [ RunTime:0.0013s ]
NOTIC: [8] Use of undefined constant ture - assumed 'ture' /Applications/XAMPP/xamppfiles/htdocs/1977hs/Index/Home/Controller/AdmissionController.class.php 第 50 行.
SQL: SELECT `id`,`content` FROM `hs_text` WHERE `type` = 'EDUCATION' LIMIT 1   [ RunTime:0.0004s ]
NOTIC: [8] Use of undefined constant ture - assumed 'ture' /Applications/XAMPP/xamppfiles/htdocs/1977hs/Index/Home/Controller/AdmissionController.class.php 第 53 行.
SQL: SELECT `id`,`content` FROM `hs_text` WHERE `type` = 'LIFE' LIMIT 1   [ RunTime:0.0003s ]
SQL: SHOW COLUMNS FROM `hs_question` [ RunTime:0.0018s ]
NOTIC: [8] Use of undefined constant ture - assumed 'ture' /Applications/XAMPP/xamppfiles/htdocs/1977hs/Index/Home/Controller/AdmissionController.class.php 第 56 行.
SQL: SELECT `id`,`title`,`answer` FROM `hs_question` ORDER BY sort  [ RunTime:0.0004s ]
INFO: [ view_parse ] --START--
INFO: [ template_filter ] --START--
INFO: Run Behavior\ContentReplaceBehavior [ RunTime:0.000065s ]
INFO: [ template_filter ] --END-- [ RunTime:0.000120s ]
INFO: Run Behavior\ParseTemplateBehavior [ RunTime:0.008673s ]
INFO: [ view_parse ] --END-- [ RunTime:0.008745s ]
INFO: [ view_filter ] --START--
INFO: Run Behavior\WriteHtmlCacheBehavior [ RunTime:0.000229s ]
INFO: [ view_filter ] --END-- [ RunTime:0.000279s ]
INFO: [ app_end ] --START--
INFO: Run Behavior\ShowPageTraceBehavior [ RunTime:0.000550s ]
INFO: [ app_end ] --END-- [ RunTime:0.000633s ]

[ 2015-06-22T18:57:43+08:00 ] ::1 /1977hs/index.php/Admission/index.html
INFO: [ app_init ] --START--
INFO: Run Behavior\BuildLiteBehavior [ RunTime:0.000011s ]
INFO: [ app_init ] --END-- [ RunTime:0.000052s ]
INFO: [ app_begin ] --START--
INFO: Run Behavior\ReadHtmlCacheBehavior [ RunTime:0.000308s ]
INFO: [ app_begin ] --END-- [ RunTime:0.000347s ]
SQL: SHOW COLUMNS FROM `hs_webinfo` [ RunTime:0.0013s ]
SQL: SELECT `content` FROM `hs_webinfo` WHERE `type` = 'PHONE' LIMIT 1   [ RunTime:0.0002s ]
SQL: SHOW COLUMNS FROM `hs_contact` [ RunTime:0.0011s ]
SQL: SELECT `id`,`title`,`content` FROM `hs_contact`  [ RunTime:0.0002s ]
SQL: SHOW COLUMNS FROM `hs_admission` [ RunTime:0.0012s ]
SQL: SELECT `id`,`title`,`content` FROM `hs_admission`  [ RunTime:0.0005s ]
SQL: SHOW COLUMNS FROM `hs_picture` [ RunTime:0.0015s ]
SQL: SELECT `id`,`pic_adr`,`type` FROM `hs_picture` WHERE `type` = 'ERWEIMA' LIMIT 1   [ RunTime:0.0005s ]
SQL: SHOW COLUMNS FROM `hs_text` [ RunTime:0.0030s ]
NOTIC: [8] Use of undefined constant ture - assumed 'ture' /Applications/XAMPP/xamppfiles/htdocs/1977hs/Index/Home/Controller/AdmissionController.class.php 第 50 行.
SQL: SELECT `id`,`content` FROM `hs_text` WHERE `type` = 'EDUCATION' LIMIT 1   [ RunTime:0.0004s ]
NOTIC: [8] Use of undefined constant ture - assumed 'ture' /Applications/XAMPP/xamppfiles/htdocs/1977hs/Index/Home/Controller/AdmissionController.class.php 第 53 行.
SQL: SELECT `id`,`content` FROM `hs_text` WHERE `type` = 'LIFE' LIMIT 1   [ RunTime:0.0003s ]
SQL: SHOW COLUMNS FROM `hs_question` [ RunTime:0.0012s ]
NOTIC: [8] Use of undefined constant ture - assumed 'ture' /Applications/XAMPP/xamppfiles/htdocs/1977hs/Index/Home/Controller/AdmissionController.class.php 第 56 行.
SQL: SELECT `id`,`title`,`answer` FROM `hs_question` ORDER BY sort  [ RunTime:0.0003s ]
INFO: [ view_parse ] --START--
INFO: [ template_filter ] --START--
INFO: Run Behavior\ContentReplaceBehavior [ RunTime:0.000050s ]
INFO: [ template_filter ] --END-- [ RunTime:0.000104s ]
INFO: Run Behavior\ParseTemplateBehavior [ RunTime:0.008818s ]
INFO: [ view_parse ] --END-- [ RunTime:0.008894s ]
INFO: [ view_filter ] --START--
INFO: Run Behavior\WriteHtmlCacheBehavior [ RunTime:0.000256s ]
INFO: [ view_filter ] --END-- [ RunTime:0.000308s ]
INFO: [ app_end ] --START--
INFO: Run Behavior\ShowPageTraceBehavior [ RunTime:0.000636s ]
INFO: [ app_end ] --END-- [ RunTime:0.000718s ]

[ 2015-06-22T18:59:09+08:00 ] ::1 /1977hs/index.php/Admission/index.html
INFO: [ app_init ] --START--
INFO: Run Behavior\BuildLiteBehavior [ RunTime:0.000012s ]
INFO: [ app_init ] --END-- [ RunTime:0.000053s ]
INFO: [ app_begin ] --START--
INFO: Run Behavior\ReadHtmlCacheBehavior [ RunTime:0.000463s ]
INFO: [ app_begin ] --END-- [ RunTime:0.000553s ]
SQL: SHOW COLUMNS FROM `hs_webinfo` [ RunTime:0.0018s ]
SQL: SELECT `content` FROM `hs_webinfo` WHERE `type` = 'PHONE' LIMIT 1   [ RunTime:0.0003s ]
SQL: SHOW COLUMNS FROM `hs_contact` [ RunTime:0.0013s ]
SQL: SELECT `id`,`title`,`content` FROM `hs_contact`  [ RunTime:0.0003s ]
SQL: SHOW COLUMNS FROM `hs_admission` [ RunTime:0.0013s ]
SQL: SELECT `id`,`title`,`content` FROM `hs_admission`  [ RunTime:0.0005s ]
SQL: SHOW COLUMNS FROM `hs_picture` [ RunTime:0.0017s ]
SQL: SELECT `id`,`pic_adr`,`type` FROM `hs_picture` WHERE `type` = 'ERWEIMA' LIMIT 1   [ RunTime:0.0003s ]
SQL: SHOW COLUMNS FROM `hs_text` [ RunTime:0.0015s ]
NOTIC: [8] Use of undefined constant ture - assumed 'ture' /Applications/XAMPP/xamppfiles/htdocs/1977hs/Index/Home/Controller/AdmissionController.class.php 第 50 行.
SQL: SELECT `id`,`content` FROM `hs_text` WHERE `type` = 'EDUCATION' LIMIT 1   [ RunTime:0.0005s ]
NOTIC: [8] Use of undefined constant ture - assumed 'ture' /Applications/XAMPP/xamppfiles/htdocs/1977hs/Index/Home/Controller/AdmissionController.class.php 第 53 行.
SQL: SELECT `id`,`content` FROM `hs_text` WHERE `type` = 'LIFE' LIMIT 1   [ RunTime:0.0003s ]
SQL: SHOW COLUMNS FROM `hs_question` [ RunTime:0.0015s ]
NOTIC: [8] Use of undefined constant ture - assumed 'ture' /Applications/XAMPP/xamppfiles/htdocs/1977hs/Index/Home/Controller/AdmissionController.class.php 第 56 行.
SQL: SELECT `id`,`title`,`answer` FROM `hs_question` ORDER BY sort  [ RunTime:0.0004s ]
INFO: [ view_parse ] --START--
INFO: [ template_filter ] --START--
INFO: Run Behavior\ContentReplaceBehavior [ RunTime:0.000048s ]
INFO: [ template_filter ] --END-- [ RunTime:0.000093s ]
INFO: Run Behavior\ParseTemplateBehavior [ RunTime:0.008855s ]
INFO: [ view_parse ] --END-- [ RunTime:0.008893s ]
INFO: [ view_filter ] --START--
INFO: Run Behavior\WriteHtmlCacheBehavior [ RunTime:0.000116s ]
INFO: [ view_filter ] --END-- [ RunTime:0.000144s ]
INFO: [ app_end ] --START--
INFO: Run Behavior\ShowPageTraceBehavior [ RunTime:0.000407s ]
INFO: [ app_end ] --END-- [ RunTime:0.000458s ]

[ 2015-06-22T18:59:10+08:00 ] ::1 /1977hs/index.php/Admission/index.html
INFO: [ app_init ] --START--
INFO: Run Behavior\BuildLiteBehavior [ RunTime:0.000009s ]
INFO: [ app_init ] --END-- [ RunTime:0.000048s ]
INFO: [ app_begin ] --START--
INFO: Run Behavior\ReadHtmlCacheBehavior [ RunTime:0.000344s ]
INFO: [ app_begin ] --END-- [ RunTime:0.000429s ]
SQL: SHOW COLUMNS FROM `hs_webinfo` [ RunTime:0.0022s ]
SQL: SELECT `content` FROM `hs_webinfo` WHERE `type` = 'PHONE' LIMIT 1   [ RunTime:0.0004s ]
SQL: SHOW COLUMNS FROM `hs_contact` [ RunTime:0.0017s ]
SQL: SELECT `id`,`title`,`content` FROM `hs_contact`  [ RunTime:0.0003s ]
SQL: SHOW COLUMNS FROM `hs_admission` [ RunTime:0.0022s ]
SQL: SELECT `id`,`title`,`content` FROM `hs_admission`  [ RunTime:0.0004s ]
SQL: SHOW COLUMNS FROM `hs_picture` [ RunTime:0.0019s ]
SQL: SELECT `id`,`pic_adr`,`type` FROM `hs_picture` WHERE `type` = 'ERWEIMA' LIMIT 1   [ RunTime:0.0004s ]
SQL: SHOW COLUMNS FROM `hs_text` [ RunTime:0.0018s ]
NOTIC: [8] Use of undefined constant ture - assumed 'ture' /Applications/XAMPP/xamppfiles/htdocs/1977hs/Index/Home/Controller/AdmissionController.class.php 第 50 行.
SQL: SELECT `id`,`content` FROM `hs_text` WHERE `type` = 'EDUCATION' LIMIT 1   [ RunTime:0.0003s ]
NOTIC: [8] Use of undefined constant ture - assumed 'ture' /Applications/XAMPP/xamppfiles/htdocs/1977hs/Index/Home/Controller/AdmissionController.class.php 第 53 行.
SQL: SELECT `id`,`content` FROM `hs_text` WHERE `type` = 'LIFE' LIMIT 1   [ RunTime:0.0003s ]
SQL: SHOW COLUMNS FROM `hs_question` [ RunTime:0.0015s ]
NOTIC: [8] Use of undefined constant ture - assumed 'ture' /Applications/XAMPP/xamppfiles/htdocs/1977hs/Index/Home/Controller/AdmissionController.class.php 第 56 行.
SQL: SELECT `id`,`title`,`answer` FROM `hs_question` ORDER BY sort  [ RunTime:0.0003s ]
INFO: [ view_parse ] --START--
INFO: [ template_filter ] --START--
INFO: Run Behavior\ContentReplaceBehavior [ RunTime:0.000052s ]
INFO: [ template_filter ] --END-- [ RunTime:0.000105s ]
INFO: Run Behavior\ParseTemplateBehavior [ RunTime:0.008381s ]
INFO: [ view_parse ] --END-- [ RunTime:0.008425s ]
INFO: [ view_filter ] --START--
INFO: Run Behavior\WriteHtmlCacheBehavior [ RunTime:0.000126s ]
INFO: [ view_filter ] --END-- [ RunTime:0.000155s ]
INFO: [ app_end ] --START--
INFO: Run Behavior\ShowPageTraceBehavior [ RunTime:0.000431s ]
INFO: [ app_end ] --END-- [ RunTime:0.000493s ]

[ 2015-06-22T18:59:50+08:00 ] ::1 /1977hs/index.php/Admission/index.html
INFO: [ app_init ] --START--
INFO: Run Behavior\BuildLiteBehavior [ RunTime:0.000016s ]
INFO: [ app_init ] --END-- [ RunTime:0.000080s ]
INFO: [ app_begin ] --START--
INFO: Run Behavior\ReadHtmlCacheBehavior [ RunTime:0.000521s ]
INFO: [ app_begin ] --END-- [ RunTime:0.000603s ]
SQL: SHOW COLUMNS FROM `hs_webinfo` [ RunTime:0.0017s ]
SQL: SELECT `content` FROM `hs_webinfo` WHERE `type` = 'PHONE' LIMIT 1   [ RunTime:0.0002s ]
SQL: SHOW COLUMNS FROM `hs_contact` [ RunTime:0.0014s ]
SQL: SELECT `id`,`title`,`content` FROM `hs_contact`  [ RunTime:0.0003s ]
SQL: SHOW COLUMNS FROM `hs_admission` [ RunTime:0.0017s ]
SQL: SELECT `id`,`title`,`content` FROM `hs_admission`  [ RunTime:0.0003s ]
SQL: SHOW COLUMNS FROM `hs_picture` [ RunTime:0.0014s ]
SQL: SELECT `id`,`pic_adr`,`type` FROM `hs_picture` WHERE `type` = 'ERWEIMA' LIMIT 1   [ RunTime:0.0003s ]
SQL: SHOW COLUMNS FROM `hs_text` [ RunTime:0.0017s ]
NOTIC: [8] Use of undefined constant ture - assumed 'ture' /Applications/XAMPP/xamppfiles/htdocs/1977hs/Index/Home/Controller/AdmissionController.class.php 第 50 行.
SQL: SELECT `id`,`content` FROM `hs_text` WHERE `type` = 'EDUCATION' LIMIT 1   [ RunTime:0.0004s ]
NOTIC: [8] Use of undefined constant ture - assumed 'ture' /Applications/XAMPP/xamppfiles/htdocs/1977hs/Index/Home/Controller/AdmissionController.class.php 第 53 行.
SQL: SELECT `id`,`content` FROM `hs_text` WHERE `type` = 'LIFE' LIMIT 1   [ RunTime:0.0003s ]
SQL: SHOW COLUMNS FROM `hs_question` [ RunTime:0.0014s ]
NOTIC: [8] Use of undefined constant ture - assumed 'ture' /Applications/XAMPP/xamppfiles/htdocs/1977hs/Index/Home/Controller/AdmissionController.class.php 第 56 行.
SQL: SELECT `id`,`title`,`answer` FROM `hs_question` ORDER BY sort  [ RunTime:0.0003s ]
INFO: [ view_parse ] --START--
INFO: [ template_filter ] --START--
INFO: Run Behavior\ContentReplaceBehavior [ RunTime:0.000051s ]
INFO: [ template_filter ] --END-- [ RunTime:0.000107s ]
INFO: Run Behavior\ParseTemplateBehavior [ RunTime:0.008927s ]
INFO: [ view_parse ] --END-- [ RunTime:0.009006s ]
INFO: [ view_filter ] --START--
INFO: Run Behavior\WriteHtmlCacheBehavior [ RunTime:0.000193s ]
INFO: [ view_filter ] --END-- [ RunTime:0.000240s ]
INFO: [ app_end ] --START--
INFO: Run Behavior\ShowPageTraceBehavior [ RunTime:0.000364s ]
INFO: [ app_end ] --END-- [ RunTime:0.000410s ]

[ 2015-06-22T19:01:00+08:00 ] ::1 /1977hs/index.php/Admission/index.html
INFO: [ app_init ] --START--
INFO: Run Behavior\BuildLiteBehavior [ RunTime:0.000011s ]
INFO: [ app_init ] --END-- [ RunTime:0.000060s ]
INFO: [ app_begin ] --START--
INFO: Run Behavior\ReadHtmlCacheBehavior [ RunTime:0.000327s ]
INFO: [ app_begin ] --END-- [ RunTime:0.000370s ]
SQL: SHOW COLUMNS FROM `hs_webinfo` [ RunTime:0.0016s ]
SQL: SELECT `content` FROM `hs_webinfo` WHERE `type` = 'PHONE' LIMIT 1   [ RunTime:0.0003s ]
SQL: SHOW COLUMNS FROM `hs_contact` [ RunTime:0.0015s ]
SQL: SELECT `id`,`title`,`content` FROM `hs_contact`  [ RunTime:0.0004s ]
SQL: SHOW COLUMNS FROM `hs_admission` [ RunTime:0.0017s ]
SQL: SELECT `id`,`title`,`content` FROM `hs_admission`  [ RunTime:0.0004s ]
SQL: SHOW COLUMNS FROM `hs_picture` [ RunTime:0.0015s ]
SQL: SELECT `id`,`pic_adr`,`type` FROM `hs_picture` WHERE `type` = 'ERWEIMA' LIMIT 1   [ RunTime:0.0004s ]
SQL: SHOW COLUMNS FROM `hs_text` [ RunTime:0.0014s ]
NOTIC: [8] Use of undefined constant ture - assumed 'ture' /Applications/XAMPP/xamppfiles/htdocs/1977hs/Index/Home/Controller/AdmissionController.class.php 第 50 行.
SQL: SELECT `id`,`content` FROM `hs_text` WHERE `type` = 'EDUCATION' LIMIT 1   [ RunTime:0.0003s ]
NOTIC: [8] Use of undefined constant ture - assumed 'ture' /Applications/XAMPP/xamppfiles/htdocs/1977hs/Index/Home/Controller/AdmissionController.class.php 第 53 行.
SQL: SELECT `id`,`content` FROM `hs_text` WHERE `type` = 'LIFE' LIMIT 1   [ RunTime:0.0002s ]
SQL: SHOW COLUMNS FROM `hs_question` [ RunTime:0.0015s ]
NOTIC: [8] Use of undefined constant ture - assumed 'ture' /Applications/XAMPP/xamppfiles/htdocs/1977hs/Index/Home/Controller/AdmissionController.class.php 第 56 行.
SQL: SELECT `id`,`title`,`answer` FROM `hs_question` ORDER BY sort  [ RunTime:0.0005s ]
INFO: [ view_parse ] --START--
INFO: [ template_filter ] --START--
INFO: Run Behavior\ContentReplaceBehavior [ RunTime:0.000054s ]
INFO: [ template_filter ] --END-- [ RunTime:0.000124s ]
INFO: Run Behavior\ParseTemplateBehavior [ RunTime:0.008851s ]
INFO: [ view_parse ] --END-- [ RunTime:0.008890s ]
INFO: [ view_filter ] --START--
INFO: Run Behavior\WriteHtmlCacheBehavior [ RunTime:0.000119s ]
INFO: [ view_filter ] --END-- [ RunTime:0.000147s ]
INFO: [ app_end ] --START--
INFO: Run Behavior\ShowPageTraceBehavior [ RunTime:0.000406s ]
INFO: [ app_end ] --END-- [ RunTime:0.000452s ]

[ 2015-06-22T19:01:42+08:00 ] ::1 /1977hs/index.php/Admission/index.html
INFO: [ app_init ] --START--
INFO: Run Behavior\BuildLiteBehavior [ RunTime:0.000012s ]
INFO: [ app_init ] --END-- [ RunTime:0.000053s ]
INFO: [ app_begin ] --START--
INFO: Run Behavior\ReadHtmlCacheBehavior [ RunTime:0.000365s ]
INFO: [ app_begin ] --END-- [ RunTime:0.000411s ]
SQL: SHOW COLUMNS FROM `hs_webinfo` [ RunTime:0.0026s ]
SQL: SELECT `content` FROM `hs_webinfo` WHERE `type` = 'PHONE' LIMIT 1   [ RunTime:0.0007s ]
SQL: SHOW COLUMNS FROM `hs_contact` [ RunTime:0.0025s ]
SQL: SELECT `id`,`title`,`content` FROM `hs_contact`  [ RunTime:0.0004s ]
SQL: SHOW COLUMNS FROM `hs_admission` [ RunTime:0.0016s ]
SQL: SELECT `id`,`title`,`content` FROM `hs_admission`  [ RunTime:0.0004s ]
SQL: SHOW COLUMNS FROM `hs_picture` [ RunTime:0.0014s ]
SQL: SELECT `id`,`pic_adr`,`type` FROM `hs_picture` WHERE `type` = 'ERWEIMA' LIMIT 1   [ RunTime:0.0003s ]
SQL: SHOW COLUMNS FROM `hs_text` [ RunTime:0.0013s ]
NOTIC: [8] Use of undefined constant ture - assumed 'ture' /Applications/XAMPP/xamppfiles/htdocs/1977hs/Index/Home/Controller/AdmissionController.class.php 第 50 行.
SQL: SELECT `id`,`content` FROM `hs_text` WHERE `type` = 'EDUCATION' LIMIT 1   [ RunTime:0.0002s ]
NOTIC: [8] Use of undefined constant ture - assumed 'ture' /Applications/XAMPP/xamppfiles/htdocs/1977hs/Index/Home/Controller/AdmissionController.class.php 第 53 行.
SQL: SELECT `id`,`content` FROM `hs_text` WHERE `type` = 'LIFE' LIMIT 1   [ RunTime:0.0002s ]
SQL: SHOW COLUMNS FROM `hs_question` [ RunTime:0.0011s ]
NOTIC: [8] Use of undefined constant ture - assumed 'ture' /Applications/XAMPP/xamppfiles/htdocs/1977hs/Index/Home/Controller/AdmissionController.class.php 第 56 行.
SQL: SELECT `id`,`title`,`answer` FROM `hs_question` ORDER BY sort  [ RunTime:0.0003s ]
INFO: [ view_parse ] --START--
INFO: [ template_filter ] --START--
INFO: Run Behavior\ContentReplaceBehavior [ RunTime:0.000051s ]
INFO: [ template_filter ] --END-- [ RunTime:0.000104s ]
INFO: Run Behavior\ParseTemplateBehavior [ RunTime:0.010617s ]
INFO: [ view_parse ] --END-- [ RunTime:0.010667s ]
INFO: [ view_filter ] --START--
INFO: Run Behavior\WriteHtmlCacheBehavior [ RunTime:0.000155s ]
INFO: [ view_filter ] --END-- [ RunTime:0.000189s ]
INFO: [ app_end ] --START--
INFO: Run Behavior\ShowPageTraceBehavior [ RunTime:0.000392s ]
INFO: [ app_end ] --END-- [ RunTime:0.000449s ]

[ 2015-06-22T19:04:36+08:00 ] ::1 /1977hs/index.php/Admission/index.html
INFO: [ app_init ] --START--
INFO: Run Behavior\BuildLiteBehavior [ RunTime:0.000014s ]
INFO: [ app_init ] --END-- [ RunTime:0.000067s ]
INFO: [ app_begin ] --START--
INFO: Run Behavior\ReadHtmlCacheBehavior [ RunTime:0.000470s ]
INFO: [ app_begin ] --END-- [ RunTime:0.000532s ]
SQL: SHOW COLUMNS FROM `hs_webinfo` [ RunTime:0.0017s ]
SQL: SELECT `content` FROM `hs_webinfo` WHERE `type` = 'PHONE' LIMIT 1   [ RunTime:0.0003s ]
SQL: SHOW COLUMNS FROM `hs_contact` [ RunTime:0.0011s ]
SQL: SELECT `id`,`title`,`content` FROM `hs_contact`  [ RunTime:0.0002s ]
SQL: SHOW COLUMNS FROM `hs_admission` [ RunTime:0.0013s ]
SQL: SELECT `id`,`title`,`content` FROM `hs_admission`  [ RunTime:0.0003s ]
SQL: SHOW COLUMNS FROM `hs_picture` [ RunTime:0.0012s ]
SQL: SELECT `id`,`pic_adr`,`type` FROM `hs_picture` WHERE `type` = 'ERWEIMA' LIMIT 1   [ RunTime:0.0004s ]
SQL: SHOW COLUMNS FROM `hs_text` [ RunTime:0.0027s ]
NOTIC: [8] Use of undefined constant ture - assumed 'ture' /Applications/XAMPP/xamppfiles/htdocs/1977hs/Index/Home/Controller/AdmissionController.class.php 第 50 行.
SQL: SELECT `id`,`content` FROM `hs_text` WHERE `type` = 'EDUCATION' LIMIT 1   [ RunTime:0.0006s ]
NOTIC: [8] Use of undefined constant ture - assumed 'ture' /Applications/XAMPP/xamppfiles/htdocs/1977hs/Index/Home/Controller/AdmissionController.class.php 第 53 行.
SQL: SELECT `id`,`content` FROM `hs_text` WHERE `type` = 'LIFE' LIMIT 1   [ RunTime:0.0004s ]
SQL: SHOW COLUMNS FROM `hs_question` [ RunTime:0.0014s ]
NOTIC: [8] Use of undefined constant ture - assumed 'ture' /Applications/XAMPP/xamppfiles/htdocs/1977hs/Index/Home/Controller/AdmissionController.class.php 第 56 行.
SQL: SELECT `id`,`title`,`answer` FROM `hs_question` ORDER BY sort  [ RunTime:0.0003s ]
INFO: [ view_parse ] --START--
INFO: [ template_filter ] --START--
INFO: Run Behavior\ContentReplaceBehavior [ RunTime:0.000049s ]
INFO: [ template_filter ] --END-- [ RunTime:0.000097s ]
INFO: Run Behavior\ParseTemplateBehavior [ RunTime:0.040241s ]
INFO: [ view_parse ] --END-- [ RunTime:0.040300s ]
INFO: [ view_filter ] --START--
INFO: Run Behavior\WriteHtmlCacheBehavior [ RunTime:0.000131s ]
INFO: [ view_filter ] --END-- [ RunTime:0.000160s ]
INFO: [ app_end ] --START--
INFO: Run Behavior\ShowPageTraceBehavior [ RunTime:0.000400s ]
INFO: [ app_end ] --END-- [ RunTime:0.000444s ]

[ 2015-06-22T19:06:42+08:00 ] ::1 /1977hs/index.php/Admission/index.html
INFO: [ app_init ] --START--
INFO: Run Behavior\BuildLiteBehavior [ RunTime:0.000019s ]
INFO: [ app_init ] --END-- [ RunTime:0.000097s ]
INFO: [ app_begin ] --START--
INFO: Run Behavior\ReadHtmlCacheBehavior [ RunTime:0.000567s ]
INFO: [ app_begin ] --END-- [ RunTime:0.000653s ]
SQL: SHOW COLUMNS FROM `hs_webinfo` [ RunTime:0.0013s ]
SQL: SELECT `content` FROM `hs_webinfo` WHERE `type` = 'PHONE' LIMIT 1   [ RunTime:0.0002s ]
SQL: SHOW COLUMNS FROM `hs_contact` [ RunTime:0.0011s ]
SQL: SELECT `id`,`title`,`content` FROM `hs_contact`  [ RunTime:0.0002s ]
SQL: SHOW COLUMNS FROM `hs_admission` [ RunTime:0.0013s ]
SQL: SELECT `id`,`title`,`content` FROM `hs_admission`  [ RunTime:0.0003s ]
SQL: SHOW COLUMNS FROM `hs_picture` [ RunTime:0.0015s ]
SQL: SELECT `id`,`pic_adr`,`type` FROM `hs_picture` WHERE `type` = 'ERWEIMA' LIMIT 1   [ RunTime:0.0004s ]
SQL: SHOW COLUMNS FROM `hs_text` [ RunTime:0.0014s ]
NOTIC: [8] Use of undefined constant ture - assumed 'ture' /Applications/XAMPP/xamppfiles/htdocs/1977hs/Index/Home/Controller/AdmissionController.class.php 第 50 行.
SQL: SELECT `id`,`content` FROM `hs_text` WHERE `type` = 'EDUCATION' LIMIT 1   [ RunTime:0.0004s ]
NOTIC: [8] Use of undefined constant ture - assumed 'ture' /Applications/XAMPP/xamppfiles/htdocs/1977hs/Index/Home/Controller/AdmissionController.class.php 第 53 行.
SQL: SELECT `id`,`content` FROM `hs_text` WHERE `type` = 'LIFE' LIMIT 1   [ RunTime:0.0007s ]
SQL: SHOW COLUMNS FROM `hs_question` [ RunTime:0.0017s ]
NOTIC: [8] Use of undefined constant ture - assumed 'ture' /Applications/XAMPP/xamppfiles/htdocs/1977hs/Index/Home/Controller/AdmissionController.class.php 第 56 行.
SQL: SELECT `id`,`title`,`answer` FROM `hs_question` ORDER BY sort  [ RunTime:0.0004s ]
INFO: [ view_parse ] --START--
INFO: [ template_filter ] --START--
INFO: Run Behavior\ContentReplaceBehavior [ RunTime:0.000045s ]
INFO: [ template_filter ] --END-- [ RunTime:0.000088s ]
INFO: Run Behavior\ParseTemplateBehavior [ RunTime:0.025766s ]
INFO: [ view_parse ] --END-- [ RunTime:0.025823s ]
INFO: [ view_filter ] --START--
INFO: Run Behavior\WriteHtmlCacheBehavior [ RunTime:0.000151s ]
INFO: [ view_filter ] --END-- [ RunTime:0.000185s ]
INFO: [ app_end ] --START--
INFO: Run Behavior\ShowPageTraceBehavior [ RunTime:0.000707s ]
INFO: [ app_end ] --END-- [ RunTime:0.000796s ]

[ 2015-06-22T19:07:29+08:00 ] ::1 /1977hs/index.php/Admission/index.html
INFO: [ app_init ] --START--
INFO: Run Behavior\BuildLiteBehavior [ RunTime:0.000012s ]
INFO: [ app_init ] --END-- [ RunTime:0.000062s ]
INFO: [ app_begin ] --START--
INFO: Run Behavior\ReadHtmlCacheBehavior [ RunTime:0.000335s ]
INFO: [ app_begin ] --END-- [ RunTime:0.000384s ]
SQL: SHOW COLUMNS FROM `hs_webinfo` [ RunTime:0.0019s ]
SQL: SELECT `content` FROM `hs_webinfo` WHERE `type` = 'PHONE' LIMIT 1   [ RunTime:0.0005s ]
SQL: SHOW COLUMNS FROM `hs_contact` [ RunTime:0.0016s ]
SQL: SELECT `id`,`title`,`content` FROM `hs_contact`  [ RunTime:0.0003s ]
SQL: SHOW COLUMNS FROM `hs_admission` [ RunTime:0.0021s ]
SQL: SELECT `id`,`title`,`content` FROM `hs_admission`  [ RunTime:0.0005s ]
SQL: SHOW COLUMNS FROM `hs_picture` [ RunTime:0.0019s ]
SQL: SELECT `id`,`pic_adr`,`type` FROM `hs_picture` WHERE `type` = 'ERWEIMA' LIMIT 1   [ RunTime:0.0005s ]
SQL: SHOW COLUMNS FROM `hs_text` [ RunTime:0.0017s ]
NOTIC: [8] Use of undefined constant ture - assumed 'ture' /Applications/XAMPP/xamppfiles/htdocs/1977hs/Index/Home/Controller/AdmissionController.class.php 第 50 行.
SQL: SELECT `id`,`content` FROM `hs_text` WHERE `type` = 'EDUCATION' LIMIT 1   [ RunTime:0.0003s ]
NOTIC: [8] Use of undefined constant ture - assumed 'ture' /Applications/XAMPP/xamppfiles/htdocs/1977hs/Index/Home/Controller/AdmissionController.class.php 第 53 行.
SQL: SELECT `id`,`content` FROM `hs_text` WHERE `type` = 'LIFE' LIMIT 1   [ RunTime:0.0003s ]
SQL: SHOW COLUMNS FROM `hs_question` [ RunTime:0.0016s ]
NOTIC: [8] Use of undefined constant ture - assumed 'ture' /Applications/XAMPP/xamppfiles/htdocs/1977hs/Index/Home/Controller/AdmissionController.class.php 第 56 行.
SQL: SELECT `id`,`title`,`answer` FROM `hs_question` ORDER BY sort  [ RunTime:0.0004s ]
INFO: [ view_parse ] --START--
INFO: [ template_filter ] --START--
INFO: Run Behavior\ContentReplaceBehavior [ RunTime:0.000060s ]
INFO: [ template_filter ] --END-- [ RunTime:0.000129s ]
INFO: Run Behavior\ParseTemplateBehavior [ RunTime:0.009955s ]
INFO: [ view_parse ] --END-- [ RunTime:0.010027s ]
INFO: [ view_filter ] --START--
INFO: Run Behavior\WriteHtmlCacheBehavior [ RunTime:0.000270s ]
INFO: [ view_filter ] --END-- [ RunTime:0.000311s ]
INFO: [ app_end ] --START--
INFO: Run Behavior\ShowPageTraceBehavior [ RunTime:0.000499s ]
INFO: [ app_end ] --END-- [ RunTime:0.000569s ]

[ 2015-06-22T21:12:02+08:00 ] ::1 /1977hs/index.php/Admission/index.html
INFO: [ app_init ] --START--
INFO: Run Behavior\BuildLiteBehavior [ RunTime:0.000019s ]
INFO: [ app_init ] --END-- [ RunTime:0.000118s ]
INFO: [ app_begin ] --START--
INFO: Run Behavior\ReadHtmlCacheBehavior [ RunTime:0.000543s ]
INFO: [ app_begin ] --END-- [ RunTime:0.000617s ]
SQL: SHOW COLUMNS FROM `hs_visitor` [ RunTime:0.0189s ]
SQL: INSERT INTO `hs_visitor` (`ip`,`country`,`area`,`created_time`) VALUES ('0.0.0.0','IANA保留地址','','2015-06-22 21:12:02') [ RunTime:0.0007s ]
SQL: SHOW COLUMNS FROM `hs_webinfo` [ RunTime:0.0014s ]
SQL: SELECT `content` FROM `hs_webinfo` WHERE `type` = 'PHONE' LIMIT 1   [ RunTime:0.0004s ]
SQL: SHOW COLUMNS FROM `hs_contact` [ RunTime:0.0231s ]
SQL: SELECT `id`,`title`,`content` FROM `hs_contact`  [ RunTime:0.0003s ]
SQL: SHOW COLUMNS FROM `hs_admission` [ RunTime:0.0184s ]
SQL: SELECT `id`,`title`,`content` FROM `hs_admission`  [ RunTime:0.0004s ]
SQL: SHOW COLUMNS FROM `hs_picture` [ RunTime:0.0018s ]
SQL: SELECT `id`,`pic_adr`,`type` FROM `hs_picture` WHERE `type` = 'ERWEIMA' LIMIT 1   [ RunTime:0.0004s ]
SQL: SHOW COLUMNS FROM `hs_text` [ RunTime:0.0013s ]
NOTIC: [8] Use of undefined constant ture - assumed 'ture' /Applications/XAMPP/xamppfiles/htdocs/1977hs/Index/Home/Controller/AdmissionController.class.php 第 50 行.
SQL: SELECT `id`,`content` FROM `hs_text` WHERE `type` = 'EDUCATION' LIMIT 1   [ RunTime:0.0003s ]
NOTIC: [8] Use of undefined constant ture - assumed 'ture' /Applications/XAMPP/xamppfiles/htdocs/1977hs/Index/Home/Controller/AdmissionController.class.php 第 53 行.
SQL: SELECT `id`,`content` FROM `hs_text` WHERE `type` = 'LIFE' LIMIT 1   [ RunTime:0.0002s ]
SQL: SHOW COLUMNS FROM `hs_question` [ RunTime:0.0091s ]
NOTIC: [8] Use of undefined constant ture - assumed 'ture' /Applications/XAMPP/xamppfiles/htdocs/1977hs/Index/Home/Controller/AdmissionController.class.php 第 56 行.
SQL: SELECT `id`,`title`,`answer` FROM `hs_question` ORDER BY sort  [ RunTime:0.0004s ]
INFO: [ view_parse ] --START--
INFO: [ template_filter ] --START--
INFO: Run Behavior\ContentReplaceBehavior [ RunTime:0.000070s ]
INFO: [ template_filter ] --END-- [ RunTime:0.000126s ]
INFO: Run Behavior\ParseTemplateBehavior [ RunTime:0.084943s ]
INFO: [ view_parse ] --END-- [ RunTime:0.085004s ]
INFO: [ view_filter ] --START--
INFO: Run Behavior\WriteHtmlCacheBehavior [ RunTime:0.000196s ]
INFO: [ view_filter ] --END-- [ RunTime:0.000235s ]
INFO: [ app_end ] --START--
INFO: Run Behavior\ShowPageTraceBehavior [ RunTime:0.000615s ]
INFO: [ app_end ] --END-- [ RunTime:0.000694s ]

