[ 2015-06-23T08:50:08+08:00 ] ::1 /1977hs/
INFO: [ app_init ] --START--
INFO: Run Behavior\BuildLiteBehavior [ RunTime:0.000020s ]
INFO: [ app_init ] --END-- [ RunTime:0.000131s ]
INFO: [ app_begin ] --START--
INFO: Run Behavior\ReadHtmlCacheBehavior [ RunTime:0.000873s ]
INFO: [ app_begin ] --END-- [ RunTime:0.000959s ]
SQL: SHOW COLUMNS FROM `hs_visitor` [ RunTime:0.0346s ]
SQL: INSERT INTO `hs_visitor` (`ip`,`country`,`area`,`created_time`) VALUES ('0.0.0.0','IANA保留地址','','2015-06-23 08:50:08') [ RunTime:0.0008s ]
SQL: SHOW COLUMNS FROM `hs_scroll` [ RunTime:0.0146s ]
SQL: SELECT `id`,`pic_adr` FROM `hs_scroll` WHERE `leftOrRight` = 1 ORDER BY sort  [ RunTime:0.0006s ]
SQL: SELECT `id`,`pic_adr` FROM `hs_scroll` WHERE `leftOrRight` = 2 ORDER BY sort  [ RunTime:0.0003s ]
SQL: SHOW COLUMNS FROM `hs_friend` [ RunTime:0.0142s ]
SQL: SELECT `name`,`url` FROM `hs_friend`  [ RunTime:0.0004s ]
SQL: SHOW COLUMNS FROM `hs_webinfo` [ RunTime:0.0194s ]
SQL: SELECT `content` FROM `hs_webinfo` WHERE `type` = 'PHONE' LIMIT 1   [ RunTime:0.0006s ]
SQL: SELECT `content` FROM `hs_webinfo` WHERE `type` = 'BEIAN' LIMIT 1   [ RunTime:0.0002s ]
SQL: SELECT `content` FROM `hs_webinfo` WHERE `type` = 'BANQUAN' LIMIT 1   [ RunTime:0.0002s ]
SQL: SELECT `content` FROM `hs_webinfo` WHERE `type` = 'ADDRESS' LIMIT 1   [ RunTime:0.0002s ]
INFO: [ view_parse ] --START--
INFO: [ template_filter ] --START--
INFO: Run Behavior\ContentReplaceBehavior [ RunTime:0.000043s ]
INFO: [ template_filter ] --END-- [ RunTime:0.000098s ]
INFO: Run Behavior\ParseTemplateBehavior [ RunTime:0.094158s ]
INFO: [ view_parse ] --END-- [ RunTime:0.094204s ]
INFO: [ view_filter ] --START--
INFO: Run Behavior\WriteHtmlCacheBehavior [ RunTime:0.011018s ]
INFO: [ view_filter ] --END-- [ RunTime:0.011089s ]
INFO: [ app_end ] --START--
INFO: Run Behavior\ShowPageTraceBehavior [ RunTime:0.031987s ]
INFO: [ app_end ] --END-- [ RunTime:0.032111s ]

[ 2015-06-23T20:18:36+08:00 ] ::1 /1977hs/
INFO: [ app_init ] --START--
INFO: Run Behavior\BuildLiteBehavior [ RunTime:0.000012s ]
INFO: [ app_init ] --END-- [ RunTime:0.000052s ]
INFO: [ app_begin ] --START--
INFO: Run Behavior\ReadHtmlCacheBehavior [ RunTime:0.000402s ]
INFO: [ app_begin ] --END-- [ RunTime:0.000463s ]
SQL: SHOW COLUMNS FROM `hs_scroll` [ RunTime:0.0014s ]
SQL: SELECT `id`,`pic_adr` FROM `hs_scroll` WHERE `leftOrRight` = 1 ORDER BY sort  [ RunTime:0.0092s ]
SQL: SELECT `id`,`pic_adr` FROM `hs_scroll` WHERE `leftOrRight` = 2 ORDER BY sort  [ RunTime:0.0004s ]
SQL: SHOW COLUMNS FROM `hs_friend` [ RunTime:0.0016s ]
SQL: SELECT `name`,`url` FROM `hs_friend`  [ RunTime:0.0131s ]
SQL: SHOW COLUMNS FROM `hs_webinfo` [ RunTime:0.0016s ]
SQL: SELECT `content` FROM `hs_webinfo` WHERE `type` = 'PHONE' LIMIT 1   [ RunTime:0.0003s ]
SQL: SELECT `content` FROM `hs_webinfo` WHERE `type` = 'BEIAN' LIMIT 1   [ RunTime:0.0003s ]
SQL: SELECT `content` FROM `hs_webinfo` WHERE `type` = 'BANQUAN' LIMIT 1   [ RunTime:0.0002s ]
SQL: SELECT `content` FROM `hs_webinfo` WHERE `type` = 'ADDRESS' LIMIT 1   [ RunTime:0.0002s ]
INFO: [ view_parse ] --START--
INFO: [ template_filter ] --START--
INFO: Run Behavior\ContentReplaceBehavior [ RunTime:0.000086s ]
INFO: [ template_filter ] --END-- [ RunTime:0.000143s ]
INFO: Run Behavior\ParseTemplateBehavior [ RunTime:0.031674s ]
INFO: [ view_parse ] --END-- [ RunTime:0.031758s ]
INFO: [ view_filter ] --START--
INFO: Run Behavior\WriteHtmlCacheBehavior [ RunTime:0.000137s ]
INFO: [ view_filter ] --END-- [ RunTime:0.000168s ]
INFO: [ app_end ] --START--
INFO: Run Behavior\ShowPageTraceBehavior [ RunTime:0.000475s ]
INFO: [ app_end ] --END-- [ RunTime:0.000562s ]

[ 2015-06-23T20:18:41+08:00 ] ::1 /1977hs/index.php/Admission/index.html
INFO: [ app_init ] --START--
INFO: Run Behavior\BuildLiteBehavior [ RunTime:0.000016s ]
INFO: [ app_init ] --END-- [ RunTime:0.000101s ]
INFO: [ app_begin ] --START--
INFO: Run Behavior\ReadHtmlCacheBehavior [ RunTime:0.000367s ]
INFO: [ app_begin ] --END-- [ RunTime:0.000407s ]
SQL: SHOW COLUMNS FROM `hs_webinfo` [ RunTime:0.0016s ]
SQL: SELECT `content` FROM `hs_webinfo` WHERE `type` = 'PHONE' LIMIT 1   [ RunTime:0.0003s ]
SQL: SHOW COLUMNS FROM `hs_contact` [ RunTime:0.0015s ]
SQL: SELECT `id`,`title`,`content` FROM `hs_contact`  [ RunTime:0.0003s ]
SQL: SHOW COLUMNS FROM `hs_admission` [ RunTime:0.0012s ]
SQL: SELECT `id`,`title`,`content` FROM `hs_admission`  [ RunTime:0.0003s ]
SQL: SHOW COLUMNS FROM `hs_picture` [ RunTime:0.0027s ]
SQL: SELECT `id`,`pic_adr`,`type` FROM `hs_picture` WHERE `type` = 'ERWEIMA' LIMIT 1   [ RunTime:0.0003s ]
SQL: SHOW COLUMNS FROM `hs_text` [ RunTime:0.0015s ]
NOTIC: [8] Use of undefined constant ture - assumed 'ture' /Applications/XAMPP/xamppfiles/htdocs/1977hs/Index/Home/Controller/AdmissionController.class.php 第 50 行.
SQL: SELECT `id`,`content` FROM `hs_text` WHERE `type` = 'EDUCATION' LIMIT 1   [ RunTime:0.0003s ]
NOTIC: [8] Use of undefined constant ture - assumed 'ture' /Applications/XAMPP/xamppfiles/htdocs/1977hs/Index/Home/Controller/AdmissionController.class.php 第 53 行.
SQL: SELECT `id`,`content` FROM `hs_text` WHERE `type` = 'LIFE' LIMIT 1   [ RunTime:0.0003s ]
SQL: SHOW COLUMNS FROM `hs_question` [ RunTime:0.0012s ]
NOTIC: [8] Use of undefined constant ture - assumed 'ture' /Applications/XAMPP/xamppfiles/htdocs/1977hs/Index/Home/Controller/AdmissionController.class.php 第 56 行.
SQL: SELECT `id`,`title`,`answer` FROM `hs_question` ORDER BY sort  [ RunTime:0.0002s ]
INFO: [ view_parse ] --START--
INFO: [ template_filter ] --START--
INFO: Run Behavior\ContentReplaceBehavior [ RunTime:0.000058s ]
INFO: [ template_filter ] --END-- [ RunTime:0.000111s ]
INFO: Run Behavior\ParseTemplateBehavior [ RunTime:0.053559s ]
INFO: [ view_parse ] --END-- [ RunTime:0.053625s ]
INFO: [ view_filter ] --START--
INFO: Run Behavior\WriteHtmlCacheBehavior [ RunTime:0.000220s ]
INFO: [ view_filter ] --END-- [ RunTime:0.000262s ]
INFO: [ app_end ] --START--
INFO: Run Behavior\ShowPageTraceBehavior [ RunTime:0.000630s ]
INFO: [ app_end ] --END-- [ RunTime:0.000698s ]

[ 2015-06-23T20:31:06+08:00 ] ::1 /1977hs/index.php/Index/index.html
INFO: [ app_init ] --START--
INFO: Run Behavior\BuildLiteBehavior [ RunTime:0.000015s ]
INFO: [ app_init ] --END-- [ RunTime:0.000075s ]
INFO: [ app_begin ] --START--
INFO: Run Behavior\ReadHtmlCacheBehavior [ RunTime:0.000743s ]
INFO: [ app_begin ] --END-- [ RunTime:0.000823s ]
SQL: SHOW COLUMNS FROM `hs_scroll` [ RunTime:0.0301s ]
SQL: SELECT `id`,`pic_adr` FROM `hs_scroll` WHERE `leftOrRight` = 1 ORDER BY sort  [ RunTime:0.0004s ]
SQL: SELECT `id`,`pic_adr` FROM `hs_scroll` WHERE `leftOrRight` = 2 ORDER BY sort  [ RunTime:0.0002s ]
SQL: SHOW COLUMNS FROM `hs_friend` [ RunTime:0.0013s ]
SQL: SELECT `name`,`url` FROM `hs_friend`  [ RunTime:0.0004s ]
SQL: SHOW COLUMNS FROM `hs_webinfo` [ RunTime:0.0016s ]
SQL: SELECT `content` FROM `hs_webinfo` WHERE `type` = 'PHONE' LIMIT 1   [ RunTime:0.0004s ]
SQL: SELECT `content` FROM `hs_webinfo` WHERE `type` = 'BEIAN' LIMIT 1   [ RunTime:0.0003s ]
SQL: SELECT `content` FROM `hs_webinfo` WHERE `type` = 'BANQUAN' LIMIT 1   [ RunTime:0.0002s ]
SQL: SELECT `content` FROM `hs_webinfo` WHERE `type` = 'ADDRESS' LIMIT 1   [ RunTime:0.0002s ]
INFO: [ view_parse ] --START--
INFO: [ template_filter ] --START--
INFO: Run Behavior\ContentReplaceBehavior [ RunTime:0.000041s ]
INFO: [ template_filter ] --END-- [ RunTime:0.000104s ]
INFO: Run Behavior\ParseTemplateBehavior [ RunTime:0.088012s ]
INFO: [ view_parse ] --END-- [ RunTime:0.088082s ]
INFO: [ view_filter ] --START--
INFO: Run Behavior\WriteHtmlCacheBehavior [ RunTime:0.010147s ]
INFO: [ view_filter ] --END-- [ RunTime:0.010233s ]
INFO: [ app_end ] --START--
INFO: Run Behavior\ShowPageTraceBehavior [ RunTime:0.010778s ]
INFO: [ app_end ] --END-- [ RunTime:0.010851s ]

[ 2015-06-23T20:31:07+08:00 ] ::1 /1977hs/index.php/Admission/index.html
INFO: [ app_init ] --START--
INFO: Run Behavior\BuildLiteBehavior [ RunTime:0.000017s ]
INFO: [ app_init ] --END-- [ RunTime:0.000098s ]
INFO: [ app_begin ] --START--
INFO: Run Behavior\ReadHtmlCacheBehavior [ RunTime:0.000351s ]
INFO: [ app_begin ] --END-- [ RunTime:0.000392s ]
SQL: SHOW COLUMNS FROM `hs_webinfo` [ RunTime:0.0017s ]
SQL: SELECT `content` FROM `hs_webinfo` WHERE `type` = 'PHONE' LIMIT 1   [ RunTime:0.0003s ]
SQL: SHOW COLUMNS FROM `hs_contact` [ RunTime:0.0014s ]
SQL: SELECT `id`,`title`,`content` FROM `hs_contact`  [ RunTime:0.0003s ]
SQL: SHOW COLUMNS FROM `hs_admission` [ RunTime:0.0014s ]
SQL: SELECT `id`,`title`,`content` FROM `hs_admission`  [ RunTime:0.0003s ]
SQL: SHOW COLUMNS FROM `hs_picture` [ RunTime:0.0012s ]
SQL: SELECT `id`,`pic_adr`,`type` FROM `hs_picture` WHERE `type` = 'ERWEIMA' LIMIT 1   [ RunTime:0.0003s ]
SQL: SHOW COLUMNS FROM `hs_text` [ RunTime:0.0024s ]
NOTIC: [8] Use of undefined constant ture - assumed 'ture' /Applications/XAMPP/xamppfiles/htdocs/1977hs/Index/Home/Controller/AdmissionController.class.php 第 50 行.
SQL: SELECT `id`,`content` FROM `hs_text` WHERE `type` = 'EDUCATION' LIMIT 1   [ RunTime:0.0004s ]
NOTIC: [8] Use of undefined constant ture - assumed 'ture' /Applications/XAMPP/xamppfiles/htdocs/1977hs/Index/Home/Controller/AdmissionController.class.php 第 53 行.
SQL: SELECT `id`,`content` FROM `hs_text` WHERE `type` = 'LIFE' LIMIT 1   [ RunTime:0.0004s ]
SQL: SHOW COLUMNS FROM `hs_question` [ RunTime:0.0016s ]
NOTIC: [8] Use of undefined constant ture - assumed 'ture' /Applications/XAMPP/xamppfiles/htdocs/1977hs/Index/Home/Controller/AdmissionController.class.php 第 56 行.
SQL: SELECT `id`,`title`,`answer` FROM `hs_question` ORDER BY sort  [ RunTime:0.0005s ]
INFO: [ view_parse ] --START--
INFO: [ template_filter ] --START--
INFO: Run Behavior\ContentReplaceBehavior [ RunTime:0.000052s ]
INFO: [ template_filter ] --END-- [ RunTime:0.000108s ]
INFO: Run Behavior\ParseTemplateBehavior [ RunTime:0.072854s ]
INFO: [ view_parse ] --END-- [ RunTime:0.072909s ]
INFO: [ view_filter ] --START--
INFO: Run Behavior\WriteHtmlCacheBehavior [ RunTime:0.000137s ]
INFO: [ view_filter ] --END-- [ RunTime:0.000169s ]
INFO: [ app_end ] --START--
INFO: Run Behavior\ShowPageTraceBehavior [ RunTime:0.000428s ]
INFO: [ app_end ] --END-- [ RunTime:0.000475s ]

[ 2015-06-23T21:19:24+08:00 ] ::1 /1977hs/index.php/Index/
INFO: [ app_init ] --START--
INFO: Run Behavior\BuildLiteBehavior [ RunTime:0.000020s ]
INFO: [ app_init ] --END-- [ RunTime:0.000191s ]
INFO: [ app_begin ] --START--
INFO: Run Behavior\ReadHtmlCacheBehavior [ RunTime:0.000564s ]
INFO: [ app_begin ] --END-- [ RunTime:0.000637s ]
SQL: SHOW COLUMNS FROM `hs_scroll` [ RunTime:0.0017s ]
SQL: SELECT `id`,`pic_adr` FROM `hs_scroll` WHERE `leftOrRight` = 1 ORDER BY sort  [ RunTime:0.0004s ]
SQL: SELECT `id`,`pic_adr` FROM `hs_scroll` WHERE `leftOrRight` = 2 ORDER BY sort  [ RunTime:0.0002s ]
SQL: SHOW COLUMNS FROM `hs_friend` [ RunTime:0.0014s ]
SQL: SELECT `name`,`url` FROM `hs_friend`  [ RunTime:0.0003s ]
SQL: SHOW COLUMNS FROM `hs_webinfo` [ RunTime:0.0013s ]
SQL: SELECT `content` FROM `hs_webinfo` WHERE `type` = 'PHONE' LIMIT 1   [ RunTime:0.0003s ]
SQL: SELECT `content` FROM `hs_webinfo` WHERE `type` = 'BEIAN' LIMIT 1   [ RunTime:0.0002s ]
SQL: SELECT `content` FROM `hs_webinfo` WHERE `type` = 'BANQUAN' LIMIT 1   [ RunTime:0.0002s ]
SQL: SELECT `content` FROM `hs_webinfo` WHERE `type` = 'ADDRESS' LIMIT 1   [ RunTime:0.0002s ]
INFO: [ view_parse ] --START--
INFO: [ template_filter ] --START--
INFO: Run Behavior\ContentReplaceBehavior [ RunTime:0.000043s ]
INFO: [ template_filter ] --END-- [ RunTime:0.000099s ]
INFO: Run Behavior\ParseTemplateBehavior [ RunTime:0.046844s ]
INFO: [ view_parse ] --END-- [ RunTime:0.046929s ]
INFO: [ view_filter ] --START--
INFO: Run Behavior\WriteHtmlCacheBehavior [ RunTime:0.000149s ]
INFO: [ view_filter ] --END-- [ RunTime:0.000181s ]
INFO: [ app_end ] --START--
INFO: Run Behavior\ShowPageTraceBehavior [ RunTime:0.000451s ]
INFO: [ app_end ] --END-- [ RunTime:0.000509s ]

[ 2015-06-23T21:19:32+08:00 ] ::1 /1977hs/index.php/Strength/
INFO: [ app_init ] --START--
INFO: Run Behavior\BuildLiteBehavior [ RunTime:0.000012s ]
INFO: [ app_init ] --END-- [ RunTime:0.000051s ]
INFO: [ app_begin ] --START--
INFO: Run Behavior\ReadHtmlCacheBehavior [ RunTime:0.000295s ]
INFO: [ app_begin ] --END-- [ RunTime:0.000327s ]
SQL: SHOW COLUMNS FROM `hs_teacher` [ RunTime:0.0016s ]
NOTIC: [8] Use of undefined constant ture - assumed 'ture' /Applications/XAMPP/xamppfiles/htdocs/1977hs/Index/Home/Controller/StrengthController.class.php 第 8 行.
SQL: SELECT `id`,`name`,`position`,`pic_adr`,`content` FROM `hs_teacher` ORDER BY sort  [ RunTime:0.0005s ]
SQL: SHOW COLUMNS FROM `hs_picture` [ RunTime:0.0014s ]
NOTIC: [8] Use of undefined constant ture - assumed 'ture' /Applications/XAMPP/xamppfiles/htdocs/1977hs/Index/Home/Controller/StrengthController.class.php 第 11 行.
SQL: SELECT `id`,`pic_adr` FROM `hs_picture` WHERE `type` = 'ACHIEVEMENT' LIMIT 1   [ RunTime:0.0003s ]
SQL: SHOW COLUMNS FROM `hs_achievement` [ RunTime:0.0016s ]
NOTIC: [8] Use of undefined constant ture - assumed 'ture' /Applications/XAMPP/xamppfiles/htdocs/1977hs/Index/Home/Controller/StrengthController.class.php 第 14 行.
SQL: SELECT `id`,`year` FROM `hs_achievement` ORDER BY sort  [ RunTime:0.0004s ]
SQL: SHOW COLUMNS FROM `hs_achievement_status` [ RunTime:0.0015s ]
NOTIC: [8] Use of undefined constant ture - assumed 'ture' /Applications/XAMPP/xamppfiles/htdocs/1977hs/Index/Home/Controller/StrengthController.class.php 第 17 行.
SQL: SELECT `id`,`school`,`number` FROM `hs_achievement_status` WHERE `achievement_id` = 1  [ RunTime:0.0003s ]
NOTIC: [8] Use of undefined constant ture - assumed 'ture' /Applications/XAMPP/xamppfiles/htdocs/1977hs/Index/Home/Controller/StrengthController.class.php 第 17 行.
SQL: SELECT `id`,`school`,`number` FROM `hs_achievement_status` WHERE `achievement_id` = 2  [ RunTime:0.0002s ]
NOTIC: [8] Use of undefined constant ture - assumed 'ture' /Applications/XAMPP/xamppfiles/htdocs/1977hs/Index/Home/Controller/StrengthController.class.php 第 23 行.
SQL: SELECT `id`,`pic_adr` FROM `hs_picture` WHERE `type` = 'WORKS' LIMIT 1   [ RunTime:0.0002s ]
NOTIC: [8] Use of undefined constant ture - assumed 'ture' /Applications/XAMPP/xamppfiles/htdocs/1977hs/Index/Home/Controller/StrengthController.class.php 第 26 行.
SQL: SELECT `id`,`pic_adr` FROM `hs_picture` WHERE `type` = 'ENVIRONMENT' LIMIT 1   [ RunTime:0.0002s ]
SQL: SHOW COLUMNS FROM `hs_webinfo` [ RunTime:0.0019s ]
SQL: SELECT `content` FROM `hs_webinfo` WHERE `type` = 'PHONE' LIMIT 1   [ RunTime:0.0002s ]
INFO: [ view_parse ] --START--
INFO: [ template_filter ] --START--
INFO: Run Behavior\ContentReplaceBehavior [ RunTime:0.000043s ]
INFO: [ template_filter ] --END-- [ RunTime:0.000092s ]
INFO: Run Behavior\ParseTemplateBehavior [ RunTime:0.051113s ]
INFO: [ view_parse ] --END-- [ RunTime:0.051170s ]
INFO: [ view_filter ] --START--
INFO: Run Behavior\WriteHtmlCacheBehavior [ RunTime:0.000166s ]
INFO: [ view_filter ] --END-- [ RunTime:0.000207s ]
INFO: [ app_end ] --START--
INFO: Run Behavior\ShowPageTraceBehavior [ RunTime:0.000611s ]
INFO: [ app_end ] --END-- [ RunTime:0.000683s ]

[ 2015-06-23T21:19:41+08:00 ] ::1 /1977hs/index.php/Works/
INFO: [ app_init ] --START--
INFO: Run Behavior\BuildLiteBehavior [ RunTime:0.000012s ]
INFO: [ app_init ] --END-- [ RunTime:0.000053s ]
INFO: [ app_begin ] --START--
INFO: Run Behavior\ReadHtmlCacheBehavior [ RunTime:0.000317s ]
INFO: [ app_begin ] --END-- [ RunTime:0.000356s ]
ERR: 非法操作:index

[ 2015-06-23T21:20:00+08:00 ] ::1 /1977hs/index.php/Works/
INFO: [ app_init ] --START--
INFO: Run Behavior\BuildLiteBehavior [ RunTime:0.000013s ]
INFO: [ app_init ] --END-- [ RunTime:0.000055s ]
INFO: [ app_begin ] --START--
INFO: Run Behavior\ReadHtmlCacheBehavior [ RunTime:0.000351s ]
INFO: [ app_begin ] --END-- [ RunTime:0.000405s ]
ERR: 非法操作:index

[ 2015-06-23T21:20:03+08:00 ] ::1 /1977hs/index.php/Works/
INFO: [ app_init ] --START--
INFO: Run Behavior\BuildLiteBehavior [ RunTime:0.000012s ]
INFO: [ app_init ] --END-- [ RunTime:0.000051s ]
INFO: [ app_begin ] --START--
INFO: Run Behavior\ReadHtmlCacheBehavior [ RunTime:0.000441s ]
INFO: [ app_begin ] --END-- [ RunTime:0.000479s ]
ERR: 非法操作:index

[ 2015-06-23T21:21:59+08:00 ] ::1 /1977hs/index.php/
INFO: [ app_init ] --START--
INFO: Run Behavior\BuildLiteBehavior [ RunTime:0.000018s ]
INFO: [ app_init ] --END-- [ RunTime:0.000120s ]
INFO: [ app_begin ] --START--
INFO: Run Behavior\ReadHtmlCacheBehavior [ RunTime:0.000568s ]
INFO: [ app_begin ] --END-- [ RunTime:0.000658s ]
SQL: SHOW COLUMNS FROM `hs_scroll` [ RunTime:0.6179s ]
SQL: SELECT `id`,`pic_adr` FROM `hs_scroll` WHERE `leftOrRight` = 1 ORDER BY sort  [ RunTime:0.0004s ]
SQL: SELECT `id`,`pic_adr` FROM `hs_scroll` WHERE `leftOrRight` = 2 ORDER BY sort  [ RunTime:0.0003s ]
SQL: SHOW COLUMNS FROM `hs_friend` [ RunTime:0.0451s ]
SQL: SELECT `name`,`url` FROM `hs_friend`  [ RunTime:0.0005s ]
SQL: SHOW COLUMNS FROM `hs_webinfo` [ RunTime:0.0980s ]
SQL: SELECT `content` FROM `hs_webinfo` WHERE `type` = 'PHONE' LIMIT 1   [ RunTime:0.0005s ]
SQL: SELECT `content` FROM `hs_webinfo` WHERE `type` = 'BEIAN' LIMIT 1   [ RunTime:0.0004s ]
SQL: SELECT `content` FROM `hs_webinfo` WHERE `type` = 'BANQUAN' LIMIT 1   [ RunTime:0.0005s ]
SQL: SELECT `content` FROM `hs_webinfo` WHERE `type` = 'ADDRESS' LIMIT 1   [ RunTime:0.0003s ]
INFO: [ view_parse ] --START--
INFO: [ template_filter ] --START--
INFO: Run Behavior\ContentReplaceBehavior [ RunTime:0.000071s ]
INFO: [ template_filter ] --END-- [ RunTime:0.000147s ]
INFO: Run Behavior\ParseTemplateBehavior [ RunTime:0.044912s ]
INFO: [ view_parse ] --END-- [ RunTime:0.048059s ]
INFO: [ view_filter ] --START--
INFO: Run Behavior\WriteHtmlCacheBehavior [ RunTime:0.000229s ]
INFO: [ view_filter ] --END-- [ RunTime:0.000319s ]
INFO: [ app_end ] --START--
INFO: Run Behavior\ShowPageTraceBehavior [ RunTime:0.000650s ]
INFO: [ app_end ] --END-- [ RunTime:0.000725s ]

[ 2015-06-23T23:35:04+08:00 ] ::1 /1977hs/
INFO: [ app_init ] --START--
INFO: Run Behavior\BuildLiteBehavior [ RunTime:0.000014s ]
INFO: [ app_init ] --END-- [ RunTime:0.000078s ]
INFO: [ app_begin ] --START--
INFO: Run Behavior\ReadHtmlCacheBehavior [ RunTime:0.000770s ]
INFO: [ app_begin ] --END-- [ RunTime:0.000860s ]
SQL: SHOW COLUMNS FROM `hs_visitor` [ RunTime:0.0844s ]
SQL: INSERT INTO `hs_visitor` (`ip`,`country`,`area`,`created_time`) VALUES ('0.0.0.0','IANA保留地址','','2015-06-23 23:35:03') [ RunTime:0.0455s ]
SQL: SHOW COLUMNS FROM `hs_scroll` [ RunTime:0.0021s ]
SQL: SELECT `id`,`pic_adr` FROM `hs_scroll` WHERE `leftOrRight` = 1 ORDER BY sort  [ RunTime:0.0006s ]
SQL: SELECT `id`,`pic_adr` FROM `hs_scroll` WHERE `leftOrRight` = 2 ORDER BY sort  [ RunTime:0.0004s ]
SQL: SHOW COLUMNS FROM `hs_friend` [ RunTime:0.0022s ]
SQL: SELECT `name`,`url` FROM `hs_friend`  [ RunTime:0.0003s ]
SQL: SHOW COLUMNS FROM `hs_webinfo` [ RunTime:0.0017s ]
SQL: SELECT `content` FROM `hs_webinfo` WHERE `type` = 'PHONE' LIMIT 1   [ RunTime:0.0130s ]
SQL: SELECT `content` FROM `hs_webinfo` WHERE `type` = 'BEIAN' LIMIT 1   [ RunTime:0.0004s ]
SQL: SELECT `content` FROM `hs_webinfo` WHERE `type` = 'BANQUAN' LIMIT 1   [ RunTime:0.0002s ]
SQL: SELECT `content` FROM `hs_webinfo` WHERE `type` = 'ADDRESS' LIMIT 1   [ RunTime:0.0003s ]
INFO: [ view_parse ] --START--
INFO: [ template_filter ] --START--
INFO: Run Behavior\ContentReplaceBehavior [ RunTime:0.000066s ]
INFO: [ template_filter ] --END-- [ RunTime:0.000138s ]
INFO: Run Behavior\ParseTemplateBehavior [ RunTime:0.066642s ]
INFO: [ view_parse ] --END-- [ RunTime:0.066764s ]
INFO: [ view_filter ] --START--
INFO: Run Behavior\WriteHtmlCacheBehavior [ RunTime:0.009761s ]
INFO: [ view_filter ] --END-- [ RunTime:0.009838s ]
INFO: [ app_end ] --START--
INFO: Run Behavior\ShowPageTraceBehavior [ RunTime:0.010911s ]
INFO: [ app_end ] --END-- [ RunTime:0.010977s ]

[ 2015-06-23T23:43:42+08:00 ] ::1 /1977hs/
INFO: [ app_init ] --START--
INFO: Run Behavior\BuildLiteBehavior [ RunTime:0.000017s ]
INFO: [ app_init ] --END-- [ RunTime:0.000112s ]
INFO: [ app_begin ] --START--
INFO: Run Behavior\ReadHtmlCacheBehavior [ RunTime:0.000467s ]
INFO: [ app_begin ] --END-- [ RunTime:0.000538s ]
SQL: SHOW COLUMNS FROM `hs_scroll` [ RunTime:0.0018s ]
SQL: SELECT `id`,`pic_adr` FROM `hs_scroll` WHERE `leftOrRight` = 1 ORDER BY sort  [ RunTime:0.0003s ]
SQL: SELECT `id`,`pic_adr` FROM `hs_scroll` WHERE `leftOrRight` = 2 ORDER BY sort  [ RunTime:0.0002s ]
SQL: SHOW COLUMNS FROM `hs_friend` [ RunTime:0.0014s ]
SQL: SELECT `name`,`url` FROM `hs_friend`  [ RunTime:0.0004s ]
SQL: SHOW COLUMNS FROM `hs_webinfo` [ RunTime:0.0019s ]
SQL: SELECT `content` FROM `hs_webinfo` WHERE `type` = 'PHONE' LIMIT 1   [ RunTime:0.0005s ]
SQL: SELECT `content` FROM `hs_webinfo` WHERE `type` = 'BEIAN' LIMIT 1   [ RunTime:0.0004s ]
SQL: SELECT `content` FROM `hs_webinfo` WHERE `type` = 'BANQUAN' LIMIT 1   [ RunTime:0.0002s ]
SQL: SELECT `content` FROM `hs_webinfo` WHERE `type` = 'ADDRESS' LIMIT 1   [ RunTime:0.0002s ]
INFO: [ view_parse ] --START--
INFO: [ template_filter ] --START--
INFO: Run Behavior\ContentReplaceBehavior [ RunTime:0.000047s ]
INFO: [ template_filter ] --END-- [ RunTime:0.000110s ]
INFO: Run Behavior\ParseTemplateBehavior [ RunTime:0.045840s ]
INFO: [ view_parse ] --END-- [ RunTime:0.045973s ]
INFO: [ view_filter ] --START--
INFO: Run Behavior\WriteHtmlCacheBehavior [ RunTime:0.000701s ]
INFO: [ view_filter ] --END-- [ RunTime:0.000785s ]
INFO: [ app_end ] --START--
INFO: Run Behavior\ShowPageTraceBehavior [ RunTime:0.000801s ]
INFO: [ app_end ] --END-- [ RunTime:0.000888s ]

[ 2015-06-23T23:43:43+08:00 ] ::1 /1977hs/index.php/Admission/index.html
INFO: [ app_init ] --START--
INFO: Run Behavior\BuildLiteBehavior [ RunTime:0.000012s ]
INFO: [ app_init ] --END-- [ RunTime:0.000053s ]
INFO: [ app_begin ] --START--
INFO: Run Behavior\ReadHtmlCacheBehavior [ RunTime:0.000524s ]
INFO: [ app_begin ] --END-- [ RunTime:0.000567s ]
SQL: SHOW COLUMNS FROM `hs_webinfo` [ RunTime:0.0017s ]
SQL: SELECT `content` FROM `hs_webinfo` WHERE `type` = 'PHONE' LIMIT 1   [ RunTime:0.0003s ]
SQL: SHOW COLUMNS FROM `hs_contact` [ RunTime:0.0020s ]
SQL: SELECT `id`,`title`,`content` FROM `hs_contact`  [ RunTime:0.0003s ]
SQL: SHOW COLUMNS FROM `hs_admission` [ RunTime:0.0013s ]
SQL: SELECT `id`,`title`,`content` FROM `hs_admission`  [ RunTime:0.0004s ]
SQL: SHOW COLUMNS FROM `hs_picture` [ RunTime:0.0018s ]
SQL: SELECT `id`,`pic_adr`,`type` FROM `hs_picture` WHERE `type` = 'ERWEIMA' LIMIT 1   [ RunTime:0.0003s ]
SQL: SHOW COLUMNS FROM `hs_text` [ RunTime:0.0016s ]
NOTIC: [8] Use of undefined constant ture - assumed 'ture' /Applications/XAMPP/xamppfiles/htdocs/1977hs/Index/Home/Controller/AdmissionController.class.php 第 50 行.
SQL: SELECT `id`,`content` FROM `hs_text` WHERE `type` = 'EDUCATION' LIMIT 1   [ RunTime:0.0007s ]
NOTIC: [8] Use of undefined constant ture - assumed 'ture' /Applications/XAMPP/xamppfiles/htdocs/1977hs/Index/Home/Controller/AdmissionController.class.php 第 53 行.
SQL: SELECT `id`,`content` FROM `hs_text` WHERE `type` = 'LIFE' LIMIT 1   [ RunTime:0.0005s ]
SQL: SHOW COLUMNS FROM `hs_question` [ RunTime:0.0015s ]
NOTIC: [8] Use of undefined constant ture - assumed 'ture' /Applications/XAMPP/xamppfiles/htdocs/1977hs/Index/Home/Controller/AdmissionController.class.php 第 56 行.
SQL: SELECT `id`,`title`,`answer` FROM `hs_question` ORDER BY sort  [ RunTime:0.0133s ]
INFO: [ view_parse ] --START--
INFO: [ template_filter ] --START--
INFO: Run Behavior\ContentReplaceBehavior [ RunTime:0.000048s ]
INFO: [ template_filter ] --END-- [ RunTime:0.000098s ]
INFO: Run Behavior\ParseTemplateBehavior [ RunTime:0.030557s ]
INFO: [ view_parse ] --END-- [ RunTime:0.030602s ]
INFO: [ view_filter ] --START--
INFO: Run Behavior\WriteHtmlCacheBehavior [ RunTime:0.000130s ]
INFO: [ view_filter ] --END-- [ RunTime:0.000161s ]
INFO: [ app_end ] --START--
INFO: Run Behavior\ShowPageTraceBehavior [ RunTime:0.000480s ]
INFO: [ app_end ] --END-- [ RunTime:0.000538s ]

