[ 2015-06-25T01:24:32+08:00 ] ::1 /1977hs/
INFO: [ app_init ] --START--
INFO: Run Behavior\BuildLiteBehavior [ RunTime:0.000015s ]
INFO: [ app_init ] --END-- [ RunTime:0.000078s ]
INFO: [ app_begin ] --START--
INFO: Run Behavior\ReadHtmlCacheBehavior [ RunTime:0.037180s ]
INFO: [ app_begin ] --END-- [ RunTime:0.037281s ]

[ 2015-06-25T01:38:23+08:00 ] ::1 /1977hs/
INFO: [ app_init ] --START--
INFO: Run Behavior\BuildLiteBehavior [ RunTime:0.000022s ]
INFO: [ app_init ] --END-- [ RunTime:0.011895s ]
INFO: [ app_begin ] --START--
INFO: Run Behavior\ReadHtmlCacheBehavior [ RunTime:0.000722s ]
INFO: [ app_begin ] --END-- [ RunTime:0.000794s ]
SQL: SHOW COLUMNS FROM `hs_visitor` [ RunTime:0.1468s ]
SQL: INSERT INTO `hs_visitor` (`ip`,`country`,`area`,`created_time`) VALUES ('0.0.0.0','IANA保留地址','','2015-06-25 01:38:23') [ RunTime:0.0855s ]
SQL: SHOW COLUMNS FROM `hs_scroll` [ RunTime:0.0018s ]
SQL: SELECT `id`,`pic_adr` FROM `hs_scroll` WHERE `leftOrRight` = 1 ORDER BY sort  [ RunTime:0.0253s ]
SQL: SELECT `id`,`pic_adr` FROM `hs_scroll` WHERE `leftOrRight` = 2 ORDER BY sort  [ RunTime:0.0004s ]
SQL: SHOW COLUMNS FROM `hs_friend` [ RunTime:0.0017s ]
SQL: SELECT `name`,`url` FROM `hs_friend`  [ RunTime:0.0005s ]
SQL: SHOW COLUMNS FROM `hs_webinfo` [ RunTime:0.0016s ]
SQL: SELECT `content` FROM `hs_webinfo` WHERE `type` = 'PHONE' LIMIT 1   [ RunTime:0.0008s ]
SQL: SELECT `content` FROM `hs_webinfo` WHERE `type` = 'BEIAN' LIMIT 1   [ RunTime:0.0004s ]
SQL: SELECT `content` FROM `hs_webinfo` WHERE `type` = 'BANQUAN' LIMIT 1   [ RunTime:0.0003s ]
SQL: SELECT `content` FROM `hs_webinfo` WHERE `type` = 'ADDRESS' LIMIT 1   [ RunTime:0.0002s ]
INFO: [ view_parse ] --START--
INFO: [ template_filter ] --START--
INFO: Run Behavior\ContentReplaceBehavior [ RunTime:0.000034s ]
INFO: [ template_filter ] --END-- [ RunTime:0.000086s ]
INFO: Run Behavior\ParseTemplateBehavior [ RunTime:0.114411s ]
INFO: [ view_parse ] --END-- [ RunTime:0.114470s ]
INFO: [ view_filter ] --START--
INFO: Run Behavior\WriteHtmlCacheBehavior [ RunTime:0.009630s ]
INFO: [ view_filter ] --END-- [ RunTime:0.009695s ]
INFO: [ app_end ] --START--
INFO: Run Behavior\ShowPageTraceBehavior [ RunTime:0.086533s ]
INFO: [ app_end ] --END-- [ RunTime:0.086732s ]

