[ 2015-05-26T06:02:45+08:00 ] ::1 /1977hs/admin.php
INFO: [ app_init ] --START--
INFO: Run Behavior\BuildLiteBehavior [ RunTime:0.000017s ]
INFO: [ app_init ] --END-- [ RunTime:0.000357s ]
INFO: [ app_begin ] --START--
INFO: Run Behavior\ReadHtmlCacheBehavior [ RunTime:0.000416s ]
INFO: [ app_begin ] --END-- [ RunTime:0.000466s ]
INFO: [ view_parse ] --START--
INFO: [ template_filter ] --START--
INFO: Run Behavior\ContentReplaceBehavior [ RunTime:0.000028s ]
INFO: [ template_filter ] --END-- [ RunTime:0.000068s ]
INFO: Run Behavior\ParseTemplateBehavior [ RunTime:0.004924s ]
INFO: [ view_parse ] --END-- [ RunTime:0.005001s ]
INFO: [ view_filter ] --START--
INFO: Run Behavior\WriteHtmlCacheBehavior [ RunTime:0.000167s ]
INFO: [ view_filter ] --END-- [ RunTime:0.000210s ]
INFO: [ app_end ] --START--
INFO: Run Behavior\ShowPageTraceBehavior [ RunTime:0.000401s ]
INFO: [ app_end ] --END-- [ RunTime:0.000440s ]

[ 2015-05-26T06:05:21+08:00 ] ::1 /1977hs/admin.php
INFO: [ app_init ] --START--
INFO: Run Behavior\BuildLiteBehavior [ RunTime:0.000013s ]
INFO: [ app_init ] --END-- [ RunTime:0.000253s ]
INFO: [ app_begin ] --START--
INFO: Run Behavior\ReadHtmlCacheBehavior [ RunTime:0.000318s ]
INFO: [ app_begin ] --END-- [ RunTime:0.000358s ]
INFO: [ view_parse ] --START--
INFO: [ template_filter ] --START--
INFO: Run Behavior\ContentReplaceBehavior [ RunTime:0.000033s ]
INFO: [ template_filter ] --END-- [ RunTime:0.000085s ]
INFO: Run Behavior\ParseTemplateBehavior [ RunTime:0.005313s ]
INFO: [ view_parse ] --END-- [ RunTime:0.005361s ]
INFO: [ view_filter ] --START--
INFO: Run Behavior\WriteHtmlCacheBehavior [ RunTime:0.000122s ]
INFO: [ view_filter ] --END-- [ RunTime:0.000151s ]
INFO: [ app_end ] --START--
INFO: Run Behavior\ShowPageTraceBehavior [ RunTime:0.000330s ]
INFO: [ app_end ] --END-- [ RunTime:0.000360s ]

[ 2015-05-26T06:05:53+08:00 ] ::1 /1977hs/admin.php
INFO: [ app_init ] --START--
INFO: Run Behavior\BuildLiteBehavior [ RunTime:0.000019s ]
INFO: [ app_init ] --END-- [ RunTime:0.000340s ]
INFO: [ app_begin ] --START--
INFO: Run Behavior\ReadHtmlCacheBehavior [ RunTime:0.000380s ]
INFO: [ app_begin ] --END-- [ RunTime:0.000439s ]
INFO: [ view_parse ] --START--
INFO: [ template_filter ] --START--
INFO: Run Behavior\ContentReplaceBehavior [ RunTime:0.000030s ]
INFO: [ template_filter ] --END-- [ RunTime:0.000075s ]
INFO: Run Behavior\ParseTemplateBehavior [ RunTime:0.004558s ]
INFO: [ view_parse ] --END-- [ RunTime:0.004612s ]
INFO: [ view_filter ] --START--
INFO: Run Behavior\WriteHtmlCacheBehavior [ RunTime:0.000123s ]
INFO: [ view_filter ] --END-- [ RunTime:0.000161s ]
INFO: [ app_end ] --START--
INFO: Run Behavior\ShowPageTraceBehavior [ RunTime:0.000309s ]
INFO: [ app_end ] --END-- [ RunTime:0.000343s ]

[ 2015-05-26T06:05:54+08:00 ] ::1 /1977hs/admin.php
INFO: [ app_init ] --START--
INFO: Run Behavior\BuildLiteBehavior [ RunTime:0.000014s ]
INFO: [ app_init ] --END-- [ RunTime:0.000317s ]
INFO: [ app_begin ] --START--
INFO: Run Behavior\ReadHtmlCacheBehavior [ RunTime:0.000412s ]
INFO: [ app_begin ] --END-- [ RunTime:0.000455s ]
INFO: [ view_parse ] --START--
INFO: [ template_filter ] --START--
INFO: Run Behavior\ContentReplaceBehavior [ RunTime:0.000029s ]
INFO: [ template_filter ] --END-- [ RunTime:0.000076s ]
INFO: Run Behavior\ParseTemplateBehavior [ RunTime:0.004295s ]
INFO: [ view_parse ] --END-- [ RunTime:0.004329s ]
INFO: [ view_filter ] --START--
INFO: Run Behavior\WriteHtmlCacheBehavior [ RunTime:0.000099s ]
INFO: [ view_filter ] --END-- [ RunTime:0.000125s ]
INFO: [ app_end ] --START--
INFO: Run Behavior\ShowPageTraceBehavior [ RunTime:0.000293s ]
INFO: [ app_end ] --END-- [ RunTime:0.000322s ]

[ 2015-05-26T06:06:54+08:00 ] ::1 /1977hs/admin.php
INFO: [ app_init ] --START--
INFO: Run Behavior\BuildLiteBehavior [ RunTime:0.000015s ]
INFO: [ app_init ] --END-- [ RunTime:0.000274s ]
INFO: [ app_begin ] --START--
INFO: Run Behavior\ReadHtmlCacheBehavior [ RunTime:0.000455s ]
INFO: [ app_begin ] --END-- [ RunTime:0.000518s ]
INFO: [ view_parse ] --START--
INFO: [ template_filter ] --START--
INFO: Run Behavior\ContentReplaceBehavior [ RunTime:0.000031s ]
INFO: [ template_filter ] --END-- [ RunTime:0.000077s ]
INFO: Run Behavior\ParseTemplateBehavior [ RunTime:0.004416s ]
INFO: [ view_parse ] --END-- [ RunTime:0.004461s ]
INFO: [ view_filter ] --START--
INFO: Run Behavior\WriteHtmlCacheBehavior [ RunTime:0.000121s ]
INFO: [ view_filter ] --END-- [ RunTime:0.000150s ]
INFO: [ app_end ] --START--
INFO: Run Behavior\ShowPageTraceBehavior [ RunTime:0.000304s ]
INFO: [ app_end ] --END-- [ RunTime:0.000335s ]

[ 2015-05-26T06:06:57+08:00 ] ::1 /1977hs/admin.php
INFO: [ app_init ] --START--
INFO: Run Behavior\BuildLiteBehavior [ RunTime:0.000013s ]
INFO: [ app_init ] --END-- [ RunTime:0.000263s ]
INFO: [ app_begin ] --START--
INFO: Run Behavior\ReadHtmlCacheBehavior [ RunTime:0.000537s ]
INFO: [ app_begin ] --END-- [ RunTime:0.000592s ]
INFO: [ view_parse ] --START--
INFO: [ template_filter ] --START--
INFO: Run Behavior\ContentReplaceBehavior [ RunTime:0.000044s ]
INFO: [ template_filter ] --END-- [ RunTime:0.000096s ]
INFO: Run Behavior\ParseTemplateBehavior [ RunTime:0.004680s ]
INFO: [ view_parse ] --END-- [ RunTime:0.004718s ]
INFO: [ view_filter ] --START--
INFO: Run Behavior\WriteHtmlCacheBehavior [ RunTime:0.000105s ]
INFO: [ view_filter ] --END-- [ RunTime:0.000133s ]
INFO: [ app_end ] --START--
INFO: Run Behavior\ShowPageTraceBehavior [ RunTime:0.000328s ]
INFO: [ app_end ] --END-- [ RunTime:0.000362s ]

[ 2015-05-26T06:07:22+08:00 ] ::1 /1977hs/admin.php
INFO: [ app_init ] --START--
INFO: Run Behavior\BuildLiteBehavior [ RunTime:0.000013s ]
INFO: [ app_init ] --END-- [ RunTime:0.000247s ]
INFO: [ app_begin ] --START--
INFO: Run Behavior\ReadHtmlCacheBehavior [ RunTime:0.000310s ]
INFO: [ app_begin ] --END-- [ RunTime:0.000350s ]
INFO: [ view_parse ] --START--
INFO: [ template_filter ] --START--
INFO: Run Behavior\ContentReplaceBehavior [ RunTime:0.000032s ]
INFO: [ template_filter ] --END-- [ RunTime:0.000086s ]
INFO: Run Behavior\ParseTemplateBehavior [ RunTime:0.004834s ]
INFO: [ view_parse ] --END-- [ RunTime:0.004879s ]
INFO: [ view_filter ] --START--
INFO: Run Behavior\WriteHtmlCacheBehavior [ RunTime:0.000111s ]
INFO: [ view_filter ] --END-- [ RunTime:0.000138s ]
INFO: [ app_end ] --START--
INFO: Run Behavior\ShowPageTraceBehavior [ RunTime:0.000321s ]
INFO: [ app_end ] --END-- [ RunTime:0.000352s ]

[ 2015-05-26T06:07:34+08:00 ] ::1 /1977hs/admin.php
INFO: [ app_init ] --START--
INFO: Run Behavior\BuildLiteBehavior [ RunTime:0.000012s ]
INFO: [ app_init ] --END-- [ RunTime:0.000260s ]
INFO: [ app_begin ] --START--
INFO: Run Behavior\ReadHtmlCacheBehavior [ RunTime:0.000328s ]
INFO: [ app_begin ] --END-- [ RunTime:0.000391s ]
INFO: [ view_parse ] --START--
INFO: [ template_filter ] --START--
INFO: Run Behavior\ContentReplaceBehavior [ RunTime:0.000062s ]
INFO: [ template_filter ] --END-- [ RunTime:0.000147s ]
INFO: Run Behavior\ParseTemplateBehavior [ RunTime:0.005412s ]
INFO: [ view_parse ] --END-- [ RunTime:0.005481s ]
INFO: [ view_filter ] --START--
INFO: Run Behavior\WriteHtmlCacheBehavior [ RunTime:0.000194s ]
INFO: [ view_filter ] --END-- [ RunTime:0.000248s ]
INFO: [ app_end ] --START--
INFO: Run Behavior\ShowPageTraceBehavior [ RunTime:0.000419s ]
INFO: [ app_end ] --END-- [ RunTime:0.000466s ]

[ 2015-05-26T06:07:41+08:00 ] ::1 /1977hs/admin.php
INFO: [ app_init ] --START--
INFO: Run Behavior\BuildLiteBehavior [ RunTime:0.000018s ]
INFO: [ app_init ] --END-- [ RunTime:0.000305s ]
INFO: [ app_begin ] --START--
INFO: Run Behavior\ReadHtmlCacheBehavior [ RunTime:0.000319s ]
INFO: [ app_begin ] --END-- [ RunTime:0.000358s ]
INFO: [ view_parse ] --START--
INFO: [ template_filter ] --START--
INFO: Run Behavior\ContentReplaceBehavior [ RunTime:0.000051s ]
INFO: [ template_filter ] --END-- [ RunTime:0.000109s ]
INFO: Run Behavior\ParseTemplateBehavior [ RunTime:0.006159s ]
INFO: [ view_parse ] --END-- [ RunTime:0.006198s ]
INFO: [ view_filter ] --START--
INFO: Run Behavior\WriteHtmlCacheBehavior [ RunTime:0.000134s ]
INFO: [ view_filter ] --END-- [ RunTime:0.000163s ]
INFO: [ app_end ] --START--
INFO: Run Behavior\ShowPageTraceBehavior [ RunTime:0.000358s ]
INFO: [ app_end ] --END-- [ RunTime:0.000394s ]

[ 2015-05-26T06:07:50+08:00 ] ::1 /1977hs/admin.php
INFO: [ app_init ] --START--
INFO: Run Behavior\BuildLiteBehavior [ RunTime:0.000011s ]
INFO: [ app_init ] --END-- [ RunTime:0.000273s ]
INFO: [ app_begin ] --START--
INFO: Run Behavior\ReadHtmlCacheBehavior [ RunTime:0.000375s ]
INFO: [ app_begin ] --END-- [ RunTime:0.000414s ]
INFO: [ view_parse ] --START--
INFO: [ template_filter ] --START--
INFO: Run Behavior\ContentReplaceBehavior [ RunTime:0.000039s ]
INFO: [ template_filter ] --END-- [ RunTime:0.000110s ]
INFO: Run Behavior\ParseTemplateBehavior [ RunTime:0.005724s ]
INFO: [ view_parse ] --END-- [ RunTime:0.005793s ]
INFO: [ view_filter ] --START--
INFO: Run Behavior\WriteHtmlCacheBehavior [ RunTime:0.000305s ]
INFO: [ view_filter ] --END-- [ RunTime:0.000349s ]
INFO: [ app_end ] --START--
INFO: Run Behavior\ShowPageTraceBehavior [ RunTime:0.000482s ]
INFO: [ app_end ] --END-- [ RunTime:0.000524s ]

[ 2015-05-26T06:08:06+08:00 ] ::1 /1977hs/admin.php
INFO: [ app_init ] --START--
INFO: Run Behavior\BuildLiteBehavior [ RunTime:0.000013s ]
INFO: [ app_init ] --END-- [ RunTime:0.000279s ]
INFO: [ app_begin ] --START--
INFO: Run Behavior\ReadHtmlCacheBehavior [ RunTime:0.000441s ]
INFO: [ app_begin ] --END-- [ RunTime:0.000494s ]
INFO: [ view_parse ] --START--
INFO: [ template_filter ] --START--
INFO: Run Behavior\ContentReplaceBehavior [ RunTime:0.000031s ]
INFO: [ template_filter ] --END-- [ RunTime:0.000083s ]
INFO: Run Behavior\ParseTemplateBehavior [ RunTime:0.004650s ]
INFO: [ view_parse ] --END-- [ RunTime:0.004689s ]
INFO: [ view_filter ] --START--
INFO: Run Behavior\WriteHtmlCacheBehavior [ RunTime:0.000105s ]
INFO: [ view_filter ] --END-- [ RunTime:0.000132s ]
INFO: [ app_end ] --START--
INFO: Run Behavior\ShowPageTraceBehavior [ RunTime:0.000318s ]
INFO: [ app_end ] --END-- [ RunTime:0.000359s ]

[ 2015-05-26T06:11:24+08:00 ] ::1 /1977hs/admin.php
INFO: [ app_init ] --START--
INFO: Run Behavior\BuildLiteBehavior [ RunTime:0.000021s ]
INFO: [ app_init ] --END-- [ RunTime:0.000350s ]
INFO: [ app_begin ] --START--
INFO: Run Behavior\ReadHtmlCacheBehavior [ RunTime:0.000347s ]
INFO: [ app_begin ] --END-- [ RunTime:0.000392s ]
INFO: [ view_parse ] --START--
INFO: [ template_filter ] --START--
INFO: Run Behavior\ContentReplaceBehavior [ RunTime:0.000046s ]
INFO: [ template_filter ] --END-- [ RunTime:0.000103s ]
INFO: Run Behavior\ParseTemplateBehavior [ RunTime:0.005989s ]
INFO: [ view_parse ] --END-- [ RunTime:0.006032s ]
INFO: [ view_filter ] --START--
INFO: Run Behavior\WriteHtmlCacheBehavior [ RunTime:0.000142s ]
INFO: [ view_filter ] --END-- [ RunTime:0.000171s ]
INFO: [ app_end ] --START--
INFO: Run Behavior\ShowPageTraceBehavior [ RunTime:0.000352s ]
INFO: [ app_end ] --END-- [ RunTime:0.000388s ]

[ 2015-05-26T06:11:24+08:00 ] ::1 /1977hs/admin.php/Home/Index/help.html
INFO: [ app_init ] --START--
INFO: Run Behavior\BuildLiteBehavior [ RunTime:0.000013s ]
INFO: [ app_init ] --END-- [ RunTime:0.000244s ]
INFO: [ app_begin ] --START--
INFO: Run Behavior\ReadHtmlCacheBehavior [ RunTime:0.000329s ]
INFO: [ app_begin ] --END-- [ RunTime:0.000373s ]
INFO: [ view_parse ] --START--
INFO: [ template_filter ] --START--
INFO: Run Behavior\ContentReplaceBehavior [ RunTime:0.000028s ]
INFO: [ template_filter ] --END-- [ RunTime:0.000080s ]
INFO: Run Behavior\ParseTemplateBehavior [ RunTime:0.003808s ]
INFO: [ view_parse ] --END-- [ RunTime:0.003847s ]
INFO: [ view_filter ] --START--
INFO: Run Behavior\WriteHtmlCacheBehavior [ RunTime:0.000246s ]
INFO: [ view_filter ] --END-- [ RunTime:0.000305s ]
INFO: [ app_end ] --START--
INFO: Run Behavior\ShowPageTraceBehavior [ RunTime:0.000453s ]
INFO: [ app_end ] --END-- [ RunTime:0.000503s ]

[ 2015-05-26T06:22:13+08:00 ] ::1 /1977hs/admin.php/welcome.html
ERR: 无法加载控制器:Welcome

[ 2015-05-26T06:22:18+08:00 ] ::1 /1977hs/admin.php/welcome.html
ERR: 无法加载控制器:Welcome

[ 2015-05-26T06:25:48+08:00 ] ::1 /1977hs/admin.php/sub.html
ERR: 无法加载控制器:Sub

[ 2015-05-26T06:26:13+08:00 ] ::1 /1977hs/admin.php/welcome.html
ERR: 无法加载控制器:Welcome

[ 2015-05-26T06:27:12+08:00 ] ::1 /1977hs/admin.php/sub.html
ERR: 无法加载控制器:Sub

[ 2015-05-26T06:28:43+08:00 ] ::1 /1977hs/admin.php/welcome.html
ERR: 无法加载控制器:Welcome

[ 2015-05-26T06:28:52+08:00 ] ::1 /1977hs/admin.php/welcome.html
ERR: 无法加载控制器:Welcome

[ 2015-05-26T06:28:53+08:00 ] ::1 /1977hs/admin.php/sub.html
ERR: 无法加载控制器:Sub

[ 2015-05-26T06:28:55+08:00 ] ::1 /1977hs/admin.php/sub.html
ERR: 无法加载控制器:Sub

[ 2015-05-26T06:28:58+08:00 ] ::1 /1977hs/admin.php/sub.html
ERR: 无法加载控制器:Sub

[ 2015-05-26T06:29:08+08:00 ] ::1 /1977hs/admin.php/welcome.html
ERR: 无法加载控制器:Welcome

[ 2015-05-26T06:29:10+08:00 ] ::1 /1977hs/admin.php/sub.html
ERR: 无法加载控制器:Sub

[ 2015-05-26T06:29:23+08:00 ] ::1 /1977hs/admin.php/welcome.html
ERR: 无法加载控制器:Welcome

[ 2015-05-26T06:29:37+08:00 ] ::1 /1977hs/admin.php/welcome.html
ERR: 无法加载控制器:Welcome

[ 2015-05-26T06:30:47+08:00 ] ::1 /1977hs/admin.php/welcome.html
ERR: 无法加载控制器:Welcome

[ 2015-05-26T06:31:13+08:00 ] ::1 /1977hs/admin.php/welcome.html
ERR: 无法加载控制器:Welcome

[ 2015-05-26T06:31:19+08:00 ] ::1 /1977hs/admin.php/welcome.html
ERR: 无法加载控制器:Welcome

[ 2015-05-26T06:32:43+08:00 ] ::1 /1977hs/admin.php/welcome.html
ERR: 无法加载控制器:Welcome

[ 2015-05-26T06:34:08+08:00 ] ::1 /1977hs/admin.php/welcome.html
ERR: 无法加载控制器:Welcome

[ 2015-05-26T06:34:21+08:00 ] ::1 /1977hs/admin.php/welcome.html
ERR: 无法加载控制器:Welcome

[ 2015-05-26T06:34:53+08:00 ] ::1 /1977hs/admin.php/welcome.html
ERR: 无法加载控制器:Welcome

[ 2015-05-26T06:35:09+08:00 ] ::1 /1977hs/admin.php/welcome.html
ERR: 无法加载控制器:Welcome

[ 2015-05-26T06:36:09+08:00 ] ::1 /1977hs/admin.php/sub.html
ERR: 无法加载控制器:Sub

[ 2015-05-26T06:36:17+08:00 ] ::1 /1977hs/admin.php/welcome.html
ERR: 无法加载控制器:Welcome

[ 2015-05-26T06:36:24+08:00 ] ::1 /1977hs/admin.php/sub.html
ERR: 无法加载控制器:Sub

[ 2015-05-26T06:37:00+08:00 ] ::1 /1977hs/admin.php/welcome.html
ERR: 无法加载控制器:Welcome

[ 2015-05-26T06:37:13+08:00 ] ::1 /1977hs/admin.php/sub.html
ERR: 无法加载控制器:Sub

[ 2015-05-26T06:37:28+08:00 ] ::1 /1977hs/admin.php/welcome.html
ERR: 无法加载控制器:Welcome

[ 2015-05-26T06:37:31+08:00 ] ::1 /1977hs/admin.php/welcome.html
ERR: 无法加载控制器:Welcome

[ 2015-05-26T06:37:53+08:00 ] ::1 /1977hs/admin.php/welcome.html
ERR: 无法加载控制器:Welcome

[ 2015-05-26T06:38:26+08:00 ] ::1 /1977hs/admin.php/welcome.html
ERR: 无法加载控制器:Welcome

[ 2015-05-26T06:39:15+08:00 ] ::1 /1977hs/admin.php/welcome.html
ERR: 无法加载控制器:Welcome

[ 2015-05-26T06:39:38+08:00 ] ::1 /1977hs/admin.php/welcome.html
ERR: 无法加载控制器:Welcome

[ 2015-05-26T06:39:48+08:00 ] ::1 /1977hs/admin.php/sub.html
ERR: 无法加载控制器:Sub

[ 2015-05-26T06:39:50+08:00 ] ::1 /1977hs/admin.php/sub.html
ERR: 无法加载控制器:Sub

[ 2015-05-26T06:39:56+08:00 ] ::1 /1977hs/admin.php/welcome.html
ERR: 无法加载控制器:Welcome

[ 2015-05-26T06:39:57+08:00 ] ::1 /1977hs/admin.php/sub.html
ERR: 无法加载控制器:Sub

[ 2015-05-26T06:40:31+08:00 ] ::1 /1977hs/admin.php/welcome.html
ERR: 无法加载控制器:Welcome

[ 2015-05-26T06:40:42+08:00 ] ::1 /1977hs/admin.php/welcome.html
ERR: 无法加载控制器:Welcome

[ 2015-05-26T06:40:46+08:00 ] ::1 /1977hs/admin.php/welcome.html
ERR: 无法加载控制器:Welcome

[ 2015-05-26T06:40:47+08:00 ] ::1 /1977hs/admin.php/sub.html
ERR: 无法加载控制器:Sub

[ 2015-05-26T06:49:38+08:00 ] ::1 /1977hs/admin.php/sub.html
ERR: 无法加载控制器:Sub

[ 2015-05-26T06:49:38+08:00 ] ::1 /1977hs/admin.php/sub.html
ERR: 无法加载控制器:Sub

[ 2015-05-26T06:49:38+08:00 ] ::1 /1977hs/admin.php/sub.html
ERR: 无法加载控制器:Sub

[ 2015-05-26T06:49:42+08:00 ] ::1 /1977hs/admin.php/sub.html
ERR: 无法加载控制器:Sub

[ 2015-05-26T06:49:47+08:00 ] ::1 /1977hs/admin.php/welcome.html
ERR: 无法加载控制器:Welcome

