[ 2015-06-23T08:50:15+08:00 ] ::1 /1977hs/admin.php/
INFO: [ app_init ] --START--
INFO: Run Behavior\BuildLiteBehavior [ RunTime:0.000020s ]
INFO: [ app_init ] --END-- [ RunTime:0.000130s ]
INFO: [ app_begin ] --START--
INFO: Run Behavior\ReadHtmlCacheBehavior [ RunTime:0.000563s ]
INFO: [ app_begin ] --END-- [ RunTime:0.000637s ]
INFO: [ view_parse ] --START--
INFO: [ template_filter ] --START--
INFO: Run Behavior\ContentReplaceBehavior [ RunTime:0.000051s ]
INFO: [ template_filter ] --END-- [ RunTime:0.000124s ]
INFO: Run Behavior\ParseTemplateBehavior [ RunTime:0.013378s ]
INFO: [ view_parse ] --END-- [ RunTime:0.013443s ]
INFO: [ view_filter ] --START--
INFO: Run Behavior\WriteHtmlCacheBehavior [ RunTime:0.000167s ]
INFO: [ view_filter ] --END-- [ RunTime:0.000199s ]
INFO: [ app_end ] --START--
INFO: Run Behavior\ShowPageTraceBehavior [ RunTime:0.000545s ]
INFO: [ app_end ] --END-- [ RunTime:0.000609s ]

[ 2015-06-23T08:50:15+08:00 ] ::1 /1977hs/admin.php/Login/index.html
INFO: [ app_init ] --START--
INFO: Run Behavior\BuildLiteBehavior [ RunTime:0.000022s ]
INFO: [ app_init ] --END-- [ RunTime:0.000102s ]
INFO: [ app_begin ] --START--
INFO: Run Behavior\ReadHtmlCacheBehavior [ RunTime:0.000533s ]
INFO: [ app_begin ] --END-- [ RunTime:0.000611s ]
INFO: [ view_parse ] --START--
INFO: [ template_filter ] --START--
INFO: Run Behavior\ContentReplaceBehavior [ RunTime:0.000027s ]
INFO: [ template_filter ] --END-- [ RunTime:0.000073s ]
INFO: Run Behavior\ParseTemplateBehavior [ RunTime:0.030134s ]
INFO: [ view_parse ] --END-- [ RunTime:0.030190s ]
INFO: [ view_filter ] --START--
INFO: Run Behavior\WriteHtmlCacheBehavior [ RunTime:0.000098s ]
INFO: [ view_filter ] --END-- [ RunTime:0.000124s ]
INFO: [ app_end ] --START--
INFO: Run Behavior\ShowPageTraceBehavior [ RunTime:0.000368s ]
INFO: [ app_end ] --END-- [ RunTime:0.000401s ]

[ 2015-06-23T09:42:35+08:00 ] ::1 /1977hs/admin.php/
INFO: [ app_init ] --START--
INFO: Run Behavior\BuildLiteBehavior [ RunTime:0.000011s ]
INFO: [ app_init ] --END-- [ RunTime:0.000052s ]
INFO: [ app_begin ] --START--
INFO: Run Behavior\ReadHtmlCacheBehavior [ RunTime:0.000407s ]
INFO: [ app_begin ] --END-- [ RunTime:0.000450s ]
INFO: [ view_parse ] --START--
INFO: [ template_filter ] --START--
INFO: Run Behavior\ContentReplaceBehavior [ RunTime:0.000042s ]
INFO: [ template_filter ] --END-- [ RunTime:0.000105s ]
INFO: Run Behavior\ParseTemplateBehavior [ RunTime:0.006815s ]
INFO: [ view_parse ] --END-- [ RunTime:0.006866s ]
INFO: [ view_filter ] --START--
INFO: Run Behavior\WriteHtmlCacheBehavior [ RunTime:0.000179s ]
INFO: [ view_filter ] --END-- [ RunTime:0.000211s ]
INFO: [ app_end ] --START--
INFO: Run Behavior\ShowPageTraceBehavior [ RunTime:0.000366s ]
INFO: [ app_end ] --END-- [ RunTime:0.000412s ]

[ 2015-06-23T09:42:35+08:00 ] ::1 /1977hs/admin.php/Login/index.html
INFO: [ app_init ] --START--
INFO: Run Behavior\BuildLiteBehavior [ RunTime:0.000017s ]
INFO: [ app_init ] --END-- [ RunTime:0.000079s ]
INFO: [ app_begin ] --START--
INFO: Run Behavior\ReadHtmlCacheBehavior [ RunTime:0.000380s ]
INFO: [ app_begin ] --END-- [ RunTime:0.000441s ]
INFO: [ view_parse ] --START--
INFO: [ template_filter ] --START--
INFO: Run Behavior\ContentReplaceBehavior [ RunTime:0.000029s ]
INFO: [ template_filter ] --END-- [ RunTime:0.000081s ]
INFO: Run Behavior\ParseTemplateBehavior [ RunTime:0.004224s ]
INFO: [ view_parse ] --END-- [ RunTime:0.004283s ]
INFO: [ view_filter ] --START--
INFO: Run Behavior\WriteHtmlCacheBehavior [ RunTime:0.000146s ]
INFO: [ view_filter ] --END-- [ RunTime:0.000176s ]
INFO: [ app_end ] --START--
INFO: Run Behavior\ShowPageTraceBehavior [ RunTime:0.000346s ]
INFO: [ app_end ] --END-- [ RunTime:0.000386s ]

[ 2015-06-23T09:42:38+08:00 ] ::1 /1977hs/admin.php/Login/verify.html
INFO: [ app_init ] --START--
INFO: Run Behavior\BuildLiteBehavior [ RunTime:0.000017s ]
INFO: [ app_init ] --END-- [ RunTime:0.000087s ]
INFO: [ app_begin ] --START--
INFO: Run Behavior\ReadHtmlCacheBehavior [ RunTime:0.000583s ]
INFO: [ app_begin ] --END-- [ RunTime:0.000681s ]
SQL: SHOW COLUMNS FROM `hs_admin` [ RunTime:0.0019s ]
SQL: SELECT * FROM `hs_admin` WHERE `loginname` = 'admin' LIMIT 1   [ RunTime:0.0387s ]
SQL: UPDATE `hs_admin` SET `last_login_time`='2015-06-23 09:42:38' WHERE `id` = 1 [ RunTime:0.0006s ]
INFO: [ view_parse ] --START--
INFO: [ template_filter ] --START--
INFO: Run Behavior\ContentReplaceBehavior [ RunTime:0.000028s ]
INFO: [ template_filter ] --END-- [ RunTime:0.000078s ]
INFO: Run Behavior\ParseTemplateBehavior [ RunTime:0.012910s ]
INFO: [ view_parse ] --END-- [ RunTime:0.012955s ]
INFO: [ view_filter ] --START--
INFO: Run Behavior\WriteHtmlCacheBehavior [ RunTime:0.000127s ]
INFO: [ view_filter ] --END-- [ RunTime:0.000157s ]
INFO: [ app_end ] --START--
INFO: Run Behavior\ShowPageTraceBehavior [ RunTime:0.000332s ]
INFO: [ app_end ] --END-- [ RunTime:0.000363s ]

[ 2015-06-23T09:42:39+08:00 ] ::1 /1977hs/admin.php/Index/index.html
INFO: [ app_init ] --START--
INFO: Run Behavior\BuildLiteBehavior [ RunTime:0.000011s ]
INFO: [ app_init ] --END-- [ RunTime:0.000050s ]
INFO: [ app_begin ] --START--
INFO: Run Behavior\ReadHtmlCacheBehavior [ RunTime:0.000324s ]
INFO: [ app_begin ] --END-- [ RunTime:0.000358s ]
INFO: [ view_parse ] --START--
INFO: [ template_filter ] --START--
INFO: Run Behavior\ContentReplaceBehavior [ RunTime:0.000043s ]
INFO: [ template_filter ] --END-- [ RunTime:0.000110s ]
INFO: Run Behavior\ParseTemplateBehavior [ RunTime:0.006907s ]
INFO: [ view_parse ] --END-- [ RunTime:0.007018s ]
INFO: [ view_filter ] --START--
INFO: Run Behavior\WriteHtmlCacheBehavior [ RunTime:0.000253s ]
INFO: [ view_filter ] --END-- [ RunTime:0.000295s ]
INFO: [ app_end ] --START--
INFO: Run Behavior\ShowPageTraceBehavior [ RunTime:0.000517s ]
INFO: [ app_end ] --END-- [ RunTime:0.000591s ]

[ 2015-06-23T09:42:39+08:00 ] ::1 /1977hs/admin.php/Webinfo/index.html
INFO: [ app_init ] --START--
INFO: Run Behavior\BuildLiteBehavior [ RunTime:0.000021s ]
INFO: [ app_init ] --END-- [ RunTime:0.000098s ]
INFO: [ app_begin ] --START--
INFO: Run Behavior\ReadHtmlCacheBehavior [ RunTime:0.000560s ]
INFO: [ app_begin ] --END-- [ RunTime:0.000689s ]
SQL: SHOW COLUMNS FROM `hs_visitor` [ RunTime:0.0015s ]
SQL: SELECT * FROM `hs_visitor`  [ RunTime:0.0003s ]
SQL: SELECT * FROM `hs_visitor`  [ RunTime:0.0005s ]
SQL: SHOW COLUMNS FROM `hs_webinfo` [ RunTime:0.0013s ]
SQL: SELECT * FROM `hs_webinfo` WHERE `type` = 'PHONE' LIMIT 1   [ RunTime:0.0005s ]
SQL: SELECT * FROM `hs_webinfo` WHERE `type` = 'BEIAN' LIMIT 1   [ RunTime:0.0003s ]
SQL: SELECT * FROM `hs_webinfo` WHERE `type` = 'BANQUAN' LIMIT 1   [ RunTime:0.0002s ]
SQL: SELECT * FROM `hs_webinfo` WHERE `type` = 'ADDRESS' LIMIT 1   [ RunTime:0.0002s ]
INFO: [ view_parse ] --START--
INFO: [ template_filter ] --START--
INFO: Run Behavior\ContentReplaceBehavior [ RunTime:0.000051s ]
INFO: [ template_filter ] --END-- [ RunTime:0.000106s ]
INFO: Run Behavior\ParseTemplateBehavior [ RunTime:0.028508s ]
INFO: [ view_parse ] --END-- [ RunTime:0.028555s ]
INFO: [ view_filter ] --START--
INFO: Run Behavior\WriteHtmlCacheBehavior [ RunTime:0.000134s ]
INFO: [ view_filter ] --END-- [ RunTime:0.000165s ]
INFO: [ app_end ] --START--
INFO: Run Behavior\ShowPageTraceBehavior [ RunTime:0.000420s ]
INFO: [ app_end ] --END-- [ RunTime:0.000473s ]

[ 2015-06-23T09:42:39+08:00 ] ::1 /1977hs/admin.php/Index/getApplicationCount.html
INFO: [ app_init ] --START--
INFO: Run Behavior\BuildLiteBehavior [ RunTime:0.000012s ]
INFO: [ app_init ] --END-- [ RunTime:0.000052s ]
INFO: [ app_begin ] --START--
INFO: Run Behavior\ReadHtmlCacheBehavior [ RunTime:0.000393s ]
INFO: [ app_begin ] --END-- [ RunTime:0.000439s ]
SQL: SHOW COLUMNS FROM `hs_application` [ RunTime:0.0020s ]
SQL: SELECT COUNT(*) AS tp_count FROM `hs_application` WHERE `is_read` = 0 AND `is_active` = 1 LIMIT 1   [ RunTime:0.0004s ]

[ 2015-06-23T09:42:39+08:00 ] ::1 /1977hs/admin.php/Index/getApplicationCount.html
INFO: [ app_init ] --START--
INFO: Run Behavior\BuildLiteBehavior [ RunTime:0.000011s ]
INFO: [ app_init ] --END-- [ RunTime:0.000054s ]
INFO: [ app_begin ] --START--
INFO: Run Behavior\ReadHtmlCacheBehavior [ RunTime:0.000313s ]
INFO: [ app_begin ] --END-- [ RunTime:0.000351s ]
SQL: SHOW COLUMNS FROM `hs_application` [ RunTime:0.0024s ]
SQL: SELECT COUNT(*) AS tp_count FROM `hs_application` WHERE `is_read` = 0 AND `is_active` = 1 LIMIT 1   [ RunTime:0.0003s ]

[ 2015-06-23T09:42:40+08:00 ] ::1 /1977hs/admin.php/Index/changePassword.html
INFO: [ app_init ] --START--
INFO: Run Behavior\BuildLiteBehavior [ RunTime:0.000012s ]
INFO: [ app_init ] --END-- [ RunTime:0.000056s ]
INFO: [ app_begin ] --START--
INFO: Run Behavior\ReadHtmlCacheBehavior [ RunTime:0.000327s ]
INFO: [ app_begin ] --END-- [ RunTime:0.000372s ]
SQL: SHOW COLUMNS FROM `hs_admin` [ RunTime:0.0018s ]
SQL: SELECT * FROM `hs_admin` WHERE `id` = 1 LIMIT 1   [ RunTime:0.0003s ]
INFO: [ view_parse ] --START--
INFO: [ template_filter ] --START--
INFO: Run Behavior\ContentReplaceBehavior [ RunTime:0.000033s ]
INFO: [ template_filter ] --END-- [ RunTime:0.000089s ]
INFO: Run Behavior\ParseTemplateBehavior [ RunTime:0.020151s ]
INFO: [ view_parse ] --END-- [ RunTime:0.020217s ]
INFO: [ view_filter ] --START--
INFO: Run Behavior\WriteHtmlCacheBehavior [ RunTime:0.000128s ]
INFO: [ view_filter ] --END-- [ RunTime:0.000159s ]
INFO: [ app_end ] --START--
INFO: Run Behavior\ShowPageTraceBehavior [ RunTime:0.000345s ]
INFO: [ app_end ] --END-- [ RunTime:0.000378s ]

[ 2015-06-23T09:42:41+08:00 ] ::1 /1977hs/admin.php/Visitor/index.html
INFO: [ app_init ] --START--
INFO: Run Behavior\BuildLiteBehavior [ RunTime:0.000009s ]
INFO: [ app_init ] --END-- [ RunTime:0.000045s ]
INFO: [ app_begin ] --START--
INFO: Run Behavior\ReadHtmlCacheBehavior [ RunTime:0.000264s ]
INFO: [ app_begin ] --END-- [ RunTime:0.000296s ]
NOTIC: [8] Undefined index: p /Applications/XAMPP/xamppfiles/htdocs/1977hs/Admin/Home/Controller/VisitorController.class.php 第 14 行.
SQL: SHOW COLUMNS FROM `hs_visitor` [ RunTime:0.0013s ]
SQL: SELECT * FROM `hs_visitor` ORDER BY created_time desc LIMIT 0,11   [ RunTime:0.0003s ]
SQL: SELECT COUNT(*) AS tp_count FROM `hs_visitor` LIMIT 1   [ RunTime:0.0002s ]
INFO: [ view_parse ] --START--
INFO: [ template_filter ] --START--
INFO: Run Behavior\ContentReplaceBehavior [ RunTime:0.000029s ]
INFO: [ template_filter ] --END-- [ RunTime:0.000073s ]
INFO: Run Behavior\ParseTemplateBehavior [ RunTime:0.024021s ]
INFO: [ view_parse ] --END-- [ RunTime:0.024087s ]
INFO: [ view_filter ] --START--
INFO: Run Behavior\WriteHtmlCacheBehavior [ RunTime:0.000125s ]
INFO: [ view_filter ] --END-- [ RunTime:0.000154s ]
INFO: [ app_end ] --START--
INFO: Run Behavior\ShowPageTraceBehavior [ RunTime:0.000443s ]
INFO: [ app_end ] --END-- [ RunTime:0.000488s ]

[ 2015-06-23T09:42:41+08:00 ] ::1 /1977hs/admin.php/Index/getApplicationCount.html
INFO: [ app_init ] --START--
INFO: Run Behavior\BuildLiteBehavior [ RunTime:0.000011s ]
INFO: [ app_init ] --END-- [ RunTime:0.000052s ]
INFO: [ app_begin ] --START--
INFO: Run Behavior\ReadHtmlCacheBehavior [ RunTime:0.000332s ]
INFO: [ app_begin ] --END-- [ RunTime:0.000370s ]
SQL: SHOW COLUMNS FROM `hs_application` [ RunTime:0.0015s ]
SQL: SELECT COUNT(*) AS tp_count FROM `hs_application` WHERE `is_read` = 0 AND `is_active` = 1 LIMIT 1   [ RunTime:0.0003s ]

[ 2015-06-23T09:42:46+08:00 ] ::1 /1977hs/admin.php/Webinfo/index.html
INFO: [ app_init ] --START--
INFO: Run Behavior\BuildLiteBehavior [ RunTime:0.000010s ]
INFO: [ app_init ] --END-- [ RunTime:0.000049s ]
INFO: [ app_begin ] --START--
INFO: Run Behavior\ReadHtmlCacheBehavior [ RunTime:0.000591s ]
INFO: [ app_begin ] --END-- [ RunTime:0.000690s ]
SQL: SHOW COLUMNS FROM `hs_visitor` [ RunTime:0.0019s ]
SQL: SELECT * FROM `hs_visitor`  [ RunTime:0.0004s ]
SQL: SELECT * FROM `hs_visitor`  [ RunTime:0.0003s ]
SQL: SHOW COLUMNS FROM `hs_webinfo` [ RunTime:0.0013s ]
SQL: SELECT * FROM `hs_webinfo` WHERE `type` = 'PHONE' LIMIT 1   [ RunTime:0.0003s ]
SQL: SELECT * FROM `hs_webinfo` WHERE `type` = 'BEIAN' LIMIT 1   [ RunTime:0.0002s ]
SQL: SELECT * FROM `hs_webinfo` WHERE `type` = 'BANQUAN' LIMIT 1   [ RunTime:0.0002s ]
SQL: SELECT * FROM `hs_webinfo` WHERE `type` = 'ADDRESS' LIMIT 1   [ RunTime:0.0002s ]
INFO: [ view_parse ] --START--
INFO: [ template_filter ] --START--
INFO: Run Behavior\ContentReplaceBehavior [ RunTime:0.000076s ]
INFO: [ template_filter ] --END-- [ RunTime:0.000136s ]
INFO: Run Behavior\ParseTemplateBehavior [ RunTime:0.008012s ]
INFO: [ view_parse ] --END-- [ RunTime:0.008060s ]
INFO: [ view_filter ] --START--
INFO: Run Behavior\WriteHtmlCacheBehavior [ RunTime:0.000114s ]
INFO: [ view_filter ] --END-- [ RunTime:0.000141s ]
INFO: [ app_end ] --START--
INFO: Run Behavior\ShowPageTraceBehavior [ RunTime:0.000389s ]
INFO: [ app_end ] --END-- [ RunTime:0.000434s ]

[ 2015-06-23T09:42:46+08:00 ] ::1 /1977hs/admin.php/Index/getApplicationCount.html
INFO: [ app_init ] --START--
INFO: Run Behavior\BuildLiteBehavior [ RunTime:0.000013s ]
INFO: [ app_init ] --END-- [ RunTime:0.000059s ]
INFO: [ app_begin ] --START--
INFO: Run Behavior\ReadHtmlCacheBehavior [ RunTime:0.000375s ]
INFO: [ app_begin ] --END-- [ RunTime:0.000434s ]
SQL: SHOW COLUMNS FROM `hs_application` [ RunTime:0.0015s ]
SQL: SELECT COUNT(*) AS tp_count FROM `hs_application` WHERE `is_read` = 0 AND `is_active` = 1 LIMIT 1   [ RunTime:0.0003s ]

[ 2015-06-23T09:42:54+08:00 ] ::1 /1977hs/admin.php/Index/index.html
INFO: [ app_init ] --START--
INFO: Run Behavior\BuildLiteBehavior [ RunTime:0.000015s ]
INFO: [ app_init ] --END-- [ RunTime:0.000096s ]
INFO: [ app_begin ] --START--
INFO: Run Behavior\ReadHtmlCacheBehavior [ RunTime:0.000369s ]
INFO: [ app_begin ] --END-- [ RunTime:0.000417s ]
INFO: [ view_parse ] --START--
INFO: [ template_filter ] --START--
INFO: Run Behavior\ContentReplaceBehavior [ RunTime:0.000042s ]
INFO: [ template_filter ] --END-- [ RunTime:0.000094s ]
INFO: Run Behavior\ParseTemplateBehavior [ RunTime:0.007134s ]
INFO: [ view_parse ] --END-- [ RunTime:0.007176s ]
INFO: [ view_filter ] --START--
INFO: Run Behavior\WriteHtmlCacheBehavior [ RunTime:0.000128s ]
INFO: [ view_filter ] --END-- [ RunTime:0.000155s ]
INFO: [ app_end ] --START--
INFO: Run Behavior\ShowPageTraceBehavior [ RunTime:0.000397s ]
INFO: [ app_end ] --END-- [ RunTime:0.000441s ]

[ 2015-06-23T09:42:54+08:00 ] ::1 /1977hs/admin.php/Webinfo/index.html
INFO: [ app_init ] --START--
INFO: Run Behavior\BuildLiteBehavior [ RunTime:0.000018s ]
INFO: [ app_init ] --END-- [ RunTime:0.000088s ]
INFO: [ app_begin ] --START--
INFO: Run Behavior\ReadHtmlCacheBehavior [ RunTime:0.000388s ]
INFO: [ app_begin ] --END-- [ RunTime:0.000447s ]
SQL: SHOW COLUMNS FROM `hs_visitor` [ RunTime:0.0013s ]
SQL: SELECT * FROM `hs_visitor`  [ RunTime:0.0004s ]
SQL: SELECT * FROM `hs_visitor`  [ RunTime:0.0004s ]
SQL: SHOW COLUMNS FROM `hs_webinfo` [ RunTime:0.0016s ]
SQL: SELECT * FROM `hs_webinfo` WHERE `type` = 'PHONE' LIMIT 1   [ RunTime:0.0005s ]
SQL: SELECT * FROM `hs_webinfo` WHERE `type` = 'BEIAN' LIMIT 1   [ RunTime:0.0003s ]
SQL: SELECT * FROM `hs_webinfo` WHERE `type` = 'BANQUAN' LIMIT 1   [ RunTime:0.0003s ]
SQL: SELECT * FROM `hs_webinfo` WHERE `type` = 'ADDRESS' LIMIT 1   [ RunTime:0.0003s ]
INFO: [ view_parse ] --START--
INFO: [ template_filter ] --START--
INFO: Run Behavior\ContentReplaceBehavior [ RunTime:0.000066s ]
INFO: [ template_filter ] --END-- [ RunTime:0.000119s ]
INFO: Run Behavior\ParseTemplateBehavior [ RunTime:0.008995s ]
INFO: [ view_parse ] --END-- [ RunTime:0.009051s ]
INFO: [ view_filter ] --START--
INFO: Run Behavior\WriteHtmlCacheBehavior [ RunTime:0.000134s ]
INFO: [ view_filter ] --END-- [ RunTime:0.000190s ]
INFO: [ app_end ] --START--
INFO: Run Behavior\ShowPageTraceBehavior [ RunTime:0.000417s ]
INFO: [ app_end ] --END-- [ RunTime:0.000502s ]

[ 2015-06-23T09:42:54+08:00 ] ::1 /1977hs/admin.php/Index/getApplicationCount.html
INFO: [ app_init ] --START--
INFO: Run Behavior\BuildLiteBehavior [ RunTime:0.000013s ]
INFO: [ app_init ] --END-- [ RunTime:0.000057s ]
INFO: [ app_begin ] --START--
INFO: Run Behavior\ReadHtmlCacheBehavior [ RunTime:0.000556s ]
INFO: [ app_begin ] --END-- [ RunTime:0.000637s ]
SQL: SHOW COLUMNS FROM `hs_application` [ RunTime:0.0014s ]
SQL: SELECT COUNT(*) AS tp_count FROM `hs_application` WHERE `is_read` = 0 AND `is_active` = 1 LIMIT 1   [ RunTime:0.0003s ]

[ 2015-06-23T09:42:54+08:00 ] ::1 /1977hs/admin.php/Index/getApplicationCount.html
INFO: [ app_init ] --START--
INFO: Run Behavior\BuildLiteBehavior [ RunTime:0.000012s ]
INFO: [ app_init ] --END-- [ RunTime:0.000053s ]
INFO: [ app_begin ] --START--
INFO: Run Behavior\ReadHtmlCacheBehavior [ RunTime:0.000300s ]
INFO: [ app_begin ] --END-- [ RunTime:0.000335s ]
SQL: SHOW COLUMNS FROM `hs_application` [ RunTime:0.0018s ]
SQL: SELECT COUNT(*) AS tp_count FROM `hs_application` WHERE `is_read` = 0 AND `is_active` = 1 LIMIT 1   [ RunTime:0.0003s ]

[ 2015-06-23T09:45:55+08:00 ] 192.168.1.104 /1977hs/admin.php
INFO: [ app_init ] --START--
INFO: Run Behavior\BuildLiteBehavior [ RunTime:0.000017s ]
INFO: [ app_init ] --END-- [ RunTime:0.000113s ]
INFO: [ app_begin ] --START--
INFO: Run Behavior\ReadHtmlCacheBehavior [ RunTime:0.000430s ]
INFO: [ app_begin ] --END-- [ RunTime:0.000476s ]
INFO: [ view_parse ] --START--
INFO: [ template_filter ] --START--
INFO: Run Behavior\ContentReplaceBehavior [ RunTime:0.000038s ]
INFO: [ template_filter ] --END-- [ RunTime:0.000076s ]
INFO: Run Behavior\ParseTemplateBehavior [ RunTime:0.006161s ]
INFO: [ view_parse ] --END-- [ RunTime:0.006198s ]
INFO: [ view_filter ] --START--
INFO: Run Behavior\WriteHtmlCacheBehavior [ RunTime:0.000109s ]
INFO: [ view_filter ] --END-- [ RunTime:0.000136s ]
INFO: [ app_end ] --START--
INFO: Run Behavior\ShowPageTraceBehavior [ RunTime:0.000361s ]
INFO: [ app_end ] --END-- [ RunTime:0.000399s ]

[ 2015-06-23T09:45:55+08:00 ] 192.168.1.104 /1977hs/admin.php/Login/index.html
INFO: [ app_init ] --START--
INFO: Run Behavior\BuildLiteBehavior [ RunTime:0.000010s ]
INFO: [ app_init ] --END-- [ RunTime:0.000055s ]
INFO: [ app_begin ] --START--
INFO: Run Behavior\ReadHtmlCacheBehavior [ RunTime:0.000334s ]
INFO: [ app_begin ] --END-- [ RunTime:0.000373s ]
INFO: [ view_parse ] --START--
INFO: [ template_filter ] --START--
INFO: Run Behavior\ContentReplaceBehavior [ RunTime:0.000025s ]
INFO: [ template_filter ] --END-- [ RunTime:0.000064s ]
INFO: Run Behavior\ParseTemplateBehavior [ RunTime:0.003637s ]
INFO: [ view_parse ] --END-- [ RunTime:0.003670s ]
INFO: [ view_filter ] --START--
INFO: Run Behavior\WriteHtmlCacheBehavior [ RunTime:0.000103s ]
INFO: [ view_filter ] --END-- [ RunTime:0.000132s ]
INFO: [ app_end ] --START--
INFO: Run Behavior\ShowPageTraceBehavior [ RunTime:0.000314s ]
INFO: [ app_end ] --END-- [ RunTime:0.000344s ]

[ 2015-06-23T09:46:02+08:00 ] 192.168.1.104 /1977hs/admin.php/Login/verify.html
INFO: [ app_init ] --START--
INFO: Run Behavior\BuildLiteBehavior [ RunTime:0.000015s ]
INFO: [ app_init ] --END-- [ RunTime:0.000102s ]
INFO: [ app_begin ] --START--
INFO: Run Behavior\ReadHtmlCacheBehavior [ RunTime:0.000360s ]
INFO: [ app_begin ] --END-- [ RunTime:0.000404s ]
SQL: SHOW COLUMNS FROM `hs_admin` [ RunTime:0.0016s ]
SQL: SELECT * FROM `hs_admin` WHERE `loginname` = 'admin' LIMIT 1   [ RunTime:0.0003s ]
SQL: UPDATE `hs_admin` SET `last_login_time`='2015-06-23 09:46:02' WHERE `id` = 1 [ RunTime:0.0006s ]
INFO: [ view_parse ] --START--
INFO: [ template_filter ] --START--
INFO: Run Behavior\ContentReplaceBehavior [ RunTime:0.000025s ]
INFO: [ template_filter ] --END-- [ RunTime:0.000068s ]
INFO: Run Behavior\ParseTemplateBehavior [ RunTime:0.003946s ]
INFO: [ view_parse ] --END-- [ RunTime:0.003984s ]
INFO: [ view_filter ] --START--
INFO: Run Behavior\WriteHtmlCacheBehavior [ RunTime:0.000119s ]
INFO: [ view_filter ] --END-- [ RunTime:0.000148s ]
INFO: [ app_end ] --START--
INFO: Run Behavior\ShowPageTraceBehavior [ RunTime:0.000320s ]
INFO: [ app_end ] --END-- [ RunTime:0.000352s ]

[ 2015-06-23T09:46:03+08:00 ] 192.168.1.104 /1977hs/admin.php/Index/index.html
INFO: [ app_init ] --START--
INFO: Run Behavior\BuildLiteBehavior [ RunTime:0.000011s ]
INFO: [ app_init ] --END-- [ RunTime:0.000055s ]
INFO: [ app_begin ] --START--
INFO: Run Behavior\ReadHtmlCacheBehavior [ RunTime:0.000335s ]
INFO: [ app_begin ] --END-- [ RunTime:0.000375s ]
INFO: [ view_parse ] --START--
INFO: [ template_filter ] --START--
INFO: Run Behavior\ContentReplaceBehavior [ RunTime:0.000031s ]
INFO: [ template_filter ] --END-- [ RunTime:0.000066s ]
INFO: Run Behavior\ParseTemplateBehavior [ RunTime:0.005666s ]
INFO: [ view_parse ] --END-- [ RunTime:0.005701s ]
INFO: [ view_filter ] --START--
INFO: Run Behavior\WriteHtmlCacheBehavior [ RunTime:0.000100s ]
INFO: [ view_filter ] --END-- [ RunTime:0.000127s ]
INFO: [ app_end ] --START--
INFO: Run Behavior\ShowPageTraceBehavior [ RunTime:0.000318s ]
INFO: [ app_end ] --END-- [ RunTime:0.000350s ]

[ 2015-06-23T09:46:04+08:00 ] 192.168.1.104 /1977hs/admin.php/Webinfo/index.html
INFO: [ app_init ] --START--
INFO: Run Behavior\BuildLiteBehavior [ RunTime:0.000010s ]
INFO: [ app_init ] --END-- [ RunTime:0.000055s ]
INFO: [ app_begin ] --START--
INFO: Run Behavior\ReadHtmlCacheBehavior [ RunTime:0.000522s ]
INFO: [ app_begin ] --END-- [ RunTime:0.000565s ]
SQL: SHOW COLUMNS FROM `hs_visitor` [ RunTime:0.0013s ]
SQL: SELECT * FROM `hs_visitor`  [ RunTime:0.0004s ]
SQL: SELECT * FROM `hs_visitor`  [ RunTime:0.0004s ]
SQL: SHOW COLUMNS FROM `hs_webinfo` [ RunTime:0.0013s ]
SQL: SELECT * FROM `hs_webinfo` WHERE `type` = 'PHONE' LIMIT 1   [ RunTime:0.0003s ]
SQL: SELECT * FROM `hs_webinfo` WHERE `type` = 'BEIAN' LIMIT 1   [ RunTime:0.0002s ]
SQL: SELECT * FROM `hs_webinfo` WHERE `type` = 'BANQUAN' LIMIT 1   [ RunTime:0.0002s ]
SQL: SELECT * FROM `hs_webinfo` WHERE `type` = 'ADDRESS' LIMIT 1   [ RunTime:0.0002s ]
INFO: [ view_parse ] --START--
INFO: [ template_filter ] --START--
INFO: Run Behavior\ContentReplaceBehavior [ RunTime:0.000075s ]
INFO: [ template_filter ] --END-- [ RunTime:0.000135s ]
INFO: Run Behavior\ParseTemplateBehavior [ RunTime:0.008649s ]
INFO: [ view_parse ] --END-- [ RunTime:0.008697s ]
INFO: [ view_filter ] --START--
INFO: Run Behavior\WriteHtmlCacheBehavior [ RunTime:0.000142s ]
INFO: [ view_filter ] --END-- [ RunTime:0.000173s ]
INFO: [ app_end ] --START--
INFO: Run Behavior\ShowPageTraceBehavior [ RunTime:0.000389s ]
INFO: [ app_end ] --END-- [ RunTime:0.000446s ]

[ 2015-06-23T09:46:04+08:00 ] 192.168.1.104 /1977hs/admin.php/Index/getApplicationCount.html
INFO: [ app_init ] --START--
INFO: Run Behavior\BuildLiteBehavior [ RunTime:0.000009s ]
INFO: [ app_init ] --END-- [ RunTime:0.000044s ]
INFO: [ app_begin ] --START--
INFO: Run Behavior\ReadHtmlCacheBehavior [ RunTime:0.000265s ]
INFO: [ app_begin ] --END-- [ RunTime:0.000295s ]
SQL: SHOW COLUMNS FROM `hs_application` [ RunTime:0.0013s ]
SQL: SELECT COUNT(*) AS tp_count FROM `hs_application` WHERE `is_read` = 0 AND `is_active` = 1 LIMIT 1   [ RunTime:0.0003s ]

[ 2015-06-23T09:46:04+08:00 ] 192.168.1.104 /1977hs/admin.php/Index/getApplicationCount.html
INFO: [ app_init ] --START--
INFO: Run Behavior\BuildLiteBehavior [ RunTime:0.000011s ]
INFO: [ app_init ] --END-- [ RunTime:0.000056s ]
INFO: [ app_begin ] --START--
INFO: Run Behavior\ReadHtmlCacheBehavior [ RunTime:0.000337s ]
INFO: [ app_begin ] --END-- [ RunTime:0.000373s ]
SQL: SHOW COLUMNS FROM `hs_application` [ RunTime:0.0016s ]
SQL: SELECT COUNT(*) AS tp_count FROM `hs_application` WHERE `is_read` = 0 AND `is_active` = 1 LIMIT 1   [ RunTime:0.0003s ]

[ 2015-06-23T09:46:15+08:00 ] 192.168.1.104 /1977hs/admin.php/Application/index.html
INFO: [ app_init ] --START--
INFO: Run Behavior\BuildLiteBehavior [ RunTime:0.000010s ]
INFO: [ app_init ] --END-- [ RunTime:0.000054s ]
INFO: [ app_begin ] --START--
INFO: Run Behavior\ReadHtmlCacheBehavior [ RunTime:0.000343s ]
INFO: [ app_begin ] --END-- [ RunTime:0.000381s ]
NOTIC: [8] Undefined index: p /Applications/XAMPP/xamppfiles/htdocs/1977hs/Admin/Home/Controller/ApplicationController.class.php 第 14 行.
SQL: SHOW COLUMNS FROM `hs_application` [ RunTime:0.0015s ]
SQL: SELECT * FROM `hs_application` WHERE `is_active` = 1 ORDER BY id desc LIMIT 0,11   [ RunTime:0.0003s ]
SQL: SELECT COUNT(*) AS tp_count FROM `hs_application` LIMIT 1   [ RunTime:0.0002s ]
SQL: SELECT COUNT(*) AS tp_count FROM `hs_application` WHERE `is_read` = 0 AND `is_active` = 1 LIMIT 1   [ RunTime:0.0003s ]
INFO: [ view_parse ] --START--
INFO: [ template_filter ] --START--
INFO: Run Behavior\ContentReplaceBehavior [ RunTime:0.000036s ]
INFO: [ template_filter ] --END-- [ RunTime:0.000087s ]
INFO: Run Behavior\ParseTemplateBehavior [ RunTime:0.018946s ]
INFO: [ view_parse ] --END-- [ RunTime:0.018990s ]
INFO: [ view_filter ] --START--
INFO: Run Behavior\WriteHtmlCacheBehavior [ RunTime:0.000128s ]
INFO: [ view_filter ] --END-- [ RunTime:0.000161s ]
INFO: [ app_end ] --START--
INFO: Run Behavior\ShowPageTraceBehavior [ RunTime:0.000406s ]
INFO: [ app_end ] --END-- [ RunTime:0.000447s ]

[ 2015-06-23T09:46:15+08:00 ] 192.168.1.104 /1977hs/admin.php/Index/getApplicationCount.html
INFO: [ app_init ] --START--
INFO: Run Behavior\BuildLiteBehavior [ RunTime:0.000010s ]
INFO: [ app_init ] --END-- [ RunTime:0.000054s ]
INFO: [ app_begin ] --START--
INFO: Run Behavior\ReadHtmlCacheBehavior [ RunTime:0.000334s ]
INFO: [ app_begin ] --END-- [ RunTime:0.000369s ]
SQL: SHOW COLUMNS FROM `hs_application` [ RunTime:0.0013s ]
SQL: SELECT COUNT(*) AS tp_count FROM `hs_application` WHERE `is_read` = 0 AND `is_active` = 1 LIMIT 1   [ RunTime:0.0003s ]

[ 2015-06-23T09:46:27+08:00 ] 192.168.1.104 /1977hs/admin.php/Visitor/index.html
INFO: [ app_init ] --START--
INFO: Run Behavior\BuildLiteBehavior [ RunTime:0.000010s ]
INFO: [ app_init ] --END-- [ RunTime:0.000054s ]
INFO: [ app_begin ] --START--
INFO: Run Behavior\ReadHtmlCacheBehavior [ RunTime:0.000298s ]
INFO: [ app_begin ] --END-- [ RunTime:0.000333s ]
NOTIC: [8] Undefined index: p /Applications/XAMPP/xamppfiles/htdocs/1977hs/Admin/Home/Controller/VisitorController.class.php 第 14 行.
SQL: SHOW COLUMNS FROM `hs_visitor` [ RunTime:0.0016s ]
SQL: SELECT * FROM `hs_visitor` ORDER BY created_time desc LIMIT 0,11   [ RunTime:0.0003s ]
SQL: SELECT COUNT(*) AS tp_count FROM `hs_visitor` LIMIT 1   [ RunTime:0.0002s ]
INFO: [ view_parse ] --START--
INFO: [ template_filter ] --START--
INFO: Run Behavior\ContentReplaceBehavior [ RunTime:0.000031s ]
INFO: [ template_filter ] --END-- [ RunTime:0.000068s ]
INFO: Run Behavior\ParseTemplateBehavior [ RunTime:0.005264s ]
INFO: [ view_parse ] --END-- [ RunTime:0.005303s ]
INFO: [ view_filter ] --START--
INFO: Run Behavior\WriteHtmlCacheBehavior [ RunTime:0.000122s ]
INFO: [ view_filter ] --END-- [ RunTime:0.000160s ]
INFO: [ app_end ] --START--
INFO: Run Behavior\ShowPageTraceBehavior [ RunTime:0.000338s ]
INFO: [ app_end ] --END-- [ RunTime:0.000377s ]

[ 2015-06-23T09:46:28+08:00 ] 192.168.1.104 /1977hs/admin.php/Index/getApplicationCount.html
INFO: [ app_init ] --START--
INFO: Run Behavior\BuildLiteBehavior [ RunTime:0.000011s ]
INFO: [ app_init ] --END-- [ RunTime:0.000054s ]
INFO: [ app_begin ] --START--
INFO: Run Behavior\ReadHtmlCacheBehavior [ RunTime:0.000328s ]
INFO: [ app_begin ] --END-- [ RunTime:0.000363s ]
SQL: SHOW COLUMNS FROM `hs_application` [ RunTime:0.0014s ]
SQL: SELECT COUNT(*) AS tp_count FROM `hs_application` WHERE `is_read` = 0 AND `is_active` = 1 LIMIT 1   [ RunTime:0.0003s ]

[ 2015-06-23T13:19:23+08:00 ] ::1 /1977hs/admin.php/Index/index.html
INFO: [ app_init ] --START--
INFO: Run Behavior\BuildLiteBehavior [ RunTime:0.000015s ]
INFO: [ app_init ] --END-- [ RunTime:0.000071s ]
INFO: [ app_begin ] --START--
INFO: Run Behavior\ReadHtmlCacheBehavior [ RunTime:0.000636s ]
INFO: [ app_begin ] --END-- [ RunTime:0.000695s ]
INFO: [ view_parse ] --START--
INFO: [ template_filter ] --START--
INFO: Run Behavior\ContentReplaceBehavior [ RunTime:0.000051s ]
INFO: [ template_filter ] --END-- [ RunTime:0.000119s ]
INFO: Run Behavior\ParseTemplateBehavior [ RunTime:0.051637s ]
INFO: [ view_parse ] --END-- [ RunTime:0.051714s ]
INFO: [ view_filter ] --START--
INFO: Run Behavior\WriteHtmlCacheBehavior [ RunTime:0.000594s ]
INFO: [ view_filter ] --END-- [ RunTime:0.000657s ]
INFO: [ app_end ] --START--
INFO: Run Behavior\ShowPageTraceBehavior [ RunTime:0.000888s ]
INFO: [ app_end ] --END-- [ RunTime:0.000969s ]

[ 2015-06-23T13:19:23+08:00 ] ::1 /1977hs/admin.php/Webinfo/index.html
INFO: [ app_init ] --START--
INFO: Run Behavior\BuildLiteBehavior [ RunTime:0.000012s ]
INFO: [ app_init ] --END-- [ RunTime:0.000052s ]
INFO: [ app_begin ] --START--
INFO: Run Behavior\ReadHtmlCacheBehavior [ RunTime:0.000304s ]
INFO: [ app_begin ] --END-- [ RunTime:0.000340s ]
SQL: SHOW COLUMNS FROM `hs_visitor` [ RunTime:0.0238s ]
SQL: SELECT * FROM `hs_visitor`  [ RunTime:0.0004s ]
SQL: SELECT * FROM `hs_visitor`  [ RunTime:0.0004s ]
SQL: SHOW COLUMNS FROM `hs_webinfo` [ RunTime:0.0154s ]
SQL: SELECT * FROM `hs_webinfo` WHERE `type` = 'PHONE' LIMIT 1   [ RunTime:0.0003s ]
SQL: SELECT * FROM `hs_webinfo` WHERE `type` = 'BEIAN' LIMIT 1   [ RunTime:0.0002s ]
SQL: SELECT * FROM `hs_webinfo` WHERE `type` = 'BANQUAN' LIMIT 1   [ RunTime:0.0002s ]
SQL: SELECT * FROM `hs_webinfo` WHERE `type` = 'ADDRESS' LIMIT 1   [ RunTime:0.0002s ]
INFO: [ view_parse ] --START--
INFO: [ template_filter ] --START--
INFO: Run Behavior\ContentReplaceBehavior [ RunTime:0.000059s ]
INFO: [ template_filter ] --END-- [ RunTime:0.000119s ]
INFO: Run Behavior\ParseTemplateBehavior [ RunTime:0.018164s ]
INFO: [ view_parse ] --END-- [ RunTime:0.018207s ]
INFO: [ view_filter ] --START--
INFO: Run Behavior\WriteHtmlCacheBehavior [ RunTime:0.000137s ]
INFO: [ view_filter ] --END-- [ RunTime:0.000172s ]
INFO: [ app_end ] --START--
INFO: Run Behavior\ShowPageTraceBehavior [ RunTime:0.000449s ]
INFO: [ app_end ] --END-- [ RunTime:0.000504s ]

[ 2015-06-23T13:19:23+08:00 ] ::1 /1977hs/admin.php/Index/getApplicationCount.html
INFO: [ app_init ] --START--
INFO: Run Behavior\BuildLiteBehavior [ RunTime:0.000021s ]
INFO: [ app_init ] --END-- [ RunTime:0.000139s ]
INFO: [ app_begin ] --START--
INFO: Run Behavior\ReadHtmlCacheBehavior [ RunTime:0.000566s ]
INFO: [ app_begin ] --END-- [ RunTime:0.000643s ]
SQL: SHOW COLUMNS FROM `hs_application` [ RunTime:0.0221s ]
SQL: SELECT COUNT(*) AS tp_count FROM `hs_application` WHERE `is_read` = 0 AND `is_active` = 1 LIMIT 1   [ RunTime:0.0004s ]

[ 2015-06-23T13:19:23+08:00 ] ::1 /1977hs/admin.php/Index/getApplicationCount.html
INFO: [ app_init ] --START--
INFO: Run Behavior\BuildLiteBehavior [ RunTime:0.000011s ]
INFO: [ app_init ] --END-- [ RunTime:0.000051s ]
INFO: [ app_begin ] --START--
INFO: Run Behavior\ReadHtmlCacheBehavior [ RunTime:0.000316s ]
INFO: [ app_begin ] --END-- [ RunTime:0.000352s ]
SQL: SHOW COLUMNS FROM `hs_application` [ RunTime:0.0015s ]
SQL: SELECT COUNT(*) AS tp_count FROM `hs_application` WHERE `is_read` = 0 AND `is_active` = 1 LIMIT 1   [ RunTime:0.0003s ]

[ 2015-06-23T13:19:37+08:00 ] ::1 /1977hs/admin.php/Homepage/index.html
INFO: [ app_init ] --START--
INFO: Run Behavior\BuildLiteBehavior [ RunTime:0.000011s ]
INFO: [ app_init ] --END-- [ RunTime:0.000050s ]
INFO: [ app_begin ] --START--
INFO: Run Behavior\ReadHtmlCacheBehavior [ RunTime:0.000308s ]
INFO: [ app_begin ] --END-- [ RunTime:0.000350s ]
SQL: SHOW COLUMNS FROM `hs_scroll` [ RunTime:0.0014s ]
SQL: SELECT * FROM `hs_scroll` WHERE `leftOrRight` = 1 ORDER BY sort  [ RunTime:0.0006s ]
SQL: SELECT * FROM `hs_scroll` WHERE `leftOrRight` = 2 ORDER BY sort  [ RunTime:0.0005s ]
INFO: [ view_parse ] --START--
INFO: [ template_filter ] --START--
INFO: Run Behavior\ContentReplaceBehavior [ RunTime:0.000073s ]
INFO: [ template_filter ] --END-- [ RunTime:0.000143s ]
INFO: Run Behavior\ParseTemplateBehavior [ RunTime:0.047645s ]
INFO: [ view_parse ] --END-- [ RunTime:0.047699s ]
INFO: [ view_filter ] --START--
INFO: Run Behavior\WriteHtmlCacheBehavior [ RunTime:0.000172s ]
INFO: [ view_filter ] --END-- [ RunTime:0.000205s ]
INFO: [ app_end ] --START--
INFO: Run Behavior\ShowPageTraceBehavior [ RunTime:0.001063s ]
INFO: [ app_end ] --END-- [ RunTime:0.001137s ]

[ 2015-06-23T13:19:37+08:00 ] ::1 /1977hs/admin.php/Index/getApplicationCount.html
INFO: [ app_init ] --START--
INFO: Run Behavior\BuildLiteBehavior [ RunTime:0.000014s ]
INFO: [ app_init ] --END-- [ RunTime:0.000076s ]
INFO: [ app_begin ] --START--
INFO: Run Behavior\ReadHtmlCacheBehavior [ RunTime:0.000321s ]
INFO: [ app_begin ] --END-- [ RunTime:0.000362s ]
SQL: SHOW COLUMNS FROM `hs_application` [ RunTime:0.0161s ]
SQL: SELECT COUNT(*) AS tp_count FROM `hs_application` WHERE `is_read` = 0 AND `is_active` = 1 LIMIT 1   [ RunTime:0.0005s ]

[ 2015-06-23T13:19:40+08:00 ] ::1 /1977hs/admin.php/Aboutus/index.html
INFO: [ app_init ] --START--
INFO: Run Behavior\BuildLiteBehavior [ RunTime:0.000009s ]
INFO: [ app_init ] --END-- [ RunTime:0.000048s ]
INFO: [ app_begin ] --START--
INFO: Run Behavior\ReadHtmlCacheBehavior [ RunTime:0.000318s ]
INFO: [ app_begin ] --END-- [ RunTime:0.000358s ]
SQL: SHOW COLUMNS FROM `hs_picture` [ RunTime:0.0014s ]
SQL: SELECT * FROM `hs_picture` WHERE `type` = 'ABOUT' LIMIT 1   [ RunTime:0.0003s ]
SQL: SHOW COLUMNS FROM `hs_text` [ RunTime:0.0014s ]
SQL: SELECT * FROM `hs_text` WHERE `type` = 'INTRODUCTION' LIMIT 1   [ RunTime:0.0003s ]
SQL: SELECT * FROM `hs_text` WHERE `type` = 'SPECIAL' LIMIT 1   [ RunTime:0.0003s ]
SQL: SHOW COLUMNS FROM `hs_video` [ RunTime:0.0012s ]
SQL: SELECT * FROM `hs_video` WHERE `type` = 'ABOUT' LIMIT 1   [ RunTime:0.0003s ]
INFO: [ view_parse ] --START--
INFO: [ template_filter ] --START--
INFO: Run Behavior\ContentReplaceBehavior [ RunTime:0.000038s ]
INFO: [ template_filter ] --END-- [ RunTime:0.000090s ]
INFO: Run Behavior\ParseTemplateBehavior [ RunTime:0.029831s ]
INFO: [ view_parse ] --END-- [ RunTime:0.029877s ]
INFO: [ view_filter ] --START--
INFO: Run Behavior\WriteHtmlCacheBehavior [ RunTime:0.000151s ]
INFO: [ view_filter ] --END-- [ RunTime:0.000187s ]
INFO: [ app_end ] --START--
INFO: Run Behavior\ShowPageTraceBehavior [ RunTime:0.000416s ]
INFO: [ app_end ] --END-- [ RunTime:0.000470s ]

[ 2015-06-23T13:19:48+08:00 ] ::1 /1977hs/admin.php/Webinfo/index.html
INFO: [ app_init ] --START--
INFO: Run Behavior\BuildLiteBehavior [ RunTime:0.000017s ]
INFO: [ app_init ] --END-- [ RunTime:0.000105s ]
INFO: [ app_begin ] --START--
INFO: Run Behavior\ReadHtmlCacheBehavior [ RunTime:0.000426s ]
INFO: [ app_begin ] --END-- [ RunTime:0.000478s ]
SQL: SHOW COLUMNS FROM `hs_visitor` [ RunTime:0.0017s ]
SQL: SELECT * FROM `hs_visitor`  [ RunTime:0.0004s ]
SQL: SELECT * FROM `hs_visitor`  [ RunTime:0.0004s ]
SQL: SHOW COLUMNS FROM `hs_webinfo` [ RunTime:0.0015s ]
SQL: SELECT * FROM `hs_webinfo` WHERE `type` = 'PHONE' LIMIT 1   [ RunTime:0.0003s ]
SQL: SELECT * FROM `hs_webinfo` WHERE `type` = 'BEIAN' LIMIT 1   [ RunTime:0.0002s ]
SQL: SELECT * FROM `hs_webinfo` WHERE `type` = 'BANQUAN' LIMIT 1   [ RunTime:0.0002s ]
SQL: SELECT * FROM `hs_webinfo` WHERE `type` = 'ADDRESS' LIMIT 1   [ RunTime:0.0002s ]
INFO: [ view_parse ] --START--
INFO: [ template_filter ] --START--
INFO: Run Behavior\ContentReplaceBehavior [ RunTime:0.000068s ]
INFO: [ template_filter ] --END-- [ RunTime:0.000124s ]
INFO: Run Behavior\ParseTemplateBehavior [ RunTime:0.009170s ]
INFO: [ view_parse ] --END-- [ RunTime:0.009211s ]
INFO: [ view_filter ] --START--
INFO: Run Behavior\WriteHtmlCacheBehavior [ RunTime:0.000127s ]
INFO: [ view_filter ] --END-- [ RunTime:0.000154s ]
INFO: [ app_end ] --START--
INFO: Run Behavior\ShowPageTraceBehavior [ RunTime:0.000411s ]
INFO: [ app_end ] --END-- [ RunTime:0.000456s ]

[ 2015-06-23T13:19:48+08:00 ] ::1 /1977hs/admin.php/Index/getApplicationCount.html
INFO: [ app_init ] --START--
INFO: Run Behavior\BuildLiteBehavior [ RunTime:0.000011s ]
INFO: [ app_init ] --END-- [ RunTime:0.000052s ]
INFO: [ app_begin ] --START--
INFO: Run Behavior\ReadHtmlCacheBehavior [ RunTime:0.000410s ]
INFO: [ app_begin ] --END-- [ RunTime:0.000470s ]
SQL: SHOW COLUMNS FROM `hs_application` [ RunTime:0.0015s ]
SQL: SELECT COUNT(*) AS tp_count FROM `hs_application` WHERE `is_read` = 0 AND `is_active` = 1 LIMIT 1   [ RunTime:0.0003s ]

[ 2015-06-23T13:19:54+08:00 ] ::1 /1977hs/admin.php/Index/help.html
INFO: [ app_init ] --START--
INFO: Run Behavior\BuildLiteBehavior [ RunTime:0.000009s ]
INFO: [ app_init ] --END-- [ RunTime:0.000045s ]
INFO: [ app_begin ] --START--
INFO: Run Behavior\ReadHtmlCacheBehavior [ RunTime:0.000271s ]
INFO: [ app_begin ] --END-- [ RunTime:0.000304s ]
INFO: [ view_parse ] --START--
INFO: [ template_filter ] --START--
INFO: Run Behavior\ContentReplaceBehavior [ RunTime:0.000032s ]
INFO: [ template_filter ] --END-- [ RunTime:0.000090s ]
INFO: Run Behavior\ParseTemplateBehavior [ RunTime:0.048680s ]
INFO: [ view_parse ] --END-- [ RunTime:0.048728s ]
INFO: [ view_filter ] --START--
INFO: Run Behavior\WriteHtmlCacheBehavior [ RunTime:0.000173s ]
INFO: [ view_filter ] --END-- [ RunTime:0.000208s ]
INFO: [ app_end ] --START--
INFO: Run Behavior\ShowPageTraceBehavior [ RunTime:0.000409s ]
INFO: [ app_end ] --END-- [ RunTime:0.000445s ]

[ 2015-06-23T13:19:55+08:00 ] ::1 /1977hs/admin.php/Webinfo/index.html
INFO: [ app_init ] --START--
INFO: Run Behavior\BuildLiteBehavior [ RunTime:0.000012s ]
INFO: [ app_init ] --END-- [ RunTime:0.000051s ]
INFO: [ app_begin ] --START--
INFO: Run Behavior\ReadHtmlCacheBehavior [ RunTime:0.000370s ]
INFO: [ app_begin ] --END-- [ RunTime:0.000422s ]
SQL: SHOW COLUMNS FROM `hs_visitor` [ RunTime:0.0013s ]
SQL: SELECT * FROM `hs_visitor`  [ RunTime:0.0003s ]
SQL: SELECT * FROM `hs_visitor`  [ RunTime:0.0003s ]
SQL: SHOW COLUMNS FROM `hs_webinfo` [ RunTime:0.0011s ]
SQL: SELECT * FROM `hs_webinfo` WHERE `type` = 'PHONE' LIMIT 1   [ RunTime:0.0003s ]
SQL: SELECT * FROM `hs_webinfo` WHERE `type` = 'BEIAN' LIMIT 1   [ RunTime:0.0002s ]
SQL: SELECT * FROM `hs_webinfo` WHERE `type` = 'BANQUAN' LIMIT 1   [ RunTime:0.0004s ]
SQL: SELECT * FROM `hs_webinfo` WHERE `type` = 'ADDRESS' LIMIT 1   [ RunTime:0.0002s ]
INFO: [ view_parse ] --START--
INFO: [ template_filter ] --START--
INFO: Run Behavior\ContentReplaceBehavior [ RunTime:0.000054s ]
INFO: [ template_filter ] --END-- [ RunTime:0.000110s ]
INFO: Run Behavior\ParseTemplateBehavior [ RunTime:0.008273s ]
INFO: [ view_parse ] --END-- [ RunTime:0.008312s ]
INFO: [ view_filter ] --START--
INFO: Run Behavior\WriteHtmlCacheBehavior [ RunTime:0.000118s ]
INFO: [ view_filter ] --END-- [ RunTime:0.000147s ]
INFO: [ app_end ] --START--
INFO: Run Behavior\ShowPageTraceBehavior [ RunTime:0.000406s ]
INFO: [ app_end ] --END-- [ RunTime:0.000454s ]

[ 2015-06-23T13:19:55+08:00 ] ::1 /1977hs/admin.php/Index/getApplicationCount.html
INFO: [ app_init ] --START--
INFO: Run Behavior\BuildLiteBehavior [ RunTime:0.000012s ]
INFO: [ app_init ] --END-- [ RunTime:0.000060s ]
INFO: [ app_begin ] --START--
INFO: Run Behavior\ReadHtmlCacheBehavior [ RunTime:0.000589s ]
INFO: [ app_begin ] --END-- [ RunTime:0.000673s ]
SQL: SHOW COLUMNS FROM `hs_application` [ RunTime:0.0014s ]
SQL: SELECT COUNT(*) AS tp_count FROM `hs_application` WHERE `is_read` = 0 AND `is_active` = 1 LIMIT 1   [ RunTime:0.0003s ]

[ 2015-06-23T13:19:56+08:00 ] ::1 /1977hs/admin.php/Homepage/index.html
INFO: [ app_init ] --START--
INFO: Run Behavior\BuildLiteBehavior [ RunTime:0.000014s ]
INFO: [ app_init ] --END-- [ RunTime:0.000060s ]
INFO: [ app_begin ] --START--
INFO: Run Behavior\ReadHtmlCacheBehavior [ RunTime:0.000535s ]
INFO: [ app_begin ] --END-- [ RunTime:0.000594s ]
SQL: SHOW COLUMNS FROM `hs_scroll` [ RunTime:0.0016s ]
SQL: SELECT * FROM `hs_scroll` WHERE `leftOrRight` = 1 ORDER BY sort  [ RunTime:0.0003s ]
SQL: SELECT * FROM `hs_scroll` WHERE `leftOrRight` = 2 ORDER BY sort  [ RunTime:0.0003s ]
INFO: [ view_parse ] --START--
INFO: [ template_filter ] --START--
INFO: Run Behavior\ContentReplaceBehavior [ RunTime:0.000069s ]
INFO: [ template_filter ] --END-- [ RunTime:0.000156s ]
INFO: Run Behavior\ParseTemplateBehavior [ RunTime:0.011199s ]
INFO: [ view_parse ] --END-- [ RunTime:0.011242s ]
INFO: [ view_filter ] --START--
INFO: Run Behavior\WriteHtmlCacheBehavior [ RunTime:0.000120s ]
INFO: [ view_filter ] --END-- [ RunTime:0.000147s ]
INFO: [ app_end ] --START--
INFO: Run Behavior\ShowPageTraceBehavior [ RunTime:0.000396s ]
INFO: [ app_end ] --END-- [ RunTime:0.000437s ]

[ 2015-06-23T13:19:56+08:00 ] ::1 /1977hs/admin.php/Index/getApplicationCount.html
INFO: [ app_init ] --START--
INFO: Run Behavior\BuildLiteBehavior [ RunTime:0.000013s ]
INFO: [ app_init ] --END-- [ RunTime:0.000138s ]
INFO: [ app_begin ] --START--
INFO: Run Behavior\ReadHtmlCacheBehavior [ RunTime:0.000543s ]
INFO: [ app_begin ] --END-- [ RunTime:0.000623s ]
SQL: SHOW COLUMNS FROM `hs_application` [ RunTime:0.0012s ]
SQL: SELECT COUNT(*) AS tp_count FROM `hs_application` WHERE `is_read` = 0 AND `is_active` = 1 LIMIT 1   [ RunTime:0.0003s ]

[ 2015-06-23T13:19:56+08:00 ] ::1 /1977hs/admin.php/Aboutus/index.html
INFO: [ app_init ] --START--
INFO: Run Behavior\BuildLiteBehavior [ RunTime:0.000009s ]
INFO: [ app_init ] --END-- [ RunTime:0.000044s ]
INFO: [ app_begin ] --START--
INFO: Run Behavior\ReadHtmlCacheBehavior [ RunTime:0.000263s ]
INFO: [ app_begin ] --END-- [ RunTime:0.000294s ]
SQL: SHOW COLUMNS FROM `hs_picture` [ RunTime:0.0013s ]
SQL: SELECT * FROM `hs_picture` WHERE `type` = 'ABOUT' LIMIT 1   [ RunTime:0.0004s ]
SQL: SHOW COLUMNS FROM `hs_text` [ RunTime:0.0013s ]
SQL: SELECT * FROM `hs_text` WHERE `type` = 'INTRODUCTION' LIMIT 1   [ RunTime:0.0004s ]
SQL: SELECT * FROM `hs_text` WHERE `type` = 'SPECIAL' LIMIT 1   [ RunTime:0.0004s ]
SQL: SHOW COLUMNS FROM `hs_video` [ RunTime:0.0014s ]
SQL: SELECT * FROM `hs_video` WHERE `type` = 'ABOUT' LIMIT 1   [ RunTime:0.0005s ]
INFO: [ view_parse ] --START--
INFO: [ template_filter ] --START--
INFO: Run Behavior\ContentReplaceBehavior [ RunTime:0.000035s ]
INFO: [ template_filter ] --END-- [ RunTime:0.000082s ]
INFO: Run Behavior\ParseTemplateBehavior [ RunTime:0.004990s ]
INFO: [ view_parse ] --END-- [ RunTime:0.005032s ]
INFO: [ view_filter ] --START--
INFO: Run Behavior\WriteHtmlCacheBehavior [ RunTime:0.000132s ]
INFO: [ view_filter ] --END-- [ RunTime:0.000162s ]
INFO: [ app_end ] --START--
INFO: Run Behavior\ShowPageTraceBehavior [ RunTime:0.000360s ]
INFO: [ app_end ] --END-- [ RunTime:0.000403s ]

[ 2015-06-23T13:19:57+08:00 ] ::1 /1977hs/admin.php/Strength/index.html
INFO: [ app_init ] --START--
INFO: Run Behavior\BuildLiteBehavior [ RunTime:0.000012s ]
INFO: [ app_init ] --END-- [ RunTime:0.000054s ]
INFO: [ app_begin ] --START--
INFO: Run Behavior\ReadHtmlCacheBehavior [ RunTime:0.000387s ]
INFO: [ app_begin ] --END-- [ RunTime:0.000441s ]
SQL: SHOW COLUMNS FROM `hs_teacher` [ RunTime:0.0013s ]
SQL: SELECT * FROM `hs_teacher` ORDER BY sort  [ RunTime:0.0004s ]
SQL: SHOW COLUMNS FROM `hs_text` [ RunTime:0.0011s ]
SQL: SELECT * FROM `hs_text` WHERE `type` = 'TEACHER' LIMIT 1   [ RunTime:0.0003s ]
SQL: SHOW COLUMNS FROM `hs_achievement` [ RunTime:0.0014s ]
SQL: SELECT * FROM `hs_achievement` ORDER BY sort  [ RunTime:0.0004s ]
SQL: SHOW COLUMNS FROM `hs_picture` [ RunTime:0.0017s ]
SQL: SELECT * FROM `hs_picture` WHERE `type` = 'ACHIEVEMENT' LIMIT 1   [ RunTime:0.0003s ]
SQL: SELECT * FROM `hs_picture` WHERE `type` = 'WORKS' LIMIT 1   [ RunTime:0.0002s ]
SQL: SELECT * FROM `hs_picture` WHERE `type` = 'ENVIRONMENT' LIMIT 1   [ RunTime:0.0002s ]
INFO: [ view_parse ] --START--
INFO: [ template_filter ] --START--
INFO: Run Behavior\ContentReplaceBehavior [ RunTime:0.000049s ]
INFO: [ template_filter ] --END-- [ RunTime:0.000100s ]
INFO: Run Behavior\ParseTemplateBehavior [ RunTime:0.042604s ]
INFO: [ view_parse ] --END-- [ RunTime:0.042659s ]
INFO: [ view_filter ] --START--
INFO: Run Behavior\WriteHtmlCacheBehavior [ RunTime:0.000146s ]
INFO: [ view_filter ] --END-- [ RunTime:0.000178s ]
INFO: [ app_end ] --START--
INFO: Run Behavior\ShowPageTraceBehavior [ RunTime:0.000601s ]
INFO: [ app_end ] --END-- [ RunTime:0.000674s ]

[ 2015-06-23T13:19:57+08:00 ] ::1 /1977hs/admin.php/Index/getApplicationCount.html
INFO: [ app_init ] --START--
INFO: Run Behavior\BuildLiteBehavior [ RunTime:0.000017s ]
INFO: [ app_init ] --END-- [ RunTime:0.000086s ]
INFO: [ app_begin ] --START--
INFO: Run Behavior\ReadHtmlCacheBehavior [ RunTime:0.000380s ]
INFO: [ app_begin ] --END-- [ RunTime:0.000421s ]
SQL: SHOW COLUMNS FROM `hs_application` [ RunTime:0.0035s ]
SQL: SELECT COUNT(*) AS tp_count FROM `hs_application` WHERE `is_read` = 0 AND `is_active` = 1 LIMIT 1   [ RunTime:0.0004s ]

[ 2015-06-23T13:19:58+08:00 ] ::1 /1977hs/admin.php/Admission/index.html
INFO: [ app_init ] --START--
INFO: Run Behavior\BuildLiteBehavior [ RunTime:0.000010s ]
INFO: [ app_init ] --END-- [ RunTime:0.000050s ]
INFO: [ app_begin ] --START--
INFO: Run Behavior\ReadHtmlCacheBehavior [ RunTime:0.000292s ]
INFO: [ app_begin ] --END-- [ RunTime:0.000341s ]
SQL: SHOW COLUMNS FROM `hs_admission` [ RunTime:0.0013s ]
SQL: SELECT * FROM `hs_admission`  [ RunTime:0.0003s ]
SQL: SHOW COLUMNS FROM `hs_text` [ RunTime:0.0012s ]
SQL: SELECT * FROM `hs_text` WHERE `type` = 'EDUCATION' LIMIT 1   [ RunTime:0.0003s ]
SQL: SELECT * FROM `hs_text` WHERE `type` = 'LIFE' LIMIT 1   [ RunTime:0.0002s ]
INFO: [ view_parse ] --START--
INFO: [ template_filter ] --START--
INFO: Run Behavior\ContentReplaceBehavior [ RunTime:0.000036s ]
INFO: [ template_filter ] --END-- [ RunTime:0.000087s ]
INFO: Run Behavior\ParseTemplateBehavior [ RunTime:0.035689s ]
INFO: [ view_parse ] --END-- [ RunTime:0.035729s ]
INFO: [ view_filter ] --START--
INFO: Run Behavior\WriteHtmlCacheBehavior [ RunTime:0.000122s ]
INFO: [ view_filter ] --END-- [ RunTime:0.000155s ]
INFO: [ app_end ] --START--
INFO: Run Behavior\ShowPageTraceBehavior [ RunTime:0.000476s ]
INFO: [ app_end ] --END-- [ RunTime:0.000533s ]

[ 2015-06-23T13:19:58+08:00 ] ::1 /1977hs/admin.php/Index/getApplicationCount.html
INFO: [ app_init ] --START--
INFO: Run Behavior\BuildLiteBehavior [ RunTime:0.000014s ]
INFO: [ app_init ] --END-- [ RunTime:0.000067s ]
INFO: [ app_begin ] --START--
INFO: Run Behavior\ReadHtmlCacheBehavior [ RunTime:0.000331s ]
INFO: [ app_begin ] --END-- [ RunTime:0.000376s ]
SQL: SHOW COLUMNS FROM `hs_application` [ RunTime:0.0017s ]
SQL: SELECT COUNT(*) AS tp_count FROM `hs_application` WHERE `is_read` = 0 AND `is_active` = 1 LIMIT 1   [ RunTime:0.0004s ]

[ 2015-06-23T13:20:01+08:00 ] ::1 /1977hs/admin.php/Strength/index.html
INFO: [ app_init ] --START--
INFO: Run Behavior\BuildLiteBehavior [ RunTime:0.000013s ]
INFO: [ app_init ] --END-- [ RunTime:0.000054s ]
INFO: [ app_begin ] --START--
INFO: Run Behavior\ReadHtmlCacheBehavior [ RunTime:0.000392s ]
INFO: [ app_begin ] --END-- [ RunTime:0.000447s ]
SQL: SHOW COLUMNS FROM `hs_teacher` [ RunTime:0.0016s ]
SQL: SELECT * FROM `hs_teacher` ORDER BY sort  [ RunTime:0.0004s ]
SQL: SHOW COLUMNS FROM `hs_text` [ RunTime:0.0013s ]
SQL: SELECT * FROM `hs_text` WHERE `type` = 'TEACHER' LIMIT 1   [ RunTime:0.0003s ]
SQL: SHOW COLUMNS FROM `hs_achievement` [ RunTime:0.0015s ]
SQL: SELECT * FROM `hs_achievement` ORDER BY sort  [ RunTime:0.0003s ]
SQL: SHOW COLUMNS FROM `hs_picture` [ RunTime:0.0013s ]
SQL: SELECT * FROM `hs_picture` WHERE `type` = 'ACHIEVEMENT' LIMIT 1   [ RunTime:0.0003s ]
SQL: SELECT * FROM `hs_picture` WHERE `type` = 'WORKS' LIMIT 1   [ RunTime:0.0003s ]
SQL: SELECT * FROM `hs_picture` WHERE `type` = 'ENVIRONMENT' LIMIT 1   [ RunTime:0.0003s ]
INFO: [ view_parse ] --START--
INFO: [ template_filter ] --START--
INFO: Run Behavior\ContentReplaceBehavior [ RunTime:0.000045s ]
INFO: [ template_filter ] --END-- [ RunTime:0.000091s ]
INFO: Run Behavior\ParseTemplateBehavior [ RunTime:0.011189s ]
INFO: [ view_parse ] --END-- [ RunTime:0.011239s ]
INFO: [ view_filter ] --START--
INFO: Run Behavior\WriteHtmlCacheBehavior [ RunTime:0.000183s ]
INFO: [ view_filter ] --END-- [ RunTime:0.000216s ]
INFO: [ app_end ] --START--
INFO: Run Behavior\ShowPageTraceBehavior [ RunTime:0.000416s ]
INFO: [ app_end ] --END-- [ RunTime:0.000473s ]

[ 2015-06-23T13:20:01+08:00 ] ::1 /1977hs/admin.php/Index/getApplicationCount.html
INFO: [ app_init ] --START--
INFO: Run Behavior\BuildLiteBehavior [ RunTime:0.000017s ]
INFO: [ app_init ] --END-- [ RunTime:0.000108s ]
INFO: [ app_begin ] --START--
INFO: Run Behavior\ReadHtmlCacheBehavior [ RunTime:0.000465s ]
INFO: [ app_begin ] --END-- [ RunTime:0.000522s ]
SQL: SHOW COLUMNS FROM `hs_application` [ RunTime:0.0015s ]
SQL: SELECT COUNT(*) AS tp_count FROM `hs_application` WHERE `is_read` = 0 AND `is_active` = 1 LIMIT 1   [ RunTime:0.0004s ]

[ 2015-06-23T13:40:36+08:00 ] ::1 /1977hs/admin.php/Webinfo/index.html
INFO: [ app_init ] --START--
INFO: Run Behavior\BuildLiteBehavior [ RunTime:0.000011s ]
INFO: [ app_init ] --END-- [ RunTime:0.000052s ]
INFO: [ app_begin ] --START--
INFO: Run Behavior\ReadHtmlCacheBehavior [ RunTime:0.000339s ]
INFO: [ app_begin ] --END-- [ RunTime:0.000385s ]
SQL: SHOW COLUMNS FROM `hs_visitor` [ RunTime:1.3329s ]
SQL: SELECT * FROM `hs_visitor`  [ RunTime:0.0004s ]
SQL: SELECT * FROM `hs_visitor`  [ RunTime:0.0004s ]
SQL: SHOW COLUMNS FROM `hs_webinfo` [ RunTime:0.0030s ]
SQL: SELECT * FROM `hs_webinfo` WHERE `type` = 'PHONE' LIMIT 1   [ RunTime:0.0009s ]
SQL: SELECT * FROM `hs_webinfo` WHERE `type` = 'BEIAN' LIMIT 1   [ RunTime:0.0006s ]
SQL: SELECT * FROM `hs_webinfo` WHERE `type` = 'BANQUAN' LIMIT 1   [ RunTime:0.0004s ]
SQL: SELECT * FROM `hs_webinfo` WHERE `type` = 'ADDRESS' LIMIT 1   [ RunTime:0.0013s ]
INFO: [ view_parse ] --START--
INFO: [ template_filter ] --START--
INFO: Run Behavior\ContentReplaceBehavior [ RunTime:0.000047s ]
INFO: [ template_filter ] --END-- [ RunTime:0.000095s ]
INFO: Run Behavior\ParseTemplateBehavior [ RunTime:0.010705s ]
INFO: [ view_parse ] --END-- [ RunTime:0.010868s ]
INFO: [ view_filter ] --START--
INFO: Run Behavior\WriteHtmlCacheBehavior [ RunTime:0.000122s ]
INFO: [ view_filter ] --END-- [ RunTime:0.000151s ]
INFO: [ app_end ] --START--
INFO: Run Behavior\ShowPageTraceBehavior [ RunTime:0.000371s ]
INFO: [ app_end ] --END-- [ RunTime:0.000419s ]

[ 2015-06-23T13:40:36+08:00 ] ::1 /1977hs/admin.php/Index/getApplicationCount.html
INFO: [ app_init ] --START--
INFO: Run Behavior\BuildLiteBehavior [ RunTime:0.000012s ]
INFO: [ app_init ] --END-- [ RunTime:0.000055s ]
INFO: [ app_begin ] --START--
INFO: Run Behavior\ReadHtmlCacheBehavior [ RunTime:0.000321s ]
INFO: [ app_begin ] --END-- [ RunTime:0.000359s ]
SQL: SHOW COLUMNS FROM `hs_application` [ RunTime:0.0090s ]
SQL: SELECT COUNT(*) AS tp_count FROM `hs_application` WHERE `is_read` = 0 AND `is_active` = 1 LIMIT 1   [ RunTime:0.0005s ]

[ 2015-06-23T13:55:16+08:00 ] 192.168.1.104 /1977hs/admin.php/Index/index.html
INFO: [ app_init ] --START--
INFO: Run Behavior\BuildLiteBehavior [ RunTime:0.000020s ]
INFO: [ app_init ] --END-- [ RunTime:0.000109s ]
INFO: [ app_begin ] --START--
INFO: Run Behavior\ReadHtmlCacheBehavior [ RunTime:0.000683s ]
INFO: [ app_begin ] --END-- [ RunTime:0.000769s ]
INFO: [ view_parse ] --START--
INFO: [ template_filter ] --START--
INFO: Run Behavior\ContentReplaceBehavior [ RunTime:0.000079s ]
INFO: [ template_filter ] --END-- [ RunTime:0.000171s ]
INFO: Run Behavior\ParseTemplateBehavior [ RunTime:0.013520s ]
INFO: [ view_parse ] --END-- [ RunTime:0.013618s ]
INFO: [ view_filter ] --START--
INFO: Run Behavior\WriteHtmlCacheBehavior [ RunTime:0.000269s ]
INFO: [ view_filter ] --END-- [ RunTime:0.000339s ]
INFO: [ app_end ] --START--
INFO: Run Behavior\ShowPageTraceBehavior [ RunTime:0.000769s ]
INFO: [ app_end ] --END-- [ RunTime:0.000849s ]

[ 2015-06-23T13:55:17+08:00 ] 192.168.1.104 /1977hs/admin.php/Webinfo/index.html
INFO: [ app_init ] --START--
INFO: Run Behavior\BuildLiteBehavior [ RunTime:0.000020s ]
INFO: [ app_init ] --END-- [ RunTime:0.000107s ]
INFO: [ app_begin ] --START--
INFO: Run Behavior\ReadHtmlCacheBehavior [ RunTime:0.000674s ]
INFO: [ app_begin ] --END-- [ RunTime:0.000755s ]
SQL: SHOW COLUMNS FROM `hs_visitor` [ RunTime:0.0029s ]
SQL: SELECT * FROM `hs_visitor`  [ RunTime:0.0432s ]
SQL: SELECT * FROM `hs_visitor`  [ RunTime:0.0009s ]
SQL: SHOW COLUMNS FROM `hs_webinfo` [ RunTime:0.0023s ]
SQL: SELECT * FROM `hs_webinfo` WHERE `type` = 'PHONE' LIMIT 1   [ RunTime:0.0008s ]
SQL: SELECT * FROM `hs_webinfo` WHERE `type` = 'BEIAN' LIMIT 1   [ RunTime:0.0005s ]
SQL: SELECT * FROM `hs_webinfo` WHERE `type` = 'BANQUAN' LIMIT 1   [ RunTime:0.0005s ]
SQL: SELECT * FROM `hs_webinfo` WHERE `type` = 'ADDRESS' LIMIT 1   [ RunTime:0.0005s ]
INFO: [ view_parse ] --START--
INFO: [ template_filter ] --START--
INFO: Run Behavior\ContentReplaceBehavior [ RunTime:0.000134s ]
INFO: [ template_filter ] --END-- [ RunTime:0.000236s ]
INFO: Run Behavior\ParseTemplateBehavior [ RunTime:0.017790s ]
INFO: [ view_parse ] --END-- [ RunTime:0.017878s ]
INFO: [ view_filter ] --START--
INFO: Run Behavior\WriteHtmlCacheBehavior [ RunTime:0.000247s ]
INFO: [ view_filter ] --END-- [ RunTime:0.000318s ]
INFO: [ app_end ] --START--
INFO: Run Behavior\ShowPageTraceBehavior [ RunTime:0.000782s ]
INFO: [ app_end ] --END-- [ RunTime:0.000861s ]

[ 2015-06-23T13:55:17+08:00 ] 192.168.1.104 /1977hs/admin.php/Index/getApplicationCount.html
INFO: [ app_init ] --START--
INFO: Run Behavior\BuildLiteBehavior [ RunTime:0.000018s ]
INFO: [ app_init ] --END-- [ RunTime:0.000102s ]
INFO: [ app_begin ] --START--
INFO: Run Behavior\ReadHtmlCacheBehavior [ RunTime:0.000702s ]
INFO: [ app_begin ] --END-- [ RunTime:0.000780s ]
SQL: SHOW COLUMNS FROM `hs_application` [ RunTime:0.0024s ]
SQL: SELECT COUNT(*) AS tp_count FROM `hs_application` WHERE `is_read` = 0 AND `is_active` = 1 LIMIT 1   [ RunTime:0.0142s ]

[ 2015-06-23T13:56:21+08:00 ] 192.168.1.104 /1977hs/admin.php/Visitor/index.html
INFO: [ app_init ] --START--
INFO: Run Behavior\BuildLiteBehavior [ RunTime:0.000033s ]
INFO: [ app_init ] --END-- [ RunTime:0.000229s ]
INFO: [ app_begin ] --START--
INFO: Run Behavior\ReadHtmlCacheBehavior [ RunTime:0.000887s ]
INFO: [ app_begin ] --END-- [ RunTime:0.001047s ]
NOTIC: [8] Undefined index: p /Applications/XAMPP/xamppfiles/htdocs/1977hs/Admin/Home/Controller/VisitorController.class.php 第 14 行.
SQL: SHOW COLUMNS FROM `hs_visitor` [ RunTime:0.0026s ]
SQL: SELECT * FROM `hs_visitor` ORDER BY created_time desc LIMIT 0,11   [ RunTime:0.0008s ]
SQL: SELECT COUNT(*) AS tp_count FROM `hs_visitor` LIMIT 1   [ RunTime:0.0005s ]
INFO: [ view_parse ] --START--
INFO: [ template_filter ] --START--
INFO: Run Behavior\ContentReplaceBehavior [ RunTime:0.000078s ]
INFO: [ template_filter ] --END-- [ RunTime:0.000186s ]
INFO: Run Behavior\ParseTemplateBehavior [ RunTime:0.030876s ]
INFO: [ view_parse ] --END-- [ RunTime:0.030982s ]
INFO: [ view_filter ] --START--
INFO: Run Behavior\WriteHtmlCacheBehavior [ RunTime:0.000285s ]
INFO: [ view_filter ] --END-- [ RunTime:0.000358s ]
INFO: [ app_end ] --START--
INFO: Run Behavior\ShowPageTraceBehavior [ RunTime:0.000859s ]
INFO: [ app_end ] --END-- [ RunTime:0.000940s ]

[ 2015-06-23T13:56:21+08:00 ] 192.168.1.104 /1977hs/admin.php/Index/getApplicationCount.html
INFO: [ app_init ] --START--
INFO: Run Behavior\BuildLiteBehavior [ RunTime:0.000021s ]
INFO: [ app_init ] --END-- [ RunTime:0.000105s ]
INFO: [ app_begin ] --START--
INFO: Run Behavior\ReadHtmlCacheBehavior [ RunTime:0.000784s ]
INFO: [ app_begin ] --END-- [ RunTime:0.000863s ]
SQL: SHOW COLUMNS FROM `hs_application` [ RunTime:0.0023s ]
SQL: SELECT COUNT(*) AS tp_count FROM `hs_application` WHERE `is_read` = 0 AND `is_active` = 1 LIMIT 1   [ RunTime:0.0006s ]

[ 2015-06-23T13:56:22+08:00 ] 192.168.1.104 /1977hs/admin.php/Application/index.html
INFO: [ app_init ] --START--
INFO: Run Behavior\BuildLiteBehavior [ RunTime:0.000021s ]
INFO: [ app_init ] --END-- [ RunTime:0.000110s ]
INFO: [ app_begin ] --START--
INFO: Run Behavior\ReadHtmlCacheBehavior [ RunTime:0.000676s ]
INFO: [ app_begin ] --END-- [ RunTime:0.000760s ]
NOTIC: [8] Undefined index: p /Applications/XAMPP/xamppfiles/htdocs/1977hs/Admin/Home/Controller/ApplicationController.class.php 第 14 行.
SQL: SHOW COLUMNS FROM `hs_application` [ RunTime:0.0023s ]
SQL: SELECT * FROM `hs_application` WHERE `is_active` = 1 ORDER BY id desc LIMIT 0,11   [ RunTime:0.0007s ]
SQL: SELECT COUNT(*) AS tp_count FROM `hs_application` LIMIT 1   [ RunTime:0.0004s ]
SQL: SELECT COUNT(*) AS tp_count FROM `hs_application` WHERE `is_read` = 0 AND `is_active` = 1 LIMIT 1   [ RunTime:0.0005s ]
INFO: [ view_parse ] --START--
INFO: [ template_filter ] --START--
INFO: Run Behavior\ContentReplaceBehavior [ RunTime:0.000079s ]
INFO: [ template_filter ] --END-- [ RunTime:0.000176s ]
INFO: Run Behavior\ParseTemplateBehavior [ RunTime:0.036609s ]
INFO: [ view_parse ] --END-- [ RunTime:0.036698s ]
INFO: [ view_filter ] --START--
INFO: Run Behavior\WriteHtmlCacheBehavior [ RunTime:0.000248s ]
INFO: [ view_filter ] --END-- [ RunTime:0.000318s ]
INFO: [ app_end ] --START--
INFO: Run Behavior\ShowPageTraceBehavior [ RunTime:0.000763s ]
INFO: [ app_end ] --END-- [ RunTime:0.000848s ]

[ 2015-06-23T17:47:08+08:00 ] ::1 /1977hs/admin.php/Aboutus/index.html
INFO: [ app_init ] --START--
INFO: Run Behavior\BuildLiteBehavior [ RunTime:0.000026s ]
INFO: [ app_init ] --END-- [ RunTime:0.000119s ]
INFO: [ app_begin ] --START--
INFO: Run Behavior\ReadHtmlCacheBehavior [ RunTime:0.000577s ]
INFO: [ app_begin ] --END-- [ RunTime:0.000698s ]
SQL: SHOW COLUMNS FROM `hs_picture` [ RunTime:0.0248s ]
SQL: SELECT * FROM `hs_picture` WHERE `type` = 'ABOUT' LIMIT 1   [ RunTime:0.0004s ]
SQL: SHOW COLUMNS FROM `hs_text` [ RunTime:0.0014s ]
SQL: SELECT * FROM `hs_text` WHERE `type` = 'INTRODUCTION' LIMIT 1   [ RunTime:0.0003s ]
SQL: SELECT * FROM `hs_text` WHERE `type` = 'SPECIAL' LIMIT 1   [ RunTime:0.0003s ]
SQL: SHOW COLUMNS FROM `hs_video` [ RunTime:0.0011s ]
SQL: SELECT * FROM `hs_video` WHERE `type` = 'ABOUT' LIMIT 1   [ RunTime:0.0005s ]
INFO: [ view_parse ] --START--
INFO: [ template_filter ] --START--
INFO: Run Behavior\ContentReplaceBehavior [ RunTime:0.000035s ]
INFO: [ template_filter ] --END-- [ RunTime:0.000080s ]
INFO: Run Behavior\ParseTemplateBehavior [ RunTime:0.032953s ]
INFO: [ view_parse ] --END-- [ RunTime:0.033011s ]
INFO: [ view_filter ] --START--
INFO: Run Behavior\WriteHtmlCacheBehavior [ RunTime:0.000147s ]
INFO: [ view_filter ] --END-- [ RunTime:0.000176s ]
INFO: [ app_end ] --START--
INFO: Run Behavior\ShowPageTraceBehavior [ RunTime:0.000441s ]
INFO: [ app_end ] --END-- [ RunTime:0.000494s ]

[ 2015-06-23T17:47:10+08:00 ] ::1 /1977hs/admin.php/Strength/index.html
INFO: [ app_init ] --START--
INFO: Run Behavior\BuildLiteBehavior [ RunTime:0.000018s ]
INFO: [ app_init ] --END-- [ RunTime:0.000085s ]
INFO: [ app_begin ] --START--
INFO: Run Behavior\ReadHtmlCacheBehavior [ RunTime:0.000336s ]
INFO: [ app_begin ] --END-- [ RunTime:0.000386s ]
SQL: SHOW COLUMNS FROM `hs_teacher` [ RunTime:0.0014s ]
SQL: SELECT * FROM `hs_teacher` ORDER BY sort  [ RunTime:0.0003s ]
SQL: SHOW COLUMNS FROM `hs_text` [ RunTime:0.0010s ]
SQL: SELECT * FROM `hs_text` WHERE `type` = 'TEACHER' LIMIT 1   [ RunTime:0.0002s ]
SQL: SHOW COLUMNS FROM `hs_achievement` [ RunTime:0.0012s ]
SQL: SELECT * FROM `hs_achievement` ORDER BY sort  [ RunTime:0.0003s ]
SQL: SHOW COLUMNS FROM `hs_picture` [ RunTime:0.0015s ]
SQL: SELECT * FROM `hs_picture` WHERE `type` = 'ACHIEVEMENT' LIMIT 1   [ RunTime:0.0004s ]
SQL: SELECT * FROM `hs_picture` WHERE `type` = 'WORKS' LIMIT 1   [ RunTime:0.0003s ]
SQL: SELECT * FROM `hs_picture` WHERE `type` = 'ENVIRONMENT' LIMIT 1   [ RunTime:0.0005s ]
INFO: [ view_parse ] --START--
INFO: [ template_filter ] --START--
INFO: Run Behavior\ContentReplaceBehavior [ RunTime:0.000062s ]
INFO: [ template_filter ] --END-- [ RunTime:0.000115s ]
INFO: Run Behavior\ParseTemplateBehavior [ RunTime:0.134165s ]
INFO: [ view_parse ] --END-- [ RunTime:0.134249s ]
INFO: [ view_filter ] --START--
INFO: Run Behavior\WriteHtmlCacheBehavior [ RunTime:0.000244s ]
INFO: [ view_filter ] --END-- [ RunTime:0.000299s ]
INFO: [ app_end ] --START--
INFO: Run Behavior\ShowPageTraceBehavior [ RunTime:0.000570s ]
INFO: [ app_end ] --END-- [ RunTime:0.000648s ]

[ 2015-06-23T17:47:10+08:00 ] ::1 /1977hs/admin.php/Index/getApplicationCount.html
INFO: [ app_init ] --START--
INFO: Run Behavior\BuildLiteBehavior [ RunTime:0.000011s ]
INFO: [ app_init ] --END-- [ RunTime:0.000050s ]
INFO: [ app_begin ] --START--
INFO: Run Behavior\ReadHtmlCacheBehavior [ RunTime:0.000277s ]
INFO: [ app_begin ] --END-- [ RunTime:0.000306s ]
SQL: SHOW COLUMNS FROM `hs_application` [ RunTime:0.0015s ]
SQL: SELECT COUNT(*) AS tp_count FROM `hs_application` WHERE `is_read` = 0 AND `is_active` = 1 LIMIT 1   [ RunTime:0.0003s ]

[ 2015-06-23T17:47:13+08:00 ] ::1 /1977hs/admin.php/Works/index.html
INFO: [ app_init ] --START--
INFO: Run Behavior\BuildLiteBehavior [ RunTime:0.000013s ]
INFO: [ app_init ] --END-- [ RunTime:0.000063s ]
INFO: [ app_begin ] --START--
INFO: Run Behavior\ReadHtmlCacheBehavior [ RunTime:0.000332s ]
INFO: [ app_begin ] --END-- [ RunTime:0.000383s ]
SQL: SHOW COLUMNS FROM `hs_works` [ RunTime:0.0013s ]
SQL: SELECT * FROM `hs_works` WHERE `type` = 'SUMIAO' ORDER BY sort  [ RunTime:0.0211s ]
SQL: SELECT * FROM `hs_works` WHERE `type` = 'SECAI' ORDER BY sort  [ RunTime:0.0005s ]
SQL: SELECT * FROM `hs_works` WHERE `type` = 'SUXIE' ORDER BY sort  [ RunTime:0.0003s ]
SQL: SELECT * FROM `hs_works` WHERE `type` = 'STUDENT' ORDER BY sort  [ RunTime:0.0002s ]
INFO: [ view_parse ] --START--
INFO: [ template_filter ] --START--
INFO: Run Behavior\ContentReplaceBehavior [ RunTime:0.000072s ]
INFO: [ template_filter ] --END-- [ RunTime:0.000134s ]
INFO: Run Behavior\ParseTemplateBehavior [ RunTime:0.051589s ]
INFO: [ view_parse ] --END-- [ RunTime:0.051653s ]
INFO: [ view_filter ] --START--
INFO: Run Behavior\WriteHtmlCacheBehavior [ RunTime:0.000190s ]
INFO: [ view_filter ] --END-- [ RunTime:0.000240s ]
INFO: [ app_end ] --START--
INFO: Run Behavior\ShowPageTraceBehavior [ RunTime:0.000789s ]
INFO: [ app_end ] --END-- [ RunTime:0.000882s ]

[ 2015-06-23T17:47:14+08:00 ] ::1 /1977hs/admin.php/Index/getApplicationCount.html
INFO: [ app_init ] --START--
INFO: Run Behavior\BuildLiteBehavior [ RunTime:0.000017s ]
INFO: [ app_init ] --END-- [ RunTime:0.000087s ]
INFO: [ app_begin ] --START--
INFO: Run Behavior\ReadHtmlCacheBehavior [ RunTime:0.000564s ]
INFO: [ app_begin ] --END-- [ RunTime:0.000644s ]
SQL: SHOW COLUMNS FROM `hs_application` [ RunTime:0.4820s ]
SQL: SELECT COUNT(*) AS tp_count FROM `hs_application` WHERE `is_read` = 0 AND `is_active` = 1 LIMIT 1   [ RunTime:0.0006s ]

[ 2015-06-23T20:18:30+08:00 ] ::1 /1977hs/admin.php/Login/loginout.html
INFO: [ app_init ] --START--
INFO: Run Behavior\BuildLiteBehavior [ RunTime:0.000025s ]
INFO: [ app_init ] --END-- [ RunTime:0.000155s ]
INFO: [ app_begin ] --START--
INFO: Run Behavior\ReadHtmlCacheBehavior [ RunTime:0.000746s ]
INFO: [ app_begin ] --END-- [ RunTime:0.000857s ]
INFO: [ view_parse ] --START--
INFO: [ template_filter ] --START--
INFO: Run Behavior\ContentReplaceBehavior [ RunTime:0.000037s ]
INFO: [ template_filter ] --END-- [ RunTime:0.000103s ]
INFO: Run Behavior\ParseTemplateBehavior [ RunTime:0.030756s ]
INFO: [ view_parse ] --END-- [ RunTime:0.030833s ]
INFO: [ view_filter ] --START--
INFO: Run Behavior\WriteHtmlCacheBehavior [ RunTime:0.000188s ]
INFO: [ view_filter ] --END-- [ RunTime:0.000227s ]
INFO: [ app_end ] --START--
INFO: Run Behavior\ShowPageTraceBehavior [ RunTime:0.000473s ]
INFO: [ app_end ] --END-- [ RunTime:0.000549s ]

[ 2015-06-23T20:18:31+08:00 ] ::1 /1977hs/admin.php/Index/index.html
INFO: [ app_init ] --START--
INFO: Run Behavior\BuildLiteBehavior [ RunTime:0.000012s ]
INFO: [ app_init ] --END-- [ RunTime:0.000062s ]
INFO: [ app_begin ] --START--
INFO: Run Behavior\ReadHtmlCacheBehavior [ RunTime:0.000296s ]
INFO: [ app_begin ] --END-- [ RunTime:0.000332s ]
INFO: [ view_parse ] --START--
INFO: [ template_filter ] --START--
INFO: Run Behavior\ContentReplaceBehavior [ RunTime:0.000047s ]
INFO: [ template_filter ] --END-- [ RunTime:0.000105s ]
INFO: Run Behavior\ParseTemplateBehavior [ RunTime:0.013274s ]
INFO: [ view_parse ] --END-- [ RunTime:0.013327s ]
INFO: [ view_filter ] --START--
INFO: Run Behavior\WriteHtmlCacheBehavior [ RunTime:0.000144s ]
INFO: [ view_filter ] --END-- [ RunTime:0.000177s ]
INFO: [ app_end ] --START--
INFO: Run Behavior\ShowPageTraceBehavior [ RunTime:0.000532s ]
INFO: [ app_end ] --END-- [ RunTime:0.000601s ]

[ 2015-06-23T20:18:31+08:00 ] ::1 /1977hs/admin.php/Login/index.html
INFO: [ app_init ] --START--
INFO: Run Behavior\BuildLiteBehavior [ RunTime:0.000011s ]
INFO: [ app_init ] --END-- [ RunTime:0.000052s ]
INFO: [ app_begin ] --START--
INFO: Run Behavior\ReadHtmlCacheBehavior [ RunTime:0.000347s ]
INFO: [ app_begin ] --END-- [ RunTime:0.000395s ]
INFO: [ view_parse ] --START--
INFO: [ template_filter ] --START--
INFO: Run Behavior\ContentReplaceBehavior [ RunTime:0.000035s ]
INFO: [ template_filter ] --END-- [ RunTime:0.000096s ]
INFO: Run Behavior\ParseTemplateBehavior [ RunTime:0.091354s ]
INFO: [ view_parse ] --END-- [ RunTime:0.091392s ]
INFO: [ view_filter ] --START--
INFO: Run Behavior\WriteHtmlCacheBehavior [ RunTime:0.000137s ]
INFO: [ view_filter ] --END-- [ RunTime:0.000174s ]
INFO: [ app_end ] --START--
INFO: Run Behavior\ShowPageTraceBehavior [ RunTime:0.000408s ]
INFO: [ app_end ] --END-- [ RunTime:0.000445s ]

[ 2015-06-23T21:07:59+08:00 ] ::1 /1977hs/admin.php/
INFO: [ app_init ] --START--
INFO: Run Behavior\BuildLiteBehavior [ RunTime:0.000013s ]
INFO: [ app_init ] --END-- [ RunTime:0.000058s ]
INFO: [ app_begin ] --START--
INFO: Run Behavior\ReadHtmlCacheBehavior [ RunTime:0.000536s ]
INFO: [ app_begin ] --END-- [ RunTime:0.000611s ]
INFO: [ view_parse ] --START--
INFO: [ template_filter ] --START--
INFO: Run Behavior\ContentReplaceBehavior [ RunTime:0.000067s ]
INFO: [ template_filter ] --END-- [ RunTime:0.000148s ]
INFO: Run Behavior\ParseTemplateBehavior [ RunTime:0.023071s ]
INFO: [ view_parse ] --END-- [ RunTime:0.023138s ]
INFO: [ view_filter ] --START--
INFO: Run Behavior\WriteHtmlCacheBehavior [ RunTime:0.000179s ]
INFO: [ view_filter ] --END-- [ RunTime:0.000219s ]
INFO: [ app_end ] --START--
INFO: Run Behavior\ShowPageTraceBehavior [ RunTime:0.000578s ]
INFO: [ app_end ] --END-- [ RunTime:0.000644s ]

[ 2015-06-23T21:07:59+08:00 ] ::1 /1977hs/admin.php/Login/index.html
INFO: [ app_init ] --START--
INFO: Run Behavior\BuildLiteBehavior [ RunTime:0.000012s ]
INFO: [ app_init ] --END-- [ RunTime:0.000052s ]
INFO: [ app_begin ] --START--
INFO: Run Behavior\ReadHtmlCacheBehavior [ RunTime:0.000498s ]
INFO: [ app_begin ] --END-- [ RunTime:0.000570s ]
INFO: [ view_parse ] --START--
INFO: [ template_filter ] --START--
INFO: Run Behavior\ContentReplaceBehavior [ RunTime:0.000030s ]
INFO: [ template_filter ] --END-- [ RunTime:0.000082s ]
INFO: Run Behavior\ParseTemplateBehavior [ RunTime:0.078178s ]
INFO: [ view_parse ] --END-- [ RunTime:0.078236s ]
INFO: [ view_filter ] --START--
INFO: Run Behavior\WriteHtmlCacheBehavior [ RunTime:0.000125s ]
INFO: [ view_filter ] --END-- [ RunTime:0.000153s ]
INFO: [ app_end ] --START--
INFO: Run Behavior\ShowPageTraceBehavior [ RunTime:0.000314s ]
INFO: [ app_end ] --END-- [ RunTime:0.000343s ]

[ 2015-06-23T21:08:01+08:00 ] ::1 /1977hs/admin.php/Login/verify.html
INFO: [ app_init ] --START--
INFO: Run Behavior\BuildLiteBehavior [ RunTime:0.000011s ]
INFO: [ app_init ] --END-- [ RunTime:0.000056s ]
INFO: [ app_begin ] --START--
INFO: Run Behavior\ReadHtmlCacheBehavior [ RunTime:0.000301s ]
INFO: [ app_begin ] --END-- [ RunTime:0.000338s ]
SQL: SHOW COLUMNS FROM `hs_admin` [ RunTime:0.0015s ]
SQL: SELECT * FROM `hs_admin` WHERE `loginname` = 'admin' LIMIT 1   [ RunTime:0.0497s ]
SQL: UPDATE `hs_admin` SET `last_login_time`='2015-06-23 21:08:01' WHERE `id` = 1 [ RunTime:0.0762s ]
INFO: [ view_parse ] --START--
INFO: [ template_filter ] --START--
INFO: Run Behavior\ContentReplaceBehavior [ RunTime:0.000100s ]
INFO: [ template_filter ] --END-- [ RunTime:0.000221s ]
INFO: Run Behavior\ParseTemplateBehavior [ RunTime:0.004458s ]
INFO: [ view_parse ] --END-- [ RunTime:0.004512s ]
INFO: [ view_filter ] --START--
INFO: Run Behavior\WriteHtmlCacheBehavior [ RunTime:0.000131s ]
INFO: [ view_filter ] --END-- [ RunTime:0.000163s ]
INFO: [ app_end ] --START--
INFO: Run Behavior\ShowPageTraceBehavior [ RunTime:0.000432s ]
INFO: [ app_end ] --END-- [ RunTime:0.000485s ]

[ 2015-06-23T21:08:02+08:00 ] ::1 /1977hs/admin.php/Index/index.html
INFO: [ app_init ] --START--
INFO: Run Behavior\BuildLiteBehavior [ RunTime:0.000010s ]
INFO: [ app_init ] --END-- [ RunTime:0.000051s ]
INFO: [ app_begin ] --START--
INFO: Run Behavior\ReadHtmlCacheBehavior [ RunTime:0.000297s ]
INFO: [ app_begin ] --END-- [ RunTime:0.000333s ]
INFO: [ view_parse ] --START--
INFO: [ template_filter ] --START--
INFO: Run Behavior\ContentReplaceBehavior [ RunTime:0.000058s ]
INFO: [ template_filter ] --END-- [ RunTime:0.000119s ]
INFO: Run Behavior\ParseTemplateBehavior [ RunTime:0.007328s ]
INFO: [ view_parse ] --END-- [ RunTime:0.007384s ]
INFO: [ view_filter ] --START--
INFO: Run Behavior\WriteHtmlCacheBehavior [ RunTime:0.000208s ]
INFO: [ view_filter ] --END-- [ RunTime:0.000242s ]
INFO: [ app_end ] --START--
INFO: Run Behavior\ShowPageTraceBehavior [ RunTime:0.000576s ]
INFO: [ app_end ] --END-- [ RunTime:0.000658s ]

[ 2015-06-23T21:08:03+08:00 ] ::1 /1977hs/admin.php/Webinfo/index.html
INFO: [ app_init ] --START--
INFO: Run Behavior\BuildLiteBehavior [ RunTime:0.000016s ]
INFO: [ app_init ] --END-- [ RunTime:0.000076s ]
INFO: [ app_begin ] --START--
INFO: Run Behavior\ReadHtmlCacheBehavior [ RunTime:0.000337s ]
INFO: [ app_begin ] --END-- [ RunTime:0.000430s ]
SQL: SHOW COLUMNS FROM `hs_visitor` [ RunTime:0.0012s ]
SQL: SELECT * FROM `hs_visitor`  [ RunTime:0.0005s ]
SQL: SELECT * FROM `hs_visitor`  [ RunTime:0.0007s ]
SQL: SHOW COLUMNS FROM `hs_webinfo` [ RunTime:0.0213s ]
SQL: SELECT * FROM `hs_webinfo` WHERE `type` = 'PHONE' LIMIT 1   [ RunTime:0.0005s ]
SQL: SELECT * FROM `hs_webinfo` WHERE `type` = 'BEIAN' LIMIT 1   [ RunTime:0.0004s ]
SQL: SELECT * FROM `hs_webinfo` WHERE `type` = 'BANQUAN' LIMIT 1   [ RunTime:0.0003s ]
SQL: SELECT * FROM `hs_webinfo` WHERE `type` = 'ADDRESS' LIMIT 1   [ RunTime:0.0003s ]
INFO: [ view_parse ] --START--
INFO: [ template_filter ] --START--
INFO: Run Behavior\ContentReplaceBehavior [ RunTime:0.000062s ]
INFO: [ template_filter ] --END-- [ RunTime:0.000113s ]
INFO: Run Behavior\ParseTemplateBehavior [ RunTime:0.038885s ]
INFO: [ view_parse ] --END-- [ RunTime:0.038950s ]
INFO: [ view_filter ] --START--
INFO: Run Behavior\WriteHtmlCacheBehavior [ RunTime:0.000131s ]
INFO: [ view_filter ] --END-- [ RunTime:0.000160s ]
INFO: [ app_end ] --START--
INFO: Run Behavior\ShowPageTraceBehavior [ RunTime:0.000453s ]
INFO: [ app_end ] --END-- [ RunTime:0.000515s ]

[ 2015-06-23T21:08:03+08:00 ] ::1 /1977hs/admin.php/Index/getApplicationCount.html
INFO: [ app_init ] --START--
INFO: Run Behavior\BuildLiteBehavior [ RunTime:0.000014s ]
INFO: [ app_init ] --END-- [ RunTime:0.000064s ]
INFO: [ app_begin ] --START--
INFO: Run Behavior\ReadHtmlCacheBehavior [ RunTime:0.000333s ]
INFO: [ app_begin ] --END-- [ RunTime:0.000372s ]
SQL: SHOW COLUMNS FROM `hs_application` [ RunTime:0.0110s ]
SQL: SELECT COUNT(*) AS tp_count FROM `hs_application` WHERE `is_read` = 0 AND `is_active` = 1 LIMIT 1   [ RunTime:0.3335s ]

[ 2015-06-23T21:08:03+08:00 ] ::1 /1977hs/admin.php/Index/getApplicationCount.html
INFO: [ app_init ] --START--
INFO: Run Behavior\BuildLiteBehavior [ RunTime:0.000012s ]
INFO: [ app_init ] --END-- [ RunTime:0.000053s ]
INFO: [ app_begin ] --START--
INFO: Run Behavior\ReadHtmlCacheBehavior [ RunTime:0.000306s ]
INFO: [ app_begin ] --END-- [ RunTime:0.000341s ]
SQL: SHOW COLUMNS FROM `hs_application` [ RunTime:0.0127s ]
SQL: SELECT COUNT(*) AS tp_count FROM `hs_application` WHERE `is_read` = 0 AND `is_active` = 1 LIMIT 1   [ RunTime:0.0005s ]

[ 2015-06-23T21:08:04+08:00 ] ::1 /1977hs/admin.php/Application/index.html
INFO: [ app_init ] --START--
INFO: Run Behavior\BuildLiteBehavior [ RunTime:0.000012s ]
INFO: [ app_init ] --END-- [ RunTime:0.000056s ]
INFO: [ app_begin ] --START--
INFO: Run Behavior\ReadHtmlCacheBehavior [ RunTime:0.000317s ]
INFO: [ app_begin ] --END-- [ RunTime:0.000357s ]
NOTIC: [8] Undefined index: p /Applications/XAMPP/xamppfiles/htdocs/1977hs/Admin/Home/Controller/ApplicationController.class.php 第 14 行.
SQL: SHOW COLUMNS FROM `hs_application` [ RunTime:0.0014s ]
SQL: SELECT * FROM `hs_application` WHERE `is_active` = 1 ORDER BY id desc LIMIT 0,11   [ RunTime:0.0004s ]
SQL: SELECT COUNT(*) AS tp_count FROM `hs_application` LIMIT 1   [ RunTime:0.0002s ]
SQL: SELECT COUNT(*) AS tp_count FROM `hs_application` WHERE `is_read` = 0 AND `is_active` = 1 LIMIT 1   [ RunTime:0.0004s ]
INFO: [ view_parse ] --START--
INFO: [ template_filter ] --START--
INFO: Run Behavior\ContentReplaceBehavior [ RunTime:0.000034s ]
INFO: [ template_filter ] --END-- [ RunTime:0.000086s ]
INFO: Run Behavior\ParseTemplateBehavior [ RunTime:0.023162s ]
INFO: [ view_parse ] --END-- [ RunTime:0.023211s ]
INFO: [ view_filter ] --START--
INFO: Run Behavior\WriteHtmlCacheBehavior [ RunTime:0.000140s ]
INFO: [ view_filter ] --END-- [ RunTime:0.000172s ]
INFO: [ app_end ] --START--
INFO: Run Behavior\ShowPageTraceBehavior [ RunTime:0.000388s ]
INFO: [ app_end ] --END-- [ RunTime:0.000438s ]

[ 2015-06-23T21:08:04+08:00 ] ::1 /1977hs/admin.php/Index/getApplicationCount.html
INFO: [ app_init ] --START--
INFO: Run Behavior\BuildLiteBehavior [ RunTime:0.000012s ]
INFO: [ app_init ] --END-- [ RunTime:0.000054s ]
INFO: [ app_begin ] --START--
INFO: Run Behavior\ReadHtmlCacheBehavior [ RunTime:0.000325s ]
INFO: [ app_begin ] --END-- [ RunTime:0.000364s ]
SQL: SHOW COLUMNS FROM `hs_application` [ RunTime:0.0013s ]
SQL: SELECT COUNT(*) AS tp_count FROM `hs_application` WHERE `is_read` = 0 AND `is_active` = 1 LIMIT 1   [ RunTime:0.0003s ]

[ 2015-06-23T21:08:06+08:00 ] ::1 /1977hs/admin.php/Application/watch.html?id=4
INFO: [ app_init ] --START--
INFO: Run Behavior\BuildLiteBehavior [ RunTime:0.000012s ]
INFO: [ app_init ] --END-- [ RunTime:0.000052s ]
INFO: [ app_begin ] --START--
INFO: Run Behavior\ReadHtmlCacheBehavior [ RunTime:0.000308s ]
INFO: [ app_begin ] --END-- [ RunTime:0.000348s ]
SQL: SHOW COLUMNS FROM `hs_application` [ RunTime:0.0014s ]
SQL: SELECT * FROM `hs_application` WHERE `id` = 4 LIMIT 1   [ RunTime:0.0003s ]
INFO: [ view_parse ] --START--
INFO: [ template_filter ] --START--
INFO: Run Behavior\ContentReplaceBehavior [ RunTime:0.000031s ]
INFO: [ template_filter ] --END-- [ RunTime:0.000078s ]
INFO: Run Behavior\ParseTemplateBehavior [ RunTime:0.013339s ]
INFO: [ view_parse ] --END-- [ RunTime:0.013400s ]
INFO: [ view_filter ] --START--
INFO: Run Behavior\WriteHtmlCacheBehavior [ RunTime:0.000198s ]
INFO: [ view_filter ] --END-- [ RunTime:0.000249s ]
INFO: [ app_end ] --START--
INFO: Run Behavior\ShowPageTraceBehavior [ RunTime:0.000483s ]
INFO: [ app_end ] --END-- [ RunTime:0.000530s ]

[ 2015-06-23T21:08:07+08:00 ] ::1 /1977hs/admin.php/Application/isRead_handle.html
INFO: [ app_init ] --START--
INFO: Run Behavior\BuildLiteBehavior [ RunTime:0.000012s ]
INFO: [ app_init ] --END-- [ RunTime:0.000058s ]
INFO: [ app_begin ] --START--
INFO: Run Behavior\ReadHtmlCacheBehavior [ RunTime:0.000328s ]
INFO: [ app_begin ] --END-- [ RunTime:0.000369s ]
SQL: SHOW COLUMNS FROM `hs_application` [ RunTime:0.0029s ]
SQL: UPDATE `hs_application` SET `is_read`='1' WHERE `id` = 4 [ RunTime:0.0327s ]
INFO: [ view_parse ] --START--
INFO: [ template_filter ] --START--
INFO: Run Behavior\ContentReplaceBehavior [ RunTime:0.000044s ]
INFO: [ template_filter ] --END-- [ RunTime:0.000124s ]
INFO: Run Behavior\ParseTemplateBehavior [ RunTime:0.006504s ]
INFO: [ view_parse ] --END-- [ RunTime:0.006583s ]
INFO: [ view_filter ] --START--
INFO: Run Behavior\WriteHtmlCacheBehavior [ RunTime:0.000177s ]
INFO: [ view_filter ] --END-- [ RunTime:0.000226s ]
INFO: [ app_end ] --START--
INFO: Run Behavior\ShowPageTraceBehavior [ RunTime:0.000522s ]
INFO: [ app_end ] --END-- [ RunTime:0.000694s ]

[ 2015-06-23T21:08:08+08:00 ] ::1 /1977hs/admin.php/Application/index.html
INFO: [ app_init ] --START--
INFO: Run Behavior\BuildLiteBehavior [ RunTime:0.000011s ]
INFO: [ app_init ] --END-- [ RunTime:0.000056s ]
INFO: [ app_begin ] --START--
INFO: Run Behavior\ReadHtmlCacheBehavior [ RunTime:0.000304s ]
INFO: [ app_begin ] --END-- [ RunTime:0.000340s ]
NOTIC: [8] Undefined index: p /Applications/XAMPP/xamppfiles/htdocs/1977hs/Admin/Home/Controller/ApplicationController.class.php 第 14 行.
SQL: SHOW COLUMNS FROM `hs_application` [ RunTime:0.0015s ]
SQL: SELECT * FROM `hs_application` WHERE `is_active` = 1 ORDER BY id desc LIMIT 0,11   [ RunTime:0.0003s ]
SQL: SELECT COUNT(*) AS tp_count FROM `hs_application` LIMIT 1   [ RunTime:0.0002s ]
SQL: SELECT COUNT(*) AS tp_count FROM `hs_application` WHERE `is_read` = 0 AND `is_active` = 1 LIMIT 1   [ RunTime:0.0003s ]
INFO: [ view_parse ] --START--
INFO: [ template_filter ] --START--
INFO: Run Behavior\ContentReplaceBehavior [ RunTime:0.000033s ]
INFO: [ template_filter ] --END-- [ RunTime:0.000084s ]
INFO: Run Behavior\ParseTemplateBehavior [ RunTime:0.006526s ]
INFO: [ view_parse ] --END-- [ RunTime:0.006575s ]
INFO: [ view_filter ] --START--
INFO: Run Behavior\WriteHtmlCacheBehavior [ RunTime:0.000142s ]
INFO: [ view_filter ] --END-- [ RunTime:0.000173s ]
INFO: [ app_end ] --START--
INFO: Run Behavior\ShowPageTraceBehavior [ RunTime:0.000712s ]
INFO: [ app_end ] --END-- [ RunTime:0.000839s ]

[ 2015-06-23T21:08:08+08:00 ] ::1 /1977hs/admin.php/Index/getApplicationCount.html
INFO: [ app_init ] --START--
INFO: Run Behavior\BuildLiteBehavior [ RunTime:0.000018s ]
INFO: [ app_init ] --END-- [ RunTime:0.000085s ]
INFO: [ app_begin ] --START--
INFO: Run Behavior\ReadHtmlCacheBehavior [ RunTime:0.000500s ]
INFO: [ app_begin ] --END-- [ RunTime:0.000558s ]
SQL: SHOW COLUMNS FROM `hs_application` [ RunTime:0.0020s ]
SQL: SELECT COUNT(*) AS tp_count FROM `hs_application` WHERE `is_read` = 0 AND `is_active` = 1 LIMIT 1   [ RunTime:0.0004s ]

[ 2015-06-23T21:08:10+08:00 ] ::1 /1977hs/admin.php/Application/index.html
INFO: [ app_init ] --START--
INFO: Run Behavior\BuildLiteBehavior [ RunTime:0.000012s ]
INFO: [ app_init ] --END-- [ RunTime:0.000055s ]
INFO: [ app_begin ] --START--
INFO: Run Behavior\ReadHtmlCacheBehavior [ RunTime:0.000322s ]
INFO: [ app_begin ] --END-- [ RunTime:0.000362s ]
NOTIC: [8] Undefined index: p /Applications/XAMPP/xamppfiles/htdocs/1977hs/Admin/Home/Controller/ApplicationController.class.php 第 14 行.
SQL: SHOW COLUMNS FROM `hs_application` [ RunTime:0.0017s ]
SQL: SELECT * FROM `hs_application` WHERE `is_active` = 1 ORDER BY id desc LIMIT 0,11   [ RunTime:0.0003s ]
SQL: SELECT COUNT(*) AS tp_count FROM `hs_application` LIMIT 1   [ RunTime:0.0002s ]
SQL: SELECT COUNT(*) AS tp_count FROM `hs_application` WHERE `is_read` = 0 AND `is_active` = 1 LIMIT 1   [ RunTime:0.0002s ]
INFO: [ view_parse ] --START--
INFO: [ template_filter ] --START--
INFO: Run Behavior\ContentReplaceBehavior [ RunTime:0.000036s ]
INFO: [ template_filter ] --END-- [ RunTime:0.000097s ]
INFO: Run Behavior\ParseTemplateBehavior [ RunTime:0.007806s ]
INFO: [ view_parse ] --END-- [ RunTime:0.007882s ]
INFO: [ view_filter ] --START--
INFO: Run Behavior\WriteHtmlCacheBehavior [ RunTime:0.000257s ]
INFO: [ view_filter ] --END-- [ RunTime:0.000332s ]
INFO: [ app_end ] --START--
INFO: Run Behavior\ShowPageTraceBehavior [ RunTime:0.000610s ]
INFO: [ app_end ] --END-- [ RunTime:0.000697s ]

[ 2015-06-23T21:08:10+08:00 ] ::1 /1977hs/admin.php/Index/getApplicationCount.html
INFO: [ app_init ] --START--
INFO: Run Behavior\BuildLiteBehavior [ RunTime:0.000017s ]
INFO: [ app_init ] --END-- [ RunTime:0.000087s ]
INFO: [ app_begin ] --START--
INFO: Run Behavior\ReadHtmlCacheBehavior [ RunTime:0.000606s ]
INFO: [ app_begin ] --END-- [ RunTime:0.000669s ]
SQL: SHOW COLUMNS FROM `hs_application` [ RunTime:0.0013s ]
SQL: SELECT COUNT(*) AS tp_count FROM `hs_application` WHERE `is_read` = 0 AND `is_active` = 1 LIMIT 1   [ RunTime:0.0004s ]

[ 2015-06-23T21:10:01+08:00 ] ::1 /1977hs/admin.php/Index/getApplicationCount.html
INFO: [ app_init ] --START--
INFO: Run Behavior\BuildLiteBehavior [ RunTime:0.000013s ]
INFO: [ app_init ] --END-- [ RunTime:0.000057s ]
INFO: [ app_begin ] --START--
INFO: Run Behavior\ReadHtmlCacheBehavior [ RunTime:0.000494s ]
INFO: [ app_begin ] --END-- [ RunTime:0.000554s ]
SQL: SHOW COLUMNS FROM `hs_application` [ RunTime:0.0018s ]
SQL: SELECT COUNT(*) AS tp_count FROM `hs_application` WHERE `is_read` = 0 AND `is_active` = 1 LIMIT 1   [ RunTime:0.0004s ]

[ 2015-06-23T21:10:01+08:00 ] ::1 /1977hs/admin.php/Index/getApplicationCount.html
INFO: [ app_init ] --START--
INFO: Run Behavior\BuildLiteBehavior [ RunTime:0.000011s ]
INFO: [ app_init ] --END-- [ RunTime:0.000052s ]
INFO: [ app_begin ] --START--
INFO: Run Behavior\ReadHtmlCacheBehavior [ RunTime:0.000310s ]
INFO: [ app_begin ] --END-- [ RunTime:0.000348s ]
SQL: SHOW COLUMNS FROM `hs_application` [ RunTime:0.0014s ]
SQL: SELECT COUNT(*) AS tp_count FROM `hs_application` WHERE `is_read` = 0 AND `is_active` = 1 LIMIT 1   [ RunTime:0.0003s ]

[ 2015-06-23T23:35:07+08:00 ] ::1 /1977hs/admin.php/
INFO: [ app_init ] --START--
INFO: Run Behavior\BuildLiteBehavior [ RunTime:0.000015s ]
INFO: [ app_init ] --END-- [ RunTime:0.000064s ]
INFO: [ app_begin ] --START--
INFO: Run Behavior\ReadHtmlCacheBehavior [ RunTime:0.000442s ]
INFO: [ app_begin ] --END-- [ RunTime:0.000508s ]
INFO: [ view_parse ] --START--
INFO: [ template_filter ] --START--
INFO: Run Behavior\ContentReplaceBehavior [ RunTime:0.000035s ]
INFO: [ template_filter ] --END-- [ RunTime:0.000083s ]
INFO: Run Behavior\ParseTemplateBehavior [ RunTime:0.034450s ]
INFO: [ view_parse ] --END-- [ RunTime:0.034520s ]
INFO: [ view_filter ] --START--
INFO: Run Behavior\WriteHtmlCacheBehavior [ RunTime:0.000227s ]
INFO: [ view_filter ] --END-- [ RunTime:0.000264s ]
INFO: [ app_end ] --START--
INFO: Run Behavior\ShowPageTraceBehavior [ RunTime:0.000422s ]
INFO: [ app_end ] --END-- [ RunTime:0.000475s ]

[ 2015-06-23T23:35:08+08:00 ] ::1 /1977hs/admin.php/Webinfo/index.html
INFO: [ app_init ] --START--
INFO: Run Behavior\BuildLiteBehavior [ RunTime:0.000014s ]
INFO: [ app_init ] --END-- [ RunTime:0.000068s ]
INFO: [ app_begin ] --START--
INFO: Run Behavior\ReadHtmlCacheBehavior [ RunTime:0.000458s ]
INFO: [ app_begin ] --END-- [ RunTime:0.000516s ]
SQL: SHOW COLUMNS FROM `hs_visitor` [ RunTime:0.2253s ]
SQL: SELECT * FROM `hs_visitor`  [ RunTime:0.0006s ]
SQL: SELECT * FROM `hs_visitor`  [ RunTime:0.0005s ]
SQL: SHOW COLUMNS FROM `hs_webinfo` [ RunTime:0.0587s ]
SQL: SELECT * FROM `hs_webinfo` WHERE `type` = 'PHONE' LIMIT 1   [ RunTime:0.0005s ]
SQL: SELECT * FROM `hs_webinfo` WHERE `type` = 'BEIAN' LIMIT 1   [ RunTime:0.0004s ]
SQL: SELECT * FROM `hs_webinfo` WHERE `type` = 'BANQUAN' LIMIT 1   [ RunTime:0.0004s ]
SQL: SELECT * FROM `hs_webinfo` WHERE `type` = 'ADDRESS' LIMIT 1   [ RunTime:0.0006s ]
INFO: [ view_parse ] --START--
INFO: [ template_filter ] --START--
INFO: Run Behavior\ContentReplaceBehavior [ RunTime:0.000054s ]
INFO: [ template_filter ] --END-- [ RunTime:0.000111s ]
INFO: Run Behavior\ParseTemplateBehavior [ RunTime:0.093047s ]
INFO: [ view_parse ] --END-- [ RunTime:0.093095s ]
INFO: [ view_filter ] --START--
INFO: Run Behavior\WriteHtmlCacheBehavior [ RunTime:0.000133s ]
INFO: [ view_filter ] --END-- [ RunTime:0.000166s ]
INFO: [ app_end ] --START--
INFO: Run Behavior\ShowPageTraceBehavior [ RunTime:0.000411s ]
INFO: [ app_end ] --END-- [ RunTime:0.000454s ]

[ 2015-06-23T23:35:09+08:00 ] ::1 /1977hs/admin.php/Index/getApplicationCount.html
INFO: [ app_init ] --START--
INFO: Run Behavior\BuildLiteBehavior [ RunTime:0.000018s ]
INFO: [ app_init ] --END-- [ RunTime:0.000090s ]
INFO: [ app_begin ] --START--
INFO: Run Behavior\ReadHtmlCacheBehavior [ RunTime:0.000523s ]
INFO: [ app_begin ] --END-- [ RunTime:0.000585s ]
SQL: SHOW COLUMNS FROM `hs_application` [ RunTime:0.0019s ]
SQL: SELECT COUNT(*) AS tp_count FROM `hs_application` WHERE `is_read` = 0 AND `is_active` = 1 LIMIT 1   [ RunTime:0.0005s ]

[ 2015-06-23T23:35:09+08:00 ] ::1 /1977hs/admin.php/Index/getApplicationCount.html
INFO: [ app_init ] --START--
INFO: Run Behavior\BuildLiteBehavior [ RunTime:0.000011s ]
INFO: [ app_init ] --END-- [ RunTime:0.000052s ]
INFO: [ app_begin ] --START--
INFO: Run Behavior\ReadHtmlCacheBehavior [ RunTime:0.000435s ]
INFO: [ app_begin ] --END-- [ RunTime:0.000481s ]
SQL: SHOW COLUMNS FROM `hs_application` [ RunTime:0.0025s ]
SQL: SELECT COUNT(*) AS tp_count FROM `hs_application` WHERE `is_read` = 0 AND `is_active` = 1 LIMIT 1   [ RunTime:0.0005s ]

[ 2015-06-23T23:35:10+08:00 ] ::1 /1977hs/admin.php/Aboutus/index.html
INFO: [ app_init ] --START--
INFO: Run Behavior\BuildLiteBehavior [ RunTime:0.000017s ]
INFO: [ app_init ] --END-- [ RunTime:0.000084s ]
INFO: [ app_begin ] --START--
INFO: Run Behavior\ReadHtmlCacheBehavior [ RunTime:0.000365s ]
INFO: [ app_begin ] --END-- [ RunTime:0.000421s ]
SQL: SHOW COLUMNS FROM `hs_picture` [ RunTime:0.0018s ]
SQL: SELECT * FROM `hs_picture` WHERE `type` = 'ABOUT' LIMIT 1   [ RunTime:0.0004s ]
SQL: SHOW COLUMNS FROM `hs_text` [ RunTime:0.0016s ]
SQL: SELECT * FROM `hs_text` WHERE `type` = 'INTRODUCTION' LIMIT 1   [ RunTime:0.0005s ]
SQL: SELECT * FROM `hs_text` WHERE `type` = 'SPECIAL' LIMIT 1   [ RunTime:0.0003s ]
SQL: SHOW COLUMNS FROM `hs_video` [ RunTime:0.0014s ]
SQL: SELECT * FROM `hs_video` WHERE `type` = 'ABOUT' LIMIT 1   [ RunTime:0.0003s ]
INFO: [ view_parse ] --START--
INFO: [ template_filter ] --START--
INFO: Run Behavior\ContentReplaceBehavior [ RunTime:0.000034s ]
INFO: [ template_filter ] --END-- [ RunTime:0.000082s ]
INFO: Run Behavior\ParseTemplateBehavior [ RunTime:0.029021s ]
INFO: [ view_parse ] --END-- [ RunTime:0.029071s ]
INFO: [ view_filter ] --START--
INFO: Run Behavior\WriteHtmlCacheBehavior [ RunTime:0.000163s ]
INFO: [ view_filter ] --END-- [ RunTime:0.000194s ]
INFO: [ app_end ] --START--
INFO: Run Behavior\ShowPageTraceBehavior [ RunTime:0.000503s ]
INFO: [ app_end ] --END-- [ RunTime:0.000575s ]

[ 2015-06-23T23:35:13+08:00 ] ::1 /1977hs/admin.php/Strength/index.html
INFO: [ app_init ] --START--
INFO: Run Behavior\BuildLiteBehavior [ RunTime:0.000012s ]
INFO: [ app_init ] --END-- [ RunTime:0.000055s ]
INFO: [ app_begin ] --START--
INFO: Run Behavior\ReadHtmlCacheBehavior [ RunTime:0.000321s ]
INFO: [ app_begin ] --END-- [ RunTime:0.000354s ]
SQL: SHOW COLUMNS FROM `hs_teacher` [ RunTime:0.0015s ]
SQL: SELECT * FROM `hs_teacher` ORDER BY sort  [ RunTime:0.0003s ]
SQL: SHOW COLUMNS FROM `hs_text` [ RunTime:0.0011s ]
SQL: SELECT * FROM `hs_text` WHERE `type` = 'TEACHER' LIMIT 1   [ RunTime:0.0003s ]
SQL: SHOW COLUMNS FROM `hs_achievement` [ RunTime:0.0014s ]
SQL: SELECT * FROM `hs_achievement` ORDER BY sort  [ RunTime:0.0004s ]
SQL: SHOW COLUMNS FROM `hs_picture` [ RunTime:0.0014s ]
SQL: SELECT * FROM `hs_picture` WHERE `type` = 'ACHIEVEMENT' LIMIT 1   [ RunTime:0.0003s ]
SQL: SELECT * FROM `hs_picture` WHERE `type` = 'WORKS' LIMIT 1   [ RunTime:0.0003s ]
SQL: SELECT * FROM `hs_picture` WHERE `type` = 'ENVIRONMENT' LIMIT 1   [ RunTime:0.0002s ]
INFO: [ view_parse ] --START--
INFO: [ template_filter ] --START--
INFO: Run Behavior\ContentReplaceBehavior [ RunTime:0.000066s ]
INFO: [ template_filter ] --END-- [ RunTime:0.000117s ]
INFO: Run Behavior\ParseTemplateBehavior [ RunTime:0.042893s ]
INFO: [ view_parse ] --END-- [ RunTime:0.042935s ]
INFO: [ view_filter ] --START--
INFO: Run Behavior\WriteHtmlCacheBehavior [ RunTime:0.000125s ]
INFO: [ view_filter ] --END-- [ RunTime:0.000153s ]
INFO: [ app_end ] --START--
INFO: Run Behavior\ShowPageTraceBehavior [ RunTime:0.000398s ]
INFO: [ app_end ] --END-- [ RunTime:0.000439s ]

[ 2015-06-23T23:35:13+08:00 ] ::1 /1977hs/admin.php/Index/getApplicationCount.html
INFO: [ app_init ] --START--
INFO: Run Behavior\BuildLiteBehavior [ RunTime:0.000011s ]
INFO: [ app_init ] --END-- [ RunTime:0.000051s ]
INFO: [ app_begin ] --START--
INFO: Run Behavior\ReadHtmlCacheBehavior [ RunTime:0.000384s ]
INFO: [ app_begin ] --END-- [ RunTime:0.000447s ]
SQL: SHOW COLUMNS FROM `hs_application` [ RunTime:0.0367s ]
SQL: SELECT COUNT(*) AS tp_count FROM `hs_application` WHERE `is_read` = 0 AND `is_active` = 1 LIMIT 1   [ RunTime:0.0004s ]

[ 2015-06-23T23:35:15+08:00 ] ::1 /1977hs/admin.php/Aboutus/index.html
INFO: [ app_init ] --START--
INFO: Run Behavior\BuildLiteBehavior [ RunTime:0.000012s ]
INFO: [ app_init ] --END-- [ RunTime:0.000054s ]
INFO: [ app_begin ] --START--
INFO: Run Behavior\ReadHtmlCacheBehavior [ RunTime:0.000534s ]
INFO: [ app_begin ] --END-- [ RunTime:0.000600s ]
SQL: SHOW COLUMNS FROM `hs_picture` [ RunTime:0.0137s ]
SQL: SELECT * FROM `hs_picture` WHERE `type` = 'ABOUT' LIMIT 1   [ RunTime:0.0005s ]
SQL: SHOW COLUMNS FROM `hs_text` [ RunTime:0.0020s ]
SQL: SELECT * FROM `hs_text` WHERE `type` = 'INTRODUCTION' LIMIT 1   [ RunTime:0.0004s ]
SQL: SELECT * FROM `hs_text` WHERE `type` = 'SPECIAL' LIMIT 1   [ RunTime:0.0003s ]
SQL: SHOW COLUMNS FROM `hs_video` [ RunTime:0.0014s ]
SQL: SELECT * FROM `hs_video` WHERE `type` = 'ABOUT' LIMIT 1   [ RunTime:0.0005s ]
INFO: [ view_parse ] --START--
INFO: [ template_filter ] --START--
INFO: Run Behavior\ContentReplaceBehavior [ RunTime:0.000053s ]
INFO: [ template_filter ] --END-- [ RunTime:0.000136s ]
INFO: Run Behavior\ParseTemplateBehavior [ RunTime:0.008238s ]
INFO: [ view_parse ] --END-- [ RunTime:0.008315s ]
INFO: [ view_filter ] --START--
INFO: Run Behavior\WriteHtmlCacheBehavior [ RunTime:0.000212s ]
INFO: [ view_filter ] --END-- [ RunTime:0.000260s ]
INFO: [ app_end ] --START--
INFO: Run Behavior\ShowPageTraceBehavior [ RunTime:0.000482s ]
INFO: [ app_end ] --END-- [ RunTime:0.000549s ]

[ 2015-06-23T23:35:19+08:00 ] ::1 /1977hs/admin.php/Strength/index.html
INFO: [ app_init ] --START--
INFO: Run Behavior\BuildLiteBehavior [ RunTime:0.000010s ]
INFO: [ app_init ] --END-- [ RunTime:0.000047s ]
INFO: [ app_begin ] --START--
INFO: Run Behavior\ReadHtmlCacheBehavior [ RunTime:0.000267s ]
INFO: [ app_begin ] --END-- [ RunTime:0.000299s ]
SQL: SHOW COLUMNS FROM `hs_teacher` [ RunTime:0.0026s ]
SQL: SELECT * FROM `hs_teacher` ORDER BY sort  [ RunTime:0.0006s ]
SQL: SHOW COLUMNS FROM `hs_text` [ RunTime:0.0017s ]
SQL: SELECT * FROM `hs_text` WHERE `type` = 'TEACHER' LIMIT 1   [ RunTime:0.0003s ]
SQL: SHOW COLUMNS FROM `hs_achievement` [ RunTime:0.0019s ]
SQL: SELECT * FROM `hs_achievement` ORDER BY sort  [ RunTime:0.0004s ]
SQL: SHOW COLUMNS FROM `hs_picture` [ RunTime:0.0016s ]
SQL: SELECT * FROM `hs_picture` WHERE `type` = 'ACHIEVEMENT' LIMIT 1   [ RunTime:0.0003s ]
SQL: SELECT * FROM `hs_picture` WHERE `type` = 'WORKS' LIMIT 1   [ RunTime:0.0003s ]
SQL: SELECT * FROM `hs_picture` WHERE `type` = 'ENVIRONMENT' LIMIT 1   [ RunTime:0.0003s ]
INFO: [ view_parse ] --START--
INFO: [ template_filter ] --START--
INFO: Run Behavior\ContentReplaceBehavior [ RunTime:0.000086s ]
INFO: [ template_filter ] --END-- [ RunTime:0.000140s ]
INFO: Run Behavior\ParseTemplateBehavior [ RunTime:0.014631s ]
INFO: [ view_parse ] --END-- [ RunTime:0.014690s ]
INFO: [ view_filter ] --START--
INFO: Run Behavior\WriteHtmlCacheBehavior [ RunTime:0.000175s ]
INFO: [ view_filter ] --END-- [ RunTime:0.000205s ]
INFO: [ app_end ] --START--
INFO: Run Behavior\ShowPageTraceBehavior [ RunTime:0.000396s ]
INFO: [ app_end ] --END-- [ RunTime:0.000441s ]

[ 2015-06-23T23:35:19+08:00 ] ::1 /1977hs/admin.php/Index/getApplicationCount.html
INFO: [ app_init ] --START--
INFO: Run Behavior\BuildLiteBehavior [ RunTime:0.000011s ]
INFO: [ app_init ] --END-- [ RunTime:0.000056s ]
INFO: [ app_begin ] --START--
INFO: Run Behavior\ReadHtmlCacheBehavior [ RunTime:0.000287s ]
INFO: [ app_begin ] --END-- [ RunTime:0.000316s ]
SQL: SHOW COLUMNS FROM `hs_application` [ RunTime:0.0015s ]
SQL: SELECT COUNT(*) AS tp_count FROM `hs_application` WHERE `is_read` = 0 AND `is_active` = 1 LIMIT 1   [ RunTime:0.0003s ]

[ 2015-06-23T23:35:22+08:00 ] ::1 /1977hs/admin.php/Admission/index.html
INFO: [ app_init ] --START--
INFO: Run Behavior\BuildLiteBehavior [ RunTime:0.000012s ]
INFO: [ app_init ] --END-- [ RunTime:0.000050s ]
INFO: [ app_begin ] --START--
INFO: Run Behavior\ReadHtmlCacheBehavior [ RunTime:0.000326s ]
INFO: [ app_begin ] --END-- [ RunTime:0.000361s ]
SQL: SHOW COLUMNS FROM `hs_admission` [ RunTime:0.0016s ]
SQL: SELECT * FROM `hs_admission`  [ RunTime:0.0003s ]
SQL: SHOW COLUMNS FROM `hs_text` [ RunTime:0.0014s ]
SQL: SELECT * FROM `hs_text` WHERE `type` = 'EDUCATION' LIMIT 1   [ RunTime:0.0003s ]
SQL: SELECT * FROM `hs_text` WHERE `type` = 'LIFE' LIMIT 1   [ RunTime:0.0002s ]
INFO: [ view_parse ] --START--
INFO: [ template_filter ] --START--
INFO: Run Behavior\ContentReplaceBehavior [ RunTime:0.000094s ]
INFO: [ template_filter ] --END-- [ RunTime:0.000157s ]
INFO: Run Behavior\ParseTemplateBehavior [ RunTime:0.032412s ]
INFO: [ view_parse ] --END-- [ RunTime:0.032451s ]
INFO: [ view_filter ] --START--
INFO: Run Behavior\WriteHtmlCacheBehavior [ RunTime:0.000116s ]
INFO: [ view_filter ] --END-- [ RunTime:0.000145s ]
INFO: [ app_end ] --START--
INFO: Run Behavior\ShowPageTraceBehavior [ RunTime:0.000539s ]
INFO: [ app_end ] --END-- [ RunTime:0.000631s ]

[ 2015-06-23T23:35:22+08:00 ] ::1 /1977hs/admin.php/Index/getApplicationCount.html
INFO: [ app_init ] --START--
INFO: Run Behavior\BuildLiteBehavior [ RunTime:0.000014s ]
INFO: [ app_init ] --END-- [ RunTime:0.000076s ]
INFO: [ app_begin ] --START--
INFO: Run Behavior\ReadHtmlCacheBehavior [ RunTime:0.000587s ]
INFO: [ app_begin ] --END-- [ RunTime:0.000677s ]
SQL: SHOW COLUMNS FROM `hs_application` [ RunTime:0.0484s ]
SQL: SELECT COUNT(*) AS tp_count FROM `hs_application` WHERE `is_read` = 0 AND `is_active` = 1 LIMIT 1   [ RunTime:0.0004s ]

